[1.175s] Invoking command in '/home/mscrobotics2425laptop37/Documents/SystemsDesignProject/Team1Repository/objectDetection/attempt9-UsingSDK/attempt9.2/ros_ws/src/color_detection_pkg': PYTHONPATH=/home/mscrobotics2425laptop37/Documents/SystemsDesignProject/Team1Repository/objectDetection/attempt9-UsingSDK/attempt9.2/ros_ws/build/color_detection_pkg/prefix_override:/usr/lib/python3/dist-packages/colcon_core/task/python/colcon_distutils_commands:/home/mscrobotics2425laptop37/Documents/SystemsDesignProject/Team1Repository/objectDetection/attempt9-UsingSDK/attempt9.2/ros_ws/install/color_detection_pkg/lib/python3.10/site-packages:${PYTHONPATH} /usr/bin/python3 -W ignore:setup.py install is deprecated -W ignore:easy_install command is deprecated setup.py egg_info --egg-base ../../build/color_detection_pkg build --build-base /home/mscrobotics2425laptop37/Documents/SystemsDesignProject/Team1Repository/objectDetection/attempt9-UsingSDK/attempt9.2/ros_ws/build/color_detection_pkg/build install --record /home/mscrobotics2425laptop37/Documents/SystemsDesignProject/Team1Repository/objectDetection/attempt9-UsingSDK/attempt9.2/ros_ws/build/color_detection_pkg/install.log --single-version-externally-managed install_data
[1.382s] /home/mscrobotics2425laptop37/.local/lib/python3.10/site-packages/setuptools/_distutils/dist.py:270: UserWarning: Unknown distribution option: 'tests_require'
[1.382s]   warnings.warn(msg)
[1.500s] running egg_info
[1.534s] writing ../../build/color_detection_pkg/color_detection_pkg.egg-info/PKG-INFO
[1.536s] writing dependency_links to ../../build/color_detection_pkg/color_detection_pkg.egg-info/dependency_links.txt
[1.537s] writing entry points to ../../build/color_detection_pkg/color_detection_pkg.egg-info/entry_points.txt
[1.538s] writing requirements to ../../build/color_detection_pkg/color_detection_pkg.egg-info/requires.txt
[1.538s] writing top-level names to ../../build/color_detection_pkg/color_detection_pkg.egg-info/top_level.txt
[1.598s] reading manifest file '../../build/color_detection_pkg/color_detection_pkg.egg-info/SOURCES.txt'
[1.600s] writing manifest file '../../build/color_detection_pkg/color_detection_pkg.egg-info/SOURCES.txt'
[1.600s] running build
[1.600s] running build_py
[1.600s] copying color_detection_pkg/color_detection_publisher.py -> /home/mscrobotics2425laptop37/Documents/SystemsDesignProject/Team1Repository/objectDetection/attempt9-UsingSDK/attempt9.2/ros_ws/build/color_detection_pkg/build/lib/color_detection_pkg
[1.601s] copying color_detection_pkg/color_detection_subscriber.py -> /home/mscrobotics2425laptop37/Documents/SystemsDesignProject/Team1Repository/objectDetection/attempt9-UsingSDK/attempt9.2/ros_ws/build/color_detection_pkg/build/lib/color_detection_pkg
[1.601s] copying color_detection_pkg/__init__.py -> /home/mscrobotics2425laptop37/Documents/SystemsDesignProject/Team1Repository/objectDetection/attempt9-UsingSDK/attempt9.2/ros_ws/build/color_detection_pkg/build/lib/color_detection_pkg
[1.602s] running install
[1.611s] running install_lib
[1.659s] running install_data
[1.660s] copying resource/color_detection_pkg -> /home/mscrobotics2425laptop37/Documents/SystemsDesignProject/Team1Repository/objectDetection/attempt9-UsingSDK/attempt9.2/ros_ws/install/color_detection_pkg/share/ament_index/resource_index/packages
[1.661s] copying package.xml -> /home/mscrobotics2425laptop37/Documents/SystemsDesignProject/Team1Repository/objectDetection/attempt9-UsingSDK/attempt9.2/ros_ws/install/color_detection_pkg/share/color_detection_pkg
[1.662s] copying launch/color_detection_launch.py -> /home/mscrobotics2425laptop37/Documents/SystemsDesignProject/Team1Repository/objectDetection/attempt9-UsingSDK/attempt9.2/ros_ws/install/color_detection_pkg/share/color_detection_pkg/launch
[1.663s] running install_egg_info
[1.687s] removing '/home/mscrobotics2425laptop37/Documents/SystemsDesignProject/Team1Repository/objectDetection/attempt9-UsingSDK/attempt9.2/ros_ws/install/color_detection_pkg/lib/python3.10/site-packages/color_detection_pkg-0.0.0-py3.10.egg-info' (and everything under it)
[1.687s] Copying ../../build/color_detection_pkg/color_detection_pkg.egg-info to /home/mscrobotics2425laptop37/Documents/SystemsDesignProject/Team1Repository/objectDetection/attempt9-UsingSDK/attempt9.2/ros_ws/install/color_detection_pkg/lib/python3.10/site-packages/color_detection_pkg-0.0.0-py3.10.egg-info
[1.689s] running install_scripts
[1.903s] Installing color_detection_publisher script to /home/mscrobotics2425laptop37/Documents/SystemsDesignProject/Team1Repository/objectDetection/attempt9-UsingSDK/attempt9.2/ros_ws/install/color_detection_pkg/lib/color_detection_pkg
[1.903s] Installing color_detection_subscriber script to /home/mscrobotics2425laptop37/Documents/SystemsDesignProject/Team1Repository/objectDetection/attempt9-UsingSDK/attempt9.2/ros_ws/install/color_detection_pkg/lib/color_detection_pkg
[1.904s] writing list of installed files to '/home/mscrobotics2425laptop37/Documents/SystemsDesignProject/Team1Repository/objectDetection/attempt9-UsingSDK/attempt9.2/ros_ws/build/color_detection_pkg/install.log'
[1.974s] Invoked command in '/home/mscrobotics2425laptop37/Documents/SystemsDesignProject/Team1Repository/objectDetection/attempt9-UsingSDK/attempt9.2/ros_ws/src/color_detection_pkg' returned '0': PYTHONPATH=/home/mscrobotics2425laptop37/Documents/SystemsDesignProject/Team1Repository/objectDetection/attempt9-UsingSDK/attempt9.2/ros_ws/build/color_detection_pkg/prefix_override:/usr/lib/python3/dist-packages/colcon_core/task/python/colcon_distutils_commands:/home/mscrobotics2425laptop37/Documents/SystemsDesignProject/Team1Repository/objectDetection/attempt9-UsingSDK/attempt9.2/ros_ws/install/color_detection_pkg/lib/python3.10/site-packages:${PYTHONPATH} /usr/bin/python3 -W ignore:setup.py install is deprecated -W ignore:easy_install command is deprecated setup.py egg_info --egg-base ../../build/color_detection_pkg build --build-base /home/mscrobotics2425laptop37/Documents/SystemsDesignProject/Team1Repository/objectDetection/attempt9-UsingSDK/attempt9.2/ros_ws/build/color_detection_pkg/build install --record /home/mscrobotics2425laptop37/Documents/SystemsDesignProject/Team1Repository/objectDetection/attempt9-UsingSDK/attempt9.2/ros_ws/build/color_detection_pkg/install.log --single-version-externally-managed install_data
