-- Install configuration: ""
-- Up-to-date: /home/mscrobotics2425laptop35/leo_rover_simulation/ros2_ws/install/leo_navigation_tutorial_ros2/share/leo_navigation_tutorial_ros2/config
-- Up-to-date: /home/mscrobotics2425laptop35/leo_rover_simulation/ros2_ws/install/leo_navigation_tutorial_ros2/share/leo_navigation_tutorial_ros2/config/amcl.yaml
-- Up-to-date: /home/mscrobotics2425laptop35/leo_rover_simulation/ros2_ws/install/leo_navigation_tutorial_ros2/share/leo_navigation_tutorial_ros2/config/slam_gmapping.yaml
-- Up-to-date: /home/mscrobotics2425laptop35/leo_rover_simulation/ros2_ws/install/leo_navigation_tutorial_ros2/share/leo_navigation_tutorial_ros2/config/ekf_localization_node
-- Up-to-date: /home/mscrobotics2425laptop35/leo_rover_simulation/ros2_ws/install/leo_navigation_tutorial_ros2/share/leo_navigation_tutorial_ros2/config/ekf_localization_node/ekf_2d.yaml
-- Up-to-date: /home/mscrobotics2425laptop35/leo_rover_simulation/ros2_ws/install/leo_navigation_tutorial_ros2/share/leo_navigation_tutorial_ros2/config/ekf_localization_node/ekf_3d.yaml
-- Up-to-date: /home/mscrobotics2425laptop35/leo_rover_simulation/ros2_ws/install/leo_navigation_tutorial_ros2/share/leo_navigation_tutorial_ros2/config/imu_filter_node.yaml
-- Up-to-date: /home/mscrobotics2425laptop35/leo_rover_simulation/ros2_ws/install/leo_navigation_tutorial_ros2/share/leo_navigation_tutorial_ros2/config/twist_mux
-- Up-to-date: /home/mscrobotics2425laptop35/leo_rover_simulation/ros2_ws/install/leo_navigation_tutorial_ros2/share/leo_navigation_tutorial_ros2/config/twist_mux/locks.yaml
-- Up-to-date: /home/mscrobotics2425laptop35/leo_rover_simulation/ros2_ws/install/leo_navigation_tutorial_ros2/share/leo_navigation_tutorial_ros2/config/twist_mux/marker.yaml
-- Up-to-date: /home/mscrobotics2425laptop35/leo_rover_simulation/ros2_ws/install/leo_navigation_tutorial_ros2/share/leo_navigation_tutorial_ros2/config/twist_mux/topics.yaml
-- Up-to-date: /home/mscrobotics2425laptop35/leo_rover_simulation/ros2_ws/install/leo_navigation_tutorial_ros2/share/leo_navigation_tutorial_ros2/config/move_base
-- Up-to-date: /home/mscrobotics2425laptop35/leo_rover_simulation/ros2_ws/install/leo_navigation_tutorial_ros2/share/leo_navigation_tutorial_ros2/config/move_base/move_base.yaml
-- Up-to-date: /home/mscrobotics2425laptop35/leo_rover_simulation/ros2_ws/install/leo_navigation_tutorial_ros2/share/leo_navigation_tutorial_ros2/config/move_base/planners
-- Up-to-date: /home/mscrobotics2425laptop35/leo_rover_simulation/ros2_ws/install/leo_navigation_tutorial_ros2/share/leo_navigation_tutorial_ros2/config/move_base/planners/local_planner.yaml
-- Up-to-date: /home/mscrobotics2425laptop35/leo_rover_simulation/ros2_ws/install/leo_navigation_tutorial_ros2/share/leo_navigation_tutorial_ros2/config/move_base/planners/global_planner.yaml
-- Up-to-date: /home/mscrobotics2425laptop35/leo_rover_simulation/ros2_ws/install/leo_navigation_tutorial_ros2/share/leo_navigation_tutorial_ros2/config/move_base/costmaps
-- Up-to-date: /home/mscrobotics2425laptop35/leo_rover_simulation/ros2_ws/install/leo_navigation_tutorial_ros2/share/leo_navigation_tutorial_ros2/config/move_base/costmaps/local_costmap.yaml
-- Up-to-date: /home/mscrobotics2425laptop35/leo_rover_simulation/ros2_ws/install/leo_navigation_tutorial_ros2/share/leo_navigation_tutorial_ros2/config/move_base/costmaps/costmap_common.yaml
-- Up-to-date: /home/mscrobotics2425laptop35/leo_rover_simulation/ros2_ws/install/leo_navigation_tutorial_ros2/share/leo_navigation_tutorial_ros2/config/move_base/costmaps/global_costmap.yaml
-- Up-to-date: /home/mscrobotics2425laptop35/leo_rover_simulation/ros2_ws/install/leo_navigation_tutorial_ros2/share/leo_navigation_tutorial_ros2/launch
-- Installing: /home/mscrobotics2425laptop35/leo_rover_simulation/ros2_ws/install/leo_navigation_tutorial_ros2/share/leo_navigation_tutorial_ros2/launch/odometry.launch.py
-- Up-to-date: /home/mscrobotics2425laptop35/leo_rover_simulation/ros2_ws/install/leo_navigation_tutorial_ros2/share/ament_index/resource_index/package_run_dependencies/leo_navigation_tutorial_ros2
-- Up-to-date: /home/mscrobotics2425laptop35/leo_rover_simulation/ros2_ws/install/leo_navigation_tutorial_ros2/share/ament_index/resource_index/parent_prefix_path/leo_navigation_tutorial_ros2
-- Up-to-date: /home/mscrobotics2425laptop35/leo_rover_simulation/ros2_ws/install/leo_navigation_tutorial_ros2/share/leo_navigation_tutorial_ros2/environment/ament_prefix_path.sh
-- Up-to-date: /home/mscrobotics2425laptop35/leo_rover_simulation/ros2_ws/install/leo_navigation_tutorial_ros2/share/leo_navigation_tutorial_ros2/environment/ament_prefix_path.dsv
-- Up-to-date: /home/mscrobotics2425laptop35/leo_rover_simulation/ros2_ws/install/leo_navigation_tutorial_ros2/share/leo_navigation_tutorial_ros2/environment/path.sh
-- Up-to-date: /home/mscrobotics2425laptop35/leo_rover_simulation/ros2_ws/install/leo_navigation_tutorial_ros2/share/leo_navigation_tutorial_ros2/environment/path.dsv
-- Up-to-date: /home/mscrobotics2425laptop35/leo_rover_simulation/ros2_ws/install/leo_navigation_tutorial_ros2/share/leo_navigation_tutorial_ros2/local_setup.bash
-- Up-to-date: /home/mscrobotics2425laptop35/leo_rover_simulation/ros2_ws/install/leo_navigation_tutorial_ros2/share/leo_navigation_tutorial_ros2/local_setup.sh
-- Up-to-date: /home/mscrobotics2425laptop35/leo_rover_simulation/ros2_ws/install/leo_navigation_tutorial_ros2/share/leo_navigation_tutorial_ros2/local_setup.zsh
-- Up-to-date: /home/mscrobotics2425laptop35/leo_rover_simulation/ros2_ws/install/leo_navigation_tutorial_ros2/share/leo_navigation_tutorial_ros2/local_setup.dsv
-- Up-to-date: /home/mscrobotics2425laptop35/leo_rover_simulation/ros2_ws/install/leo_navigation_tutorial_ros2/share/leo_navigation_tutorial_ros2/package.dsv
-- Up-to-date: /home/mscrobotics2425laptop35/leo_rover_simulation/ros2_ws/install/leo_navigation_tutorial_ros2/share/ament_index/resource_index/packages/leo_navigation_tutorial_ros2
-- Up-to-date: /home/mscrobotics2425laptop35/leo_rover_simulation/ros2_ws/install/leo_navigation_tutorial_ros2/share/leo_navigation_tutorial_ros2/cmake/leo_navigation_tutorial_ros2Config.cmake
-- Up-to-date: /home/mscrobotics2425laptop35/leo_rover_simulation/ros2_ws/install/leo_navigation_tutorial_ros2/share/leo_navigation_tutorial_ros2/cmake/leo_navigation_tutorial_ros2Config-version.cmake
-- Up-to-date: /home/mscrobotics2425laptop35/leo_rover_simulation/ros2_ws/install/leo_navigation_tutorial_ros2/share/leo_navigation_tutorial_ros2/package.xml
