[0.766s] Invoking command in '/home/mscrobotics2425laptop37/Documents/SystemsDesignProject/Team1Repository/objectDetection/attempt9-UsingSDK/attempt9.3/ros_ws/src/color_detection_pkg': PYTHONPATH=/home/mscrobotics2425laptop37/Documents/SystemsDesignProject/Team1Repository/objectDetection/attempt9-UsingSDK/attempt9.3/ros_ws/build/color_detection_pkg/prefix_override:/usr/lib/python3/dist-packages/colcon_core/task/python/colcon_distutils_commands:/home/mscrobotics2425laptop37/Documents/SystemsDesignProject/Team1Repository/objectDetection/attempt9-UsingSDK/attempt9.3/ros_ws/install/color_detection_pkg/lib/python3.10/site-packages:${PYTHONPATH} /usr/bin/python3 -W ignore:setup.py install is deprecated -W ignore:easy_install command is deprecated setup.py egg_info --egg-base ../../build/color_detection_pkg build --build-base /home/mscrobotics2425laptop37/Documents/SystemsDesignProject/Team1Repository/objectDetection/attempt9-UsingSDK/attempt9.3/ros_ws/build/color_detection_pkg/build install --record /home/mscrobotics2425laptop37/Documents/SystemsDesignProject/Team1Repository/objectDetection/attempt9-UsingSDK/attempt9.3/ros_ws/build/color_detection_pkg/install.log --single-version-externally-managed install_data
[0.889s] /home/mscrobotics2425laptop37/.local/lib/python3.10/site-packages/setuptools/_distutils/dist.py:270: UserWarning: Unknown distribution option: 'tests_require'
[0.889s]   warnings.warn(msg)
[0.987s] running egg_info
[1.008s] writing ../../build/color_detection_pkg/color_detection_pkg.egg-info/PKG-INFO
[1.009s] writing dependency_links to ../../build/color_detection_pkg/color_detection_pkg.egg-info/dependency_links.txt
[1.010s] writing entry points to ../../build/color_detection_pkg/color_detection_pkg.egg-info/entry_points.txt
[1.010s] writing requirements to ../../build/color_detection_pkg/color_detection_pkg.egg-info/requires.txt
[1.011s] writing top-level names to ../../build/color_detection_pkg/color_detection_pkg.egg-info/top_level.txt
[1.065s] reading manifest file '../../build/color_detection_pkg/color_detection_pkg.egg-info/SOURCES.txt'
[1.067s] writing manifest file '../../build/color_detection_pkg/color_detection_pkg.egg-info/SOURCES.txt'
[1.067s] running build
[1.067s] running build_py
[1.067s] copying color_detection_pkg/color_detection_publisher.py -> /home/mscrobotics2425laptop37/Documents/SystemsDesignProject/Team1Repository/objectDetection/attempt9-UsingSDK/attempt9.3/ros_ws/build/color_detection_pkg/build/lib/color_detection_pkg
[1.068s] copying color_detection_pkg/color_detection_subscriber.py -> /home/mscrobotics2425laptop37/Documents/SystemsDesignProject/Team1Repository/objectDetection/attempt9-UsingSDK/attempt9.3/ros_ws/build/color_detection_pkg/build/lib/color_detection_pkg
[1.068s] copying color_detection_pkg/__init__.py -> /home/mscrobotics2425laptop37/Documents/SystemsDesignProject/Team1Repository/objectDetection/attempt9-UsingSDK/attempt9.3/ros_ws/build/color_detection_pkg/build/lib/color_detection_pkg
[1.069s] running install
[1.080s] running install_lib
[1.097s] copying /home/mscrobotics2425laptop37/Documents/SystemsDesignProject/Team1Repository/objectDetection/attempt9-UsingSDK/attempt9.3/ros_ws/build/color_detection_pkg/build/lib/color_detection_pkg/color_detection_publisher.py -> /home/mscrobotics2425laptop37/Documents/SystemsDesignProject/Team1Repository/objectDetection/attempt9-UsingSDK/attempt9.3/ros_ws/install/color_detection_pkg/lib/python3.10/site-packages/color_detection_pkg
[1.097s] copying /home/mscrobotics2425laptop37/Documents/SystemsDesignProject/Team1Repository/objectDetection/attempt9-UsingSDK/attempt9.3/ros_ws/build/color_detection_pkg/build/lib/color_detection_pkg/color_detection_subscriber.py -> /home/mscrobotics2425laptop37/Documents/SystemsDesignProject/Team1Repository/objectDetection/attempt9-UsingSDK/attempt9.3/ros_ws/install/color_detection_pkg/lib/python3.10/site-packages/color_detection_pkg
[1.098s] byte-compiling /home/mscrobotics2425laptop37/Documents/SystemsDesignProject/Team1Repository/objectDetection/attempt9-UsingSDK/attempt9.3/ros_ws/install/color_detection_pkg/lib/python3.10/site-packages/color_detection_pkg/color_detection_publisher.py to color_detection_publisher.cpython-310.pyc
[1.101s] byte-compiling /home/mscrobotics2425laptop37/Documents/SystemsDesignProject/Team1Repository/objectDetection/attempt9-UsingSDK/attempt9.3/ros_ws/install/color_detection_pkg/lib/python3.10/site-packages/color_detection_pkg/color_detection_subscriber.py to color_detection_subscriber.cpython-310.pyc
[1.103s] running install_data
[1.103s] copying resource/color_detection_pkg -> /home/mscrobotics2425laptop37/Documents/SystemsDesignProject/Team1Repository/objectDetection/attempt9-UsingSDK/attempt9.3/ros_ws/install/color_detection_pkg/share/ament_index/resource_index/packages
[1.104s] copying package.xml -> /home/mscrobotics2425laptop37/Documents/SystemsDesignProject/Team1Repository/objectDetection/attempt9-UsingSDK/attempt9.3/ros_ws/install/color_detection_pkg/share/color_detection_pkg
[1.105s] copying launch/color_detection_launch.py -> /home/mscrobotics2425laptop37/Documents/SystemsDesignProject/Team1Repository/objectDetection/attempt9-UsingSDK/attempt9.3/ros_ws/install/color_detection_pkg/share/color_detection_pkg/launch
[1.105s] running install_egg_info
[1.142s] removing '/home/mscrobotics2425laptop37/Documents/SystemsDesignProject/Team1Repository/objectDetection/attempt9-UsingSDK/attempt9.3/ros_ws/install/color_detection_pkg/lib/python3.10/site-packages/color_detection_pkg-0.0.0-py3.10.egg-info' (and everything under it)
[1.143s] Copying ../../build/color_detection_pkg/color_detection_pkg.egg-info to /home/mscrobotics2425laptop37/Documents/SystemsDesignProject/Team1Repository/objectDetection/attempt9-UsingSDK/attempt9.3/ros_ws/install/color_detection_pkg/lib/python3.10/site-packages/color_detection_pkg-0.0.0-py3.10.egg-info
[1.144s] running install_scripts
[1.282s] Installing color_detection_publisher script to /home/mscrobotics2425laptop37/Documents/SystemsDesignProject/Team1Repository/objectDetection/attempt9-UsingSDK/attempt9.3/ros_ws/install/color_detection_pkg/lib/color_detection_pkg
[1.283s] Installing color_detection_subscriber script to /home/mscrobotics2425laptop37/Documents/SystemsDesignProject/Team1Repository/objectDetection/attempt9-UsingSDK/attempt9.3/ros_ws/install/color_detection_pkg/lib/color_detection_pkg
[1.283s] writing list of installed files to '/home/mscrobotics2425laptop37/Documents/SystemsDesignProject/Team1Repository/objectDetection/attempt9-UsingSDK/attempt9.3/ros_ws/build/color_detection_pkg/install.log'
[1.309s] Invoked command in '/home/mscrobotics2425laptop37/Documents/SystemsDesignProject/Team1Repository/objectDetection/attempt9-UsingSDK/attempt9.3/ros_ws/src/color_detection_pkg' returned '0': PYTHONPATH=/home/mscrobotics2425laptop37/Documents/SystemsDesignProject/Team1Repository/objectDetection/attempt9-UsingSDK/attempt9.3/ros_ws/build/color_detection_pkg/prefix_override:/usr/lib/python3/dist-packages/colcon_core/task/python/colcon_distutils_commands:/home/mscrobotics2425laptop37/Documents/SystemsDesignProject/Team1Repository/objectDetection/attempt9-UsingSDK/attempt9.3/ros_ws/install/color_detection_pkg/lib/python3.10/site-packages:${PYTHONPATH} /usr/bin/python3 -W ignore:setup.py install is deprecated -W ignore:easy_install command is deprecated setup.py egg_info --egg-base ../../build/color_detection_pkg build --build-base /home/mscrobotics2425laptop37/Documents/SystemsDesignProject/Team1Repository/objectDetection/attempt9-UsingSDK/attempt9.3/ros_ws/build/color_detection_pkg/build install --record /home/mscrobotics2425laptop37/Documents/SystemsDesignProject/Team1Repository/objectDetection/attempt9-UsingSDK/attempt9.3/ros_ws/build/color_detection_pkg/install.log --single-version-externally-managed install_data
