[1.358s] Invoking command in '/home/mscrobotics2425laptop37/Documents/SystemsDesignProject/Team1Repository/Navigation/attempt2 - rosws code/attempt2.1/ros_ws/src/lidar_obstacle_avoidance': PYTHONPATH=/home/mscrobotics2425laptop37/Documents/SystemsDesignProject/Team1Repository/Navigation/attempt2 - rosws code/attempt2.1/ros_ws/build/lidar_obstacle_avoidance/prefix_override:/usr/lib/python3/dist-packages/colcon_core/task/python/colcon_distutils_commands:/home/mscrobotics2425laptop37/Documents/SystemsDesignProject/Team1Repository/Navigation/attempt2 - rosws code/attempt2.1/ros_ws/install/lidar_obstacle_avoidance/lib/python3.10/site-packages:${PYTHONPATH} /usr/bin/python3 -W ignore:setup.py install is deprecated -W ignore:easy_install command is deprecated setup.py egg_info --egg-base ../../build/lidar_obstacle_avoidance build --build-base /home/mscrobotics2425laptop37/Documents/SystemsDesignProject/Team1Repository/Navigation/attempt2 - rosws code/attempt2.1/ros_ws/build/lidar_obstacle_avoidance/build install --record /home/mscrobotics2425laptop37/Documents/SystemsDesignProject/Team1Repository/Navigation/attempt2 - rosws code/attempt2.1/ros_ws/build/lidar_obstacle_avoidance/install.log --single-version-externally-managed install_data
[1.660s] /home/mscrobotics2425laptop37/.local/lib/python3.10/site-packages/setuptools/_distutils/dist.py:270: UserWarning: Unknown distribution option: 'tests_require'
[1.660s]   warnings.warn(msg)
[1.810s] running egg_info
[1.840s] writing ../../build/lidar_obstacle_avoidance/lidar_obstacle_avoidance.egg-info/PKG-INFO
[1.841s] writing dependency_links to ../../build/lidar_obstacle_avoidance/lidar_obstacle_avoidance.egg-info/dependency_links.txt
[1.842s] writing entry points to ../../build/lidar_obstacle_avoidance/lidar_obstacle_avoidance.egg-info/entry_points.txt
[1.842s] writing requirements to ../../build/lidar_obstacle_avoidance/lidar_obstacle_avoidance.egg-info/requires.txt
[1.842s] writing top-level names to ../../build/lidar_obstacle_avoidance/lidar_obstacle_avoidance.egg-info/top_level.txt
[1.907s] reading manifest file '../../build/lidar_obstacle_avoidance/lidar_obstacle_avoidance.egg-info/SOURCES.txt'
[1.909s] writing manifest file '../../build/lidar_obstacle_avoidance/lidar_obstacle_avoidance.egg-info/SOURCES.txt'
[1.909s] running build
[1.909s] running build_py
[1.909s] copying lidar_obstacle_avoidance/obstacle_avoidance.py -> /home/mscrobotics2425laptop37/Documents/SystemsDesignProject/Team1Repository/Navigation/attempt2 - rosws code/attempt2.1/ros_ws/build/lidar_obstacle_avoidance/build/lib/lidar_obstacle_avoidance
[1.910s] copying lidar_obstacle_avoidance/__init__.py -> /home/mscrobotics2425laptop37/Documents/SystemsDesignProject/Team1Repository/Navigation/attempt2 - rosws code/attempt2.1/ros_ws/build/lidar_obstacle_avoidance/build/lib/lidar_obstacle_avoidance
[1.911s] running install
[1.923s] running install_lib
[1.979s] running install_data
[1.979s] copying resource/lidar_obstacle_avoidance -> /home/mscrobotics2425laptop37/Documents/SystemsDesignProject/Team1Repository/Navigation/attempt2 - rosws code/attempt2.1/ros_ws/install/lidar_obstacle_avoidance/share/ament_index/resource_index/packages
[1.980s] copying package.xml -> /home/mscrobotics2425laptop37/Documents/SystemsDesignProject/Team1Repository/Navigation/attempt2 - rosws code/attempt2.1/ros_ws/install/lidar_obstacle_avoidance/share/lidar_obstacle_avoidance
[1.980s] running install_egg_info
[1.999s] removing '/home/mscrobotics2425laptop37/Documents/SystemsDesignProject/Team1Repository/Navigation/attempt2 - rosws code/attempt2.1/ros_ws/install/lidar_obstacle_avoidance/lib/python3.10/site-packages/lidar_obstacle_avoidance-0.0.0-py3.10.egg-info' (and everything under it)
[1.999s] Copying ../../build/lidar_obstacle_avoidance/lidar_obstacle_avoidance.egg-info to /home/mscrobotics2425laptop37/Documents/SystemsDesignProject/Team1Repository/Navigation/attempt2 - rosws code/attempt2.1/ros_ws/install/lidar_obstacle_avoidance/lib/python3.10/site-packages/lidar_obstacle_avoidance-0.0.0-py3.10.egg-info
[2.002s] running install_scripts
[2.250s] Installing lidar_obstacle_avoidance script to /home/mscrobotics2425laptop37/Documents/SystemsDesignProject/Team1Repository/Navigation/attempt2 - rosws code/attempt2.1/ros_ws/install/lidar_obstacle_avoidance/lib/lidar_obstacle_avoidance
[2.251s] writing list of installed files to '/home/mscrobotics2425laptop37/Documents/SystemsDesignProject/Team1Repository/Navigation/attempt2 - rosws code/attempt2.1/ros_ws/build/lidar_obstacle_avoidance/install.log'
[2.301s] Invoked command in '/home/mscrobotics2425laptop37/Documents/SystemsDesignProject/Team1Repository/Navigation/attempt2 - rosws code/attempt2.1/ros_ws/src/lidar_obstacle_avoidance' returned '0': PYTHONPATH=/home/mscrobotics2425laptop37/Documents/SystemsDesignProject/Team1Repository/Navigation/attempt2 - rosws code/attempt2.1/ros_ws/build/lidar_obstacle_avoidance/prefix_override:/usr/lib/python3/dist-packages/colcon_core/task/python/colcon_distutils_commands:/home/mscrobotics2425laptop37/Documents/SystemsDesignProject/Team1Repository/Navigation/attempt2 - rosws code/attempt2.1/ros_ws/install/lidar_obstacle_avoidance/lib/python3.10/site-packages:${PYTHONPATH} /usr/bin/python3 -W ignore:setup.py install is deprecated -W ignore:easy_install command is deprecated setup.py egg_info --egg-base ../../build/lidar_obstacle_avoidance build --build-base /home/mscrobotics2425laptop37/Documents/SystemsDesignProject/Team1Repository/Navigation/attempt2 - rosws code/attempt2.1/ros_ws/build/lidar_obstacle_avoidance/build install --record /home/mscrobotics2425laptop37/Documents/SystemsDesignProject/Team1Repository/Navigation/attempt2 - rosws code/attempt2.1/ros_ws/build/lidar_obstacle_avoidance/install.log --single-version-externally-managed install_data
