/home/mscrobotics2425laptop37/.local/lib/python3.10/site-packages/setuptools/_distutils/dist.py:270: UserWarning: Unknown distribution option: 'tests_require'
  warnings.warn(msg)
running egg_info
creating ../../build/color_detection_pkg/color_detection_pkg.egg-info
writing ../../build/color_detection_pkg/color_detection_pkg.egg-info/PKG-INFO
writing dependency_links to ../../build/color_detection_pkg/color_detection_pkg.egg-info/dependency_links.txt
writing requirements to ../../build/color_detection_pkg/color_detection_pkg.egg-info/requires.txt
writing top-level names to ../../build/color_detection_pkg/color_detection_pkg.egg-info/top_level.txt
writing manifest file '../../build/color_detection_pkg/color_detection_pkg.egg-info/SOURCES.txt'
reading manifest file '../../build/color_detection_pkg/color_detection_pkg.egg-info/SOURCES.txt'
writing manifest file '../../build/color_detection_pkg/color_detection_pkg.egg-info/SOURCES.txt'
running build
running build_py
creating /home/mscrobotics2425laptop37/Documents/SystemsDesignProject/Team1Repository/objectDetection/attempt9-UsingSDK/attempt9.2/ros_ws/build/color_detection_pkg/build/lib/color_detection_pkg
copying color_detection_pkg/__init__.py -> /home/mscrobotics2425laptop37/Documents/SystemsDesignProject/Team1Repository/objectDetection/attempt9-UsingSDK/attempt9.2/ros_ws/build/color_detection_pkg/build/lib/color_detection_pkg
copying color_detection_pkg/color_detection.py -> /home/mscrobotics2425laptop37/Documents/SystemsDesignProject/Team1Repository/objectDetection/attempt9-UsingSDK/attempt9.2/ros_ws/build/color_detection_pkg/build/lib/color_detection_pkg
running install
running install_lib
creating /home/mscrobotics2425laptop37/Documents/SystemsDesignProject/Team1Repository/objectDetection/attempt9-UsingSDK/attempt9.2/ros_ws/install/color_detection_pkg/lib/python3.10/site-packages/color_detection_pkg
copying /home/mscrobotics2425laptop37/Documents/SystemsDesignProject/Team1Repository/objectDetection/attempt9-UsingSDK/attempt9.2/ros_ws/build/color_detection_pkg/build/lib/color_detection_pkg/__init__.py -> /home/mscrobotics2425laptop37/Documents/SystemsDesignProject/Team1Repository/objectDetection/attempt9-UsingSDK/attempt9.2/ros_ws/install/color_detection_pkg/lib/python3.10/site-packages/color_detection_pkg
copying /home/mscrobotics2425laptop37/Documents/SystemsDesignProject/Team1Repository/objectDetection/attempt9-UsingSDK/attempt9.2/ros_ws/build/color_detection_pkg/build/lib/color_detection_pkg/color_detection.py -> /home/mscrobotics2425laptop37/Documents/SystemsDesignProject/Team1Repository/objectDetection/attempt9-UsingSDK/attempt9.2/ros_ws/install/color_detection_pkg/lib/python3.10/site-packages/color_detection_pkg
byte-compiling /home/mscrobotics2425laptop37/Documents/SystemsDesignProject/Team1Repository/objectDetection/attempt9-UsingSDK/attempt9.2/ros_ws/install/color_detection_pkg/lib/python3.10/site-packages/color_detection_pkg/__init__.py to __init__.cpython-310.pyc
byte-compiling /home/mscrobotics2425laptop37/Documents/SystemsDesignProject/Team1Repository/objectDetection/attempt9-UsingSDK/attempt9.2/ros_ws/install/color_detection_pkg/lib/python3.10/site-packages/color_detection_pkg/color_detection.py to color_detection.cpython-310.pyc
running install_data
creating /home/mscrobotics2425laptop37/Documents/SystemsDesignProject/Team1Repository/objectDetection/attempt9-UsingSDK/attempt9.2/ros_ws/install/color_detection_pkg/share/ament_index/resource_index/packages
copying resource/color_detection_pkg -> /home/mscrobotics2425laptop37/Documents/SystemsDesignProject/Team1Repository/objectDetection/attempt9-UsingSDK/attempt9.2/ros_ws/install/color_detection_pkg/share/ament_index/resource_index/packages
copying package.xml -> /home/mscrobotics2425laptop37/Documents/SystemsDesignProject/Team1Repository/objectDetection/attempt9-UsingSDK/attempt9.2/ros_ws/install/color_detection_pkg/share/color_detection_pkg
running install_egg_info
Copying ../../build/color_detection_pkg/color_detection_pkg.egg-info to /home/mscrobotics2425laptop37/Documents/SystemsDesignProject/Team1Repository/objectDetection/attempt9-UsingSDK/attempt9.2/ros_ws/install/color_detection_pkg/lib/python3.10/site-packages/color_detection_pkg-0.0.0-py3.10.egg-info
running install_scripts
writing list of installed files to '/home/mscrobotics2425laptop37/Documents/SystemsDesignProject/Team1Repository/objectDetection/attempt9-UsingSDK/attempt9.2/ros_ws/build/color_detection_pkg/install.log'
