/home/mscrobotics2425laptop35/leo_rover_simulation/ros2_ws/install/gui_controller_leo/lib/python3.10/site-packages/gui_controller_leo/gui_controller.py
/home/mscrobotics2425laptop35/leo_rover_simulation/ros2_ws/install/gui_controller_leo/lib/python3.10/site-packages/gui_controller_leo/__init__.py
/home/mscrobotics2425laptop35/leo_rover_simulation/ros2_ws/install/gui_controller_leo/lib/python3.10/site-packages/gui_controller_leo/__pycache__/gui_controller.cpython-310.pyc
/home/mscrobotics2425laptop35/leo_rover_simulation/ros2_ws/install/gui_controller_leo/lib/python3.10/site-packages/gui_controller_leo/__pycache__/__init__.cpython-310.pyc
/home/mscrobotics2425laptop35/leo_rover_simulation/ros2_ws/install/gui_controller_leo/share/ament_index/resource_index/packages/gui_controller_leo
/home/mscrobotics2425laptop35/leo_rover_simulation/ros2_ws/install/gui_controller_leo/share/gui_controller_leo/package.xml
/home/mscrobotics2425laptop35/leo_rover_simulation/ros2_ws/install/gui_controller_leo/share/gui_controller_leo/launch/gui_controller_launch.py
/home/mscrobotics2425laptop35/leo_rover_simulation/ros2_ws/install/gui_controller_leo/share/gui_controller_leo/launch/localisation.launch.py
/home/mscrobotics2425laptop35/leo_rover_simulation/ros2_ws/install/gui_controller_leo/share/gui_controller_leo/launch/slam.launch.py
/home/mscrobotics2425laptop35/leo_rover_simulation/ros2_ws/install/gui_controller_leo/share/gui_controller_leo/launch/sim_robot.launch.py
/home/mscrobotics2425laptop35/leo_rover_simulation/ros2_ws/install/gui_controller_leo/share/gui_controller_leo/launch/simulation_bringup.launch.py
/home/mscrobotics2425laptop35/leo_rover_simulation/ros2_ws/install/gui_controller_leo/share/gui_controller_leo/launch/map_server.launch.py
/home/mscrobotics2425laptop35/leo_rover_simulation/ros2_ws/install/gui_controller_leo/share/gui_controller_leo/launch/nav_demo.launch.py
/home/mscrobotics2425laptop35/leo_rover_simulation/ros2_ws/install/gui_controller_leo/share/gui_controller_leo/config/planner.yaml
/home/mscrobotics2425laptop35/leo_rover_simulation/ros2_ws/install/gui_controller_leo/share/gui_controller_leo/config/controller.yaml
/home/mscrobotics2425laptop35/leo_rover_simulation/ros2_ws/install/gui_controller_leo/share/gui_controller_leo/config/bt_nav.yaml
/home/mscrobotics2425laptop35/leo_rover_simulation/ros2_ws/install/gui_controller_leo/share/gui_controller_leo/rviz/slam.rviz
/home/mscrobotics2425laptop35/leo_rover_simulation/ros2_ws/install/gui_controller_leo/share/gui_controller_leo/rviz/localisation.rviz
/home/mscrobotics2425laptop35/leo_rover_simulation/ros2_ws/install/gui_controller_leo/share/gui_controller_leo/worlds/tb3.sdf
/home/mscrobotics2425laptop35/leo_rover_simulation/ros2_ws/install/gui_controller_leo/share/gui_controller_leo/worlds/model.sdf
/home/mscrobotics2425laptop35/leo_rover_simulation/ros2_ws/install/gui_controller_leo/share/gui_controller_leo/worlds/hexagon.dae
/home/mscrobotics2425laptop35/leo_rover_simulation/ros2_ws/install/gui_controller_leo/share/gui_controller_leo/worlds/wall.dae
/home/mscrobotics2425laptop35/leo_rover_simulation/ros2_ws/install/gui_controller_leo/share/gui_controller_leo/maps/turtlebot3_world.yaml
/home/mscrobotics2425laptop35/leo_rover_simulation/ros2_ws/install/gui_controller_leo/share/gui_controller_leo/maps/turtlebot3_world.pgm
/home/mscrobotics2425laptop35/leo_rover_simulation/ros2_ws/install/gui_controller_leo/lib/python3.10/site-packages/gui_controller_leo-0.0.0-py3.10.egg-info/PKG-INFO
/home/mscrobotics2425laptop35/leo_rover_simulation/ros2_ws/install/gui_controller_leo/lib/python3.10/site-packages/gui_controller_leo-0.0.0-py3.10.egg-info/zip-safe
/home/mscrobotics2425laptop35/leo_rover_simulation/ros2_ws/install/gui_controller_leo/lib/python3.10/site-packages/gui_controller_leo-0.0.0-py3.10.egg-info/SOURCES.txt
/home/mscrobotics2425laptop35/leo_rover_simulation/ros2_ws/install/gui_controller_leo/lib/python3.10/site-packages/gui_controller_leo-0.0.0-py3.10.egg-info/top_level.txt
/home/mscrobotics2425laptop35/leo_rover_simulation/ros2_ws/install/gui_controller_leo/lib/python3.10/site-packages/gui_controller_leo-0.0.0-py3.10.egg-info/requires.txt
/home/mscrobotics2425laptop35/leo_rover_simulation/ros2_ws/install/gui_controller_leo/lib/python3.10/site-packages/gui_controller_leo-0.0.0-py3.10.egg-info/dependency_links.txt
/home/mscrobotics2425laptop35/leo_rover_simulation/ros2_ws/install/gui_controller_leo/lib/python3.10/site-packages/gui_controller_leo-0.0.0-py3.10.egg-info/entry_points.txt
/home/mscrobotics2425laptop35/leo_rover_simulation/ros2_ws/install/gui_controller_leo/lib/gui_controller_leo/gui_controller
