[0.027s] Invoking command in '/home/mscrobotics2425laptop35/leo_rover_simulation/ros2_ws/build/leo_navigation_tutorial_ros2': AMENT_PREFIX_PATH=/home/mscrobotics2425laptop35/leo_rover_simulation/ros2_ws/install/gui_controller_leo:/home/mscrobotics2425laptop35/leo_rover_simulation/ros2_ws/install/leo_navigation_tutorial_ros2:/home/mscrobotics2425laptop35/leo_rover_simulation/ros2_ws/install/leo_simulator:/home/mscrobotics2425laptop35/leo_rover_simulation/ros2_ws/install/leo_gz_bringup:/home/mscrobotics2425laptop35/leo_rover_simulation/ros2_ws/install/leo_gz_plugins:/home/mscrobotics2425laptop35/leo_rover_simulation/ros2_ws/install/leo:/home/mscrobotics2425laptop35/leo_rover_simulation/ros2_ws/install/leo_teleop:/home/mscrobotics2425laptop35/leo_rover_simulation/ros2_ws/install/leo_msgs:/home/mscrobotics2425laptop35/leo_rover_simulation/ros2_ws/install/leo_gz_worlds:/home/mscrobotics2425laptop35/leo_rover_simulation/ros2_ws/install/leo_description:/home/mscrobotics2425laptop35/leo_rover_simulation/ros2_ws/src/leo_common-ros2/leo_description/install/leo_description:/home/mscrobotics2425laptop35/ros2_wss/install/map2gazebo:/home/mscrobotics2425laptop35/ros2_wss/install/example_urdf_robot:/home/mscrobotics2425laptop35/ros2_wss/install/example_gz_robot:/home/mscrobotics2425laptop35/ros2_tutorial_workspace/install/the_simplest_python_package:/home/mscrobotics2425laptop35/ros2_tutorial_workspace/install/python_package_with_a_node:/home/mscrobotics2425laptop35/ros2_tutorial_workspace/install/python_package_that_uses_the_library:/home/mscrobotics2425laptop35/ros2_tutorial_workspace/install/python_package_with_a_library:/home/mscrobotics2425laptop35/ros2_tutorial_workspace/install/python_package_that_uses_the_services:/home/mscrobotics2425laptop35/ros2_tutorial_workspace/install/python_package_that_uses_the_messages:/home/mscrobotics2425laptop35/ros2_tutorial_workspace/install/python_package_that_uses_parameters_and_launch_files:/home/mscrobotics2425laptop35/ros2_tutorial_workspace/install/package_with_interfaces:/opt/ros/humble CMAKE_PREFIX_PATH=/home/mscrobotics2425laptop35/leo_rover_simulation/ros2_ws/install/leo_navigation_tutorial_ros2:/home/mscrobotics2425laptop35/leo_rover_simulation/ros2_ws/install/leo_simulator:/home/mscrobotics2425laptop35/leo_rover_simulation/ros2_ws/install/leo_gz_bringup:/home/mscrobotics2425laptop35/leo_rover_simulation/ros2_ws/install/leo_gz_plugins:/home/mscrobotics2425laptop35/leo_rover_simulation/ros2_ws/install/leo:/home/mscrobotics2425laptop35/leo_rover_simulation/ros2_ws/install/leo_teleop:/home/mscrobotics2425laptop35/leo_rover_simulation/ros2_ws/install/leo_msgs:/home/mscrobotics2425laptop35/leo_rover_simulation/ros2_ws/install/leo_gz_worlds:/home/mscrobotics2425laptop35/leo_rover_simulation/ros2_ws/install/leo_description:/home/mscrobotics2425laptop35/leo_rover_simulation/ros2_ws/src/leo_common-ros2/leo_description/install/leo_description:/home/mscrobotics2425laptop35/leo_rover_simulation/ros2_ws/install/gui_controller_leo:/home/mscrobotics2425laptop35/ros2_wss/install/map2gazebo:/home/mscrobotics2425laptop35/ros2_wss/install/example_urdf_robot:/home/mscrobotics2425laptop35/ros2_wss/install/example_gz_robot:/home/mscrobotics2425laptop35/ros2_tutorial_workspace/install/the_simplest_python_package:/home/mscrobotics2425laptop35/ros2_tutorial_workspace/install/python_package_with_a_node:/home/mscrobotics2425laptop35/ros2_tutorial_workspace/install/python_package_that_uses_the_library:/home/mscrobotics2425laptop35/ros2_tutorial_workspace/install/python_package_with_a_library:/home/mscrobotics2425laptop35/ros2_tutorial_workspace/install/python_package_that_uses_the_services:/home/mscrobotics2425laptop35/ros2_tutorial_workspace/install/python_package_that_uses_the_messages:/home/mscrobotics2425laptop35/ros2_tutorial_workspace/install/python_package_that_uses_parameters_and_launch_files:/opt/ros/humble:/home/mscrobotics2425laptop35/ros2_wss/install/leo_navigation:/home/mscrobotics2425laptop35/ros2_tutorial_workspace/install/package_with_interfaces PYTHONPATH=/home/mscrobotics2425laptop35/leo_rover_simulation/ros2_ws/install/gui_controller_leo/lib/python3.10/site-packages:/home/mscrobotics2425laptop35/leo_rover_simulation/ros2_ws/install/leo_msgs/local/lib/python3.10/dist-packages:/home/mscrobotics2425laptop35/ros2_wss/install/map2gazebo/lib/python3.10/site-packages:/home/mscrobotics2425laptop35/ros2_wss/install/example_urdf_robot/lib/python3.10/site-packages:/home/mscrobotics2425laptop35/ros2_wss/install/example_gz_robot/lib/python3.10/site-packages:/home/mscrobotics2425laptop35/ros2_tutorial_workspace/install/the_simplest_python_package/lib/python3.10/site-packages:/home/mscrobotics2425laptop35/ros2_tutorial_workspace/install/python_package_with_a_node/lib/python3.10/site-packages:/home/mscrobotics2425laptop35/ros2_tutorial_workspace/install/python_package_that_uses_the_library/lib/python3.10/site-packages:/home/mscrobotics2425laptop35/ros2_tutorial_workspace/install/python_package_with_a_library/lib/python3.10/site-packages:/home/mscrobotics2425laptop35/ros2_tutorial_workspace/install/python_package_that_uses_the_services/lib/python3.10/site-packages:/home/mscrobotics2425laptop35/ros2_tutorial_workspace/install/python_package_that_uses_the_messages/lib/python3.10/site-packages:/home/mscrobotics2425laptop35/ros2_tutorial_workspace/install/python_package_that_uses_parameters_and_launch_files/lib/python3.10/site-packages:/home/mscrobotics2425laptop35/ros2_tutorial_workspace/install/package_with_interfaces/local/lib/python3.10/dist-packages:/opt/ros/humble/lib/python3.10/site-packages:/opt/ros/humble/local/lib/python3.10/dist-packages /usr/bin/cmake --build /home/mscrobotics2425laptop35/leo_rover_simulation/ros2_ws/build/leo_navigation_tutorial_ros2 -- -j12 -l12
[0.067s] -- Found ament_cmake: 1.3.10 (/opt/ros/humble/share/ament_cmake/cmake)
[0.341s] -- Found geometry_msgs: 4.2.4 (/opt/ros/humble/share/geometry_msgs/cmake)
[0.389s] -- Found rosidl_generator_c: 3.1.5 (/opt/ros/humble/share/rosidl_generator_c/cmake)
[0.391s] -- Found rosidl_adapter: 3.1.5 (/opt/ros/humble/share/rosidl_adapter/cmake)
[0.401s] -- Found rosidl_generator_cpp: 3.1.5 (/opt/ros/humble/share/rosidl_generator_cpp/cmake)
[0.422s] -- Using all available rosidl_typesupport_c: rosidl_typesupport_fastrtps_c;rosidl_typesupport_introspection_c
[0.443s] -- Using all available rosidl_typesupport_cpp: rosidl_typesupport_fastrtps_cpp;rosidl_typesupport_introspection_cpp
[0.520s] -- Found rclcpp: 16.0.10 (/opt/ros/humble/share/rclcpp/cmake)
[0.598s] -- Found rmw_implementation_cmake: 6.1.2 (/opt/ros/humble/share/rmw_implementation_cmake/cmake)
[0.606s] -- Found rmw_fastrtps_cpp: 6.2.7 (/opt/ros/humble/share/rmw_fastrtps_cpp/cmake)
[0.828s] -- Using RMW implementation 'rmw_fastrtps_cpp' as default
[0.902s] -- Found nav_msgs: 4.2.4 (/opt/ros/humble/share/nav_msgs/cmake)
[0.938s] -- Found sensor_msgs: 4.2.4 (/opt/ros/humble/share/sensor_msgs/cmake)
[0.960s] -- Found tf2_ros: 0.25.8 (/opt/ros/humble/share/tf2_ros/cmake)
[1.133s] -- Found rclpy: 3.3.14 (/opt/ros/humble/share/rclpy/cmake)
[1.134s] -- Found robot_localization: 3.5.3 (/opt/ros/humble/share/robot_localization/cmake)
[1.222s] -- Found nav2_costmap_2d: 1.1.16 (/opt/ros/humble/share/nav2_costmap_2d/cmake)
[1.339s] -- Ensuring Eigen3 include directory is part of orocos-kdl CMake target
[1.535s] -- Found imu_filter_madgwick: 2.1.5 (/opt/ros/humble/share/imu_filter_madgwick/cmake)
[1.539s] -- Found slam_toolbox: 2.6.9 (/opt/ros/humble/share/slam_toolbox/cmake)
[1.621s] -- Setting assimp_DIR to: '/opt/ros/humble/share/rviz_assimp_vendor/cmake/../../../opt/rviz_assimp_vendor/lib/cmake/assimp-4.1'
[1.630s] -- Setting OGRE_DIR to: '/opt/ros/humble/share/rviz_ogre_vendor/cmake/../../../opt/rviz_ogre_vendor/lib/OGRE/cmake'
[1.632s] -- Found OGRE
[1.632s] --   static     : OFF
[1.633s] --   components : HLMS;MeshLodGenerator;Overlay;Paging;Property;RTShaderSystem;Terrain;Volume
[1.633s] --   plugins    : Plugin_BSPSceneManager;Plugin_OctreeSceneManager;Plugin_PCZSceneManager;Plugin_ParticleFX;RenderSystem_GL;RenderSystem_GL3Plus;Codec_STBI
[1.633s] --   media      : /opt/ros/humble/opt/rviz_ogre_vendor/share/OGRE/Media
[1.633s] -- OGRE_LIBRARIES: OgreHLMS;OgreMeshLodGenerator;OgreOverlay;OgrePaging;OgreProperty;OgreRTShaderSystem;OgreTerrain;OgreVolume;OgreMain
[1.633s] -- OGRE_LIBRARY_DIRS: /opt/ros/humble/opt/rviz_ogre_vendor/lib
[1.633s] -- OGRE_PLUGINS: Plugin_BSPSceneManager;Plugin_OctreeSceneManager;Plugin_PCZSceneManager;Plugin_ParticleFX;RenderSystem_GL;RenderSystem_GL3Plus;Codec_STBI
[1.633s] -- OGRE_PLUGIN_DIR: /opt/ros/humble/opt/rviz_ogre_vendor/lib/OGRE
[1.633s] -- rviz_ogre_vendor::OgreOverlay for IMPORTED_LOCATION_RELEASE: /opt/ros/humble/opt/rviz_ogre_vendor/lib/libOgreOverlay.so
[1.634s] -- rviz_ogre_vendor::OgreOverlay for IMPORTED_LOCATION_DEBUG: /opt/ros/humble/opt/rviz_ogre_vendor/lib/libOgreOverlay.so
[1.634s] -- rviz_ogre_vendor::OgreMain for IMPORTED_LOCATION_RELEASE: /opt/ros/humble/opt/rviz_ogre_vendor/lib/libOgreMain.so
[1.634s] -- rviz_ogre_vendor::OgreMain for IMPORTED_LOCATION_DEBUG: /opt/ros/humble/opt/rviz_ogre_vendor/lib/libOgreMain.so
[1.636s] -- Could not find freeimage library
[1.776s] -- library: /usr/lib/x86_64-linux-gnu/libcurl.so
[1.902s] -- Found nav2_map_server: 1.1.16 (/opt/ros/humble/share/nav2_map_server/cmake)
[1.922s] -- Found nav2_amcl: 1.1.16 (/opt/ros/humble/share/nav2_amcl/cmake)
[1.949s] -- Found nav2_planner: 1.1.16 (/opt/ros/humble/share/nav2_planner/cmake)
[2.007s] -- Found nav2_behavior_tree: 1.1.16 (/opt/ros/humble/share/nav2_behavior_tree/cmake)
[2.044s] -- Found twist_mux: 4.3.0 (/opt/ros/humble/share/twist_mux/cmake)
[2.059s] -- Found ament_lint_auto: 0.12.11 (/opt/ros/humble/share/ament_lint_auto/cmake)
[2.061s] -- Found ament_lint_common: 0.12.11 (/opt/ros/humble/share/ament_lint_common/cmake)
[2.103s] [31mCMake Error at CMakeLists.txt:32 (find_package):
[2.103s]   By not providing "Findgui_controller_leo.cmake" in CMAKE_MODULE_PATH this
[2.103s]   project has asked CMake to find a package configuration file provided by
[2.103s]   "gui_controller_leo", but CMake did not find one.
[2.103s] 
[2.103s]   Could not find a package configuration file provided by
[2.104s]   "gui_controller_leo" with any of the following names:
[2.104s] 
[2.104s]     gui_controller_leoConfig.cmake
[2.104s]     gui_controller_leo-config.cmake
[2.104s] 
[2.104s]   Add the installation prefix of "gui_controller_leo" to CMAKE_PREFIX_PATH or
[2.104s]   set "gui_controller_leo_DIR" to a directory containing one of the above
[2.104s]   files.  If "gui_controller_leo" provides a separate development package or
[2.105s]   SDK, be sure it has been installed.
[2.105s] 
[2.105s] [0m
[2.105s] -- Configuring incomplete, errors occurred!
[2.105s] See also "/home/mscrobotics2425laptop35/leo_rover_simulation/ros2_ws/build/leo_navigation_tutorial_ros2/CMakeFiles/CMakeOutput.log".
[2.132s] gmake: *** [Makefile:226: cmake_check_build_system] Error 1
[2.132s] Invoked command in '/home/mscrobotics2425laptop35/leo_rover_simulation/ros2_ws/build/leo_navigation_tutorial_ros2' returned '2': AMENT_PREFIX_PATH=/home/mscrobotics2425laptop35/leo_rover_simulation/ros2_ws/install/gui_controller_leo:/home/mscrobotics2425laptop35/leo_rover_simulation/ros2_ws/install/leo_navigation_tutorial_ros2:/home/mscrobotics2425laptop35/leo_rover_simulation/ros2_ws/install/leo_simulator:/home/mscrobotics2425laptop35/leo_rover_simulation/ros2_ws/install/leo_gz_bringup:/home/mscrobotics2425laptop35/leo_rover_simulation/ros2_ws/install/leo_gz_plugins:/home/mscrobotics2425laptop35/leo_rover_simulation/ros2_ws/install/leo:/home/mscrobotics2425laptop35/leo_rover_simulation/ros2_ws/install/leo_teleop:/home/mscrobotics2425laptop35/leo_rover_simulation/ros2_ws/install/leo_msgs:/home/mscrobotics2425laptop35/leo_rover_simulation/ros2_ws/install/leo_gz_worlds:/home/mscrobotics2425laptop35/leo_rover_simulation/ros2_ws/install/leo_description:/home/mscrobotics2425laptop35/leo_rover_simulation/ros2_ws/src/leo_common-ros2/leo_description/install/leo_description:/home/mscrobotics2425laptop35/ros2_wss/install/map2gazebo:/home/mscrobotics2425laptop35/ros2_wss/install/example_urdf_robot:/home/mscrobotics2425laptop35/ros2_wss/install/example_gz_robot:/home/mscrobotics2425laptop35/ros2_tutorial_workspace/install/the_simplest_python_package:/home/mscrobotics2425laptop35/ros2_tutorial_workspace/install/python_package_with_a_node:/home/mscrobotics2425laptop35/ros2_tutorial_workspace/install/python_package_that_uses_the_library:/home/mscrobotics2425laptop35/ros2_tutorial_workspace/install/python_package_with_a_library:/home/mscrobotics2425laptop35/ros2_tutorial_workspace/install/python_package_that_uses_the_services:/home/mscrobotics2425laptop35/ros2_tutorial_workspace/install/python_package_that_uses_the_messages:/home/mscrobotics2425laptop35/ros2_tutorial_workspace/install/python_package_that_uses_parameters_and_launch_files:/home/mscrobotics2425laptop35/ros2_tutorial_workspace/install/package_with_interfaces:/opt/ros/humble CMAKE_PREFIX_PATH=/home/mscrobotics2425laptop35/leo_rover_simulation/ros2_ws/install/leo_navigation_tutorial_ros2:/home/mscrobotics2425laptop35/leo_rover_simulation/ros2_ws/install/leo_simulator:/home/mscrobotics2425laptop35/leo_rover_simulation/ros2_ws/install/leo_gz_bringup:/home/mscrobotics2425laptop35/leo_rover_simulation/ros2_ws/install/leo_gz_plugins:/home/mscrobotics2425laptop35/leo_rover_simulation/ros2_ws/install/leo:/home/mscrobotics2425laptop35/leo_rover_simulation/ros2_ws/install/leo_teleop:/home/mscrobotics2425laptop35/leo_rover_simulation/ros2_ws/install/leo_msgs:/home/mscrobotics2425laptop35/leo_rover_simulation/ros2_ws/install/leo_gz_worlds:/home/mscrobotics2425laptop35/leo_rover_simulation/ros2_ws/install/leo_description:/home/mscrobotics2425laptop35/leo_rover_simulation/ros2_ws/src/leo_common-ros2/leo_description/install/leo_description:/home/mscrobotics2425laptop35/leo_rover_simulation/ros2_ws/install/gui_controller_leo:/home/mscrobotics2425laptop35/ros2_wss/install/map2gazebo:/home/mscrobotics2425laptop35/ros2_wss/install/example_urdf_robot:/home/mscrobotics2425laptop35/ros2_wss/install/example_gz_robot:/home/mscrobotics2425laptop35/ros2_tutorial_workspace/install/the_simplest_python_package:/home/mscrobotics2425laptop35/ros2_tutorial_workspace/install/python_package_with_a_node:/home/mscrobotics2425laptop35/ros2_tutorial_workspace/install/python_package_that_uses_the_library:/home/mscrobotics2425laptop35/ros2_tutorial_workspace/install/python_package_with_a_library:/home/mscrobotics2425laptop35/ros2_tutorial_workspace/install/python_package_that_uses_the_services:/home/mscrobotics2425laptop35/ros2_tutorial_workspace/install/python_package_that_uses_the_messages:/home/mscrobotics2425laptop35/ros2_tutorial_workspace/install/python_package_that_uses_parameters_and_launch_files:/opt/ros/humble:/home/mscrobotics2425laptop35/ros2_wss/install/leo_navigation:/home/mscrobotics2425laptop35/ros2_tutorial_workspace/install/package_with_interfaces PYTHONPATH=/home/mscrobotics2425laptop35/leo_rover_simulation/ros2_ws/install/gui_controller_leo/lib/python3.10/site-packages:/home/mscrobotics2425laptop35/leo_rover_simulation/ros2_ws/install/leo_msgs/local/lib/python3.10/dist-packages:/home/mscrobotics2425laptop35/ros2_wss/install/map2gazebo/lib/python3.10/site-packages:/home/mscrobotics2425laptop35/ros2_wss/install/example_urdf_robot/lib/python3.10/site-packages:/home/mscrobotics2425laptop35/ros2_wss/install/example_gz_robot/lib/python3.10/site-packages:/home/mscrobotics2425laptop35/ros2_tutorial_workspace/install/the_simplest_python_package/lib/python3.10/site-packages:/home/mscrobotics2425laptop35/ros2_tutorial_workspace/install/python_package_with_a_node/lib/python3.10/site-packages:/home/mscrobotics2425laptop35/ros2_tutorial_workspace/install/python_package_that_uses_the_library/lib/python3.10/site-packages:/home/mscrobotics2425laptop35/ros2_tutorial_workspace/install/python_package_with_a_library/lib/python3.10/site-packages:/home/mscrobotics2425laptop35/ros2_tutorial_workspace/install/python_package_that_uses_the_services/lib/python3.10/site-packages:/home/mscrobotics2425laptop35/ros2_tutorial_workspace/install/python_package_that_uses_the_messages/lib/python3.10/site-packages:/home/mscrobotics2425laptop35/ros2_tutorial_workspace/install/python_package_that_uses_parameters_and_launch_files/lib/python3.10/site-packages:/home/mscrobotics2425laptop35/ros2_tutorial_workspace/install/package_with_interfaces/local/lib/python3.10/dist-packages:/opt/ros/humble/lib/python3.10/site-packages:/opt/ros/humble/local/lib/python3.10/dist-packages /usr/bin/cmake --build /home/mscrobotics2425laptop35/leo_rover_simulation/ros2_ws/build/leo_navigation_tutorial_ros2 -- -j12 -l12
