[0.991s] Invoking command in '/home/mscrobotics2425laptop37/Documents/SystemsDesignProject/Team1Repository/objectDetection/attempt9-UsingSDK/attempt9.2/ros_ws/src/color_detection_pkg': PYTHONPATH=/home/mscrobotics2425laptop37/Documents/SystemsDesignProject/Team1Repository/objectDetection/attempt9-UsingSDK/attempt9.2/ros_ws/build/color_detection_pkg/prefix_override:/usr/lib/python3/dist-packages/colcon_core/task/python/colcon_distutils_commands:/home/mscrobotics2425laptop37/Documents/SystemsDesignProject/Team1Repository/objectDetection/attempt9-UsingSDK/attempt9.2/ros_ws/install/color_detection_pkg/lib/python3.10/site-packages:${PYTHONPATH} /usr/bin/python3 -W ignore:setup.py install is deprecated -W ignore:easy_install command is deprecated setup.py egg_info --egg-base ../../build/color_detection_pkg build --build-base /home/mscrobotics2425laptop37/Documents/SystemsDesignProject/Team1Repository/objectDetection/attempt9-UsingSDK/attempt9.2/ros_ws/build/color_detection_pkg/build install --record /home/mscrobotics2425laptop37/Documents/SystemsDesignProject/Team1Repository/objectDetection/attempt9-UsingSDK/attempt9.2/ros_ws/build/color_detection_pkg/install.log --single-version-externally-managed install_data
[1.154s] /home/mscrobotics2425laptop37/.local/lib/python3.10/site-packages/setuptools/_distutils/dist.py:270: UserWarning: Unknown distribution option: 'tests_require'
[1.154s]   warnings.warn(msg)
[1.255s] running egg_info
[1.272s] writing ../../build/color_detection_pkg/color_detection_pkg.egg-info/PKG-INFO
[1.273s] writing dependency_links to ../../build/color_detection_pkg/color_detection_pkg.egg-info/dependency_links.txt
[1.273s] writing entry points to ../../build/color_detection_pkg/color_detection_pkg.egg-info/entry_points.txt
[1.274s] writing requirements to ../../build/color_detection_pkg/color_detection_pkg.egg-info/requires.txt
[1.274s] writing top-level names to ../../build/color_detection_pkg/color_detection_pkg.egg-info/top_level.txt
[1.327s] reading manifest file '../../build/color_detection_pkg/color_detection_pkg.egg-info/SOURCES.txt'
[1.328s] writing manifest file '../../build/color_detection_pkg/color_detection_pkg.egg-info/SOURCES.txt'
[1.329s] running build
[1.329s] running build_py
[1.330s] copying color_detection_pkg/__init__.py -> /home/mscrobotics2425laptop37/Documents/SystemsDesignProject/Team1Repository/objectDetection/attempt9-UsingSDK/attempt9.2/ros_ws/build/color_detection_pkg/build/lib/color_detection_pkg
[1.330s] copying color_detection_pkg/color_detection.py -> /home/mscrobotics2425laptop37/Documents/SystemsDesignProject/Team1Repository/objectDetection/attempt9-UsingSDK/attempt9.2/ros_ws/build/color_detection_pkg/build/lib/color_detection_pkg
[1.330s] running install
[1.339s] running install_lib
[1.366s] copying /home/mscrobotics2425laptop37/Documents/SystemsDesignProject/Team1Repository/objectDetection/attempt9-UsingSDK/attempt9.2/ros_ws/build/color_detection_pkg/build/lib/color_detection_pkg/color_detection.py -> /home/mscrobotics2425laptop37/Documents/SystemsDesignProject/Team1Repository/objectDetection/attempt9-UsingSDK/attempt9.2/ros_ws/install/color_detection_pkg/lib/python3.10/site-packages/color_detection_pkg
[1.367s] byte-compiling /home/mscrobotics2425laptop37/Documents/SystemsDesignProject/Team1Repository/objectDetection/attempt9-UsingSDK/attempt9.2/ros_ws/install/color_detection_pkg/lib/python3.10/site-packages/color_detection_pkg/color_detection.py to color_detection.cpython-310.pyc
[1.369s] running install_data
[1.369s] copying resource/color_detection_pkg -> /home/mscrobotics2425laptop37/Documents/SystemsDesignProject/Team1Repository/objectDetection/attempt9-UsingSDK/attempt9.2/ros_ws/install/color_detection_pkg/share/ament_index/resource_index/packages
[1.370s] copying package.xml -> /home/mscrobotics2425laptop37/Documents/SystemsDesignProject/Team1Repository/objectDetection/attempt9-UsingSDK/attempt9.2/ros_ws/install/color_detection_pkg/share/color_detection_pkg
[1.370s] running install_egg_info
[1.398s] removing '/home/mscrobotics2425laptop37/Documents/SystemsDesignProject/Team1Repository/objectDetection/attempt9-UsingSDK/attempt9.2/ros_ws/install/color_detection_pkg/lib/python3.10/site-packages/color_detection_pkg-0.0.0-py3.10.egg-info' (and everything under it)
[1.398s] Copying ../../build/color_detection_pkg/color_detection_pkg.egg-info to /home/mscrobotics2425laptop37/Documents/SystemsDesignProject/Team1Repository/objectDetection/attempt9-UsingSDK/attempt9.2/ros_ws/install/color_detection_pkg/lib/python3.10/site-packages/color_detection_pkg-0.0.0-py3.10.egg-info
[1.399s] running install_scripts
[1.571s] Installing color_detection script to /home/mscrobotics2425laptop37/Documents/SystemsDesignProject/Team1Repository/objectDetection/attempt9-UsingSDK/attempt9.2/ros_ws/install/color_detection_pkg/lib/color_detection_pkg
[1.572s] writing list of installed files to '/home/mscrobotics2425laptop37/Documents/SystemsDesignProject/Team1Repository/objectDetection/attempt9-UsingSDK/attempt9.2/ros_ws/build/color_detection_pkg/install.log'
[1.609s] Invoked command in '/home/mscrobotics2425laptop37/Documents/SystemsDesignProject/Team1Repository/objectDetection/attempt9-UsingSDK/attempt9.2/ros_ws/src/color_detection_pkg' returned '0': PYTHONPATH=/home/mscrobotics2425laptop37/Documents/SystemsDesignProject/Team1Repository/objectDetection/attempt9-UsingSDK/attempt9.2/ros_ws/build/color_detection_pkg/prefix_override:/usr/lib/python3/dist-packages/colcon_core/task/python/colcon_distutils_commands:/home/mscrobotics2425laptop37/Documents/SystemsDesignProject/Team1Repository/objectDetection/attempt9-UsingSDK/attempt9.2/ros_ws/install/color_detection_pkg/lib/python3.10/site-packages:${PYTHONPATH} /usr/bin/python3 -W ignore:setup.py install is deprecated -W ignore:easy_install command is deprecated setup.py egg_info --egg-base ../../build/color_detection_pkg build --build-base /home/mscrobotics2425laptop37/Documents/SystemsDesignProject/Team1Repository/objectDetection/attempt9-UsingSDK/attempt9.2/ros_ws/build/color_detection_pkg/build install --record /home/mscrobotics2425laptop37/Documents/SystemsDesignProject/Team1Repository/objectDetection/attempt9-UsingSDK/attempt9.2/ros_ws/build/color_detection_pkg/install.log --single-version-externally-managed install_data
