[0.683s] Invoking command in '/home/mscrobotics2425laptop37/Documents/SystemsDesignProject/Team1Repository/objectDetection/attempt9-UsingSDK/attempt9.3/ros_ws/src/color_detection_pkg': PYTHONPATH=/home/mscrobotics2425laptop37/Documents/SystemsDesignProject/Team1Repository/objectDetection/attempt9-UsingSDK/attempt9.3/ros_ws/build/color_detection_pkg/prefix_override:/usr/lib/python3/dist-packages/colcon_core/task/python/colcon_distutils_commands:/home/mscrobotics2425laptop37/Documents/SystemsDesignProject/Team1Repository/objectDetection/attempt9-UsingSDK/attempt9.3/ros_ws/install/color_detection_pkg/lib/python3.10/site-packages:${PYTHONPATH} /usr/bin/python3 -W ignore:setup.py install is deprecated -W ignore:easy_install command is deprecated setup.py egg_info --egg-base ../../build/color_detection_pkg build --build-base /home/mscrobotics2425laptop37/Documents/SystemsDesignProject/Team1Repository/objectDetection/attempt9-UsingSDK/attempt9.3/ros_ws/build/color_detection_pkg/build install --record /home/mscrobotics2425laptop37/Documents/SystemsDesignProject/Team1Repository/objectDetection/attempt9-UsingSDK/attempt9.3/ros_ws/build/color_detection_pkg/install.log --single-version-externally-managed install_data
[0.808s] /home/mscrobotics2425laptop37/.local/lib/python3.10/site-packages/setuptools/_distutils/dist.py:270: UserWarning: Unknown distribution option: 'tests_require'
[0.809s]   warnings.warn(msg)
[0.884s] running egg_info
[0.899s] writing ../../build/color_detection_pkg/color_detection_pkg.egg-info/PKG-INFO
[0.900s] writing dependency_links to ../../build/color_detection_pkg/color_detection_pkg.egg-info/dependency_links.txt
[0.900s] writing entry points to ../../build/color_detection_pkg/color_detection_pkg.egg-info/entry_points.txt
[0.901s] writing requirements to ../../build/color_detection_pkg/color_detection_pkg.egg-info/requires.txt
[0.901s] writing top-level names to ../../build/color_detection_pkg/color_detection_pkg.egg-info/top_level.txt
[0.950s] reading manifest file '../../build/color_detection_pkg/color_detection_pkg.egg-info/SOURCES.txt'
[0.951s] writing manifest file '../../build/color_detection_pkg/color_detection_pkg.egg-info/SOURCES.txt'
[0.952s] running build
[0.952s] running build_py
[0.952s] copying color_detection_pkg/color_detection_publisher.py -> /home/mscrobotics2425laptop37/Documents/SystemsDesignProject/Team1Repository/objectDetection/attempt9-UsingSDK/attempt9.3/ros_ws/build/color_detection_pkg/build/lib/color_detection_pkg
[0.953s] copying color_detection_pkg/color_detection_subscriber.py -> /home/mscrobotics2425laptop37/Documents/SystemsDesignProject/Team1Repository/objectDetection/attempt9-UsingSDK/attempt9.3/ros_ws/build/color_detection_pkg/build/lib/color_detection_pkg
[0.953s] copying color_detection_pkg/__init__.py -> /home/mscrobotics2425laptop37/Documents/SystemsDesignProject/Team1Repository/objectDetection/attempt9-UsingSDK/attempt9.3/ros_ws/build/color_detection_pkg/build/lib/color_detection_pkg
[0.955s] running install
[0.964s] running install_lib
[0.983s] copying /home/mscrobotics2425laptop37/Documents/SystemsDesignProject/Team1Repository/objectDetection/attempt9-UsingSDK/attempt9.3/ros_ws/build/color_detection_pkg/build/lib/color_detection_pkg/color_detection_publisher.py -> /home/mscrobotics2425laptop37/Documents/SystemsDesignProject/Team1Repository/objectDetection/attempt9-UsingSDK/attempt9.3/ros_ws/install/color_detection_pkg/lib/python3.10/site-packages/color_detection_pkg
[0.984s] copying /home/mscrobotics2425laptop37/Documents/SystemsDesignProject/Team1Repository/objectDetection/attempt9-UsingSDK/attempt9.3/ros_ws/build/color_detection_pkg/build/lib/color_detection_pkg/color_detection_subscriber.py -> /home/mscrobotics2425laptop37/Documents/SystemsDesignProject/Team1Repository/objectDetection/attempt9-UsingSDK/attempt9.3/ros_ws/install/color_detection_pkg/lib/python3.10/site-packages/color_detection_pkg
[0.986s] byte-compiling /home/mscrobotics2425laptop37/Documents/SystemsDesignProject/Team1Repository/objectDetection/attempt9-UsingSDK/attempt9.3/ros_ws/install/color_detection_pkg/lib/python3.10/site-packages/color_detection_pkg/color_detection_publisher.py to color_detection_publisher.cpython-310.pyc
[0.990s] byte-compiling /home/mscrobotics2425laptop37/Documents/SystemsDesignProject/Team1Repository/objectDetection/attempt9-UsingSDK/attempt9.3/ros_ws/install/color_detection_pkg/lib/python3.10/site-packages/color_detection_pkg/color_detection_subscriber.py to color_detection_subscriber.cpython-310.pyc
[0.991s] running install_data
[0.992s] copying resource/color_detection_pkg -> /home/mscrobotics2425laptop37/Documents/SystemsDesignProject/Team1Repository/objectDetection/attempt9-UsingSDK/attempt9.3/ros_ws/install/color_detection_pkg/share/ament_index/resource_index/packages
[0.993s] copying package.xml -> /home/mscrobotics2425laptop37/Documents/SystemsDesignProject/Team1Repository/objectDetection/attempt9-UsingSDK/attempt9.3/ros_ws/install/color_detection_pkg/share/color_detection_pkg
[0.993s] copying launch/color_detection_launch.py -> /home/mscrobotics2425laptop37/Documents/SystemsDesignProject/Team1Repository/objectDetection/attempt9-UsingSDK/attempt9.3/ros_ws/install/color_detection_pkg/share/color_detection_pkg/launch
[0.994s] running install_egg_info
[1.021s] removing '/home/mscrobotics2425laptop37/Documents/SystemsDesignProject/Team1Repository/objectDetection/attempt9-UsingSDK/attempt9.3/ros_ws/install/color_detection_pkg/lib/python3.10/site-packages/color_detection_pkg-0.0.0-py3.10.egg-info' (and everything under it)
[1.021s] Copying ../../build/color_detection_pkg/color_detection_pkg.egg-info to /home/mscrobotics2425laptop37/Documents/SystemsDesignProject/Team1Repository/objectDetection/attempt9-UsingSDK/attempt9.3/ros_ws/install/color_detection_pkg/lib/python3.10/site-packages/color_detection_pkg-0.0.0-py3.10.egg-info
[1.022s] running install_scripts
[1.143s] Installing color_detection_publisher script to /home/mscrobotics2425laptop37/Documents/SystemsDesignProject/Team1Repository/objectDetection/attempt9-UsingSDK/attempt9.3/ros_ws/install/color_detection_pkg/lib/color_detection_pkg
[1.143s] Installing color_detection_subscriber script to /home/mscrobotics2425laptop37/Documents/SystemsDesignProject/Team1Repository/objectDetection/attempt9-UsingSDK/attempt9.3/ros_ws/install/color_detection_pkg/lib/color_detection_pkg
[1.144s] writing list of installed files to '/home/mscrobotics2425laptop37/Documents/SystemsDesignProject/Team1Repository/objectDetection/attempt9-UsingSDK/attempt9.3/ros_ws/build/color_detection_pkg/install.log'
[1.169s] Invoked command in '/home/mscrobotics2425laptop37/Documents/SystemsDesignProject/Team1Repository/objectDetection/attempt9-UsingSDK/attempt9.3/ros_ws/src/color_detection_pkg' returned '0': PYTHONPATH=/home/mscrobotics2425laptop37/Documents/SystemsDesignProject/Team1Repository/objectDetection/attempt9-UsingSDK/attempt9.3/ros_ws/build/color_detection_pkg/prefix_override:/usr/lib/python3/dist-packages/colcon_core/task/python/colcon_distutils_commands:/home/mscrobotics2425laptop37/Documents/SystemsDesignProject/Team1Repository/objectDetection/attempt9-UsingSDK/attempt9.3/ros_ws/install/color_detection_pkg/lib/python3.10/site-packages:${PYTHONPATH} /usr/bin/python3 -W ignore:setup.py install is deprecated -W ignore:easy_install command is deprecated setup.py egg_info --egg-base ../../build/color_detection_pkg build --build-base /home/mscrobotics2425laptop37/Documents/SystemsDesignProject/Team1Repository/objectDetection/attempt9-UsingSDK/attempt9.3/ros_ws/build/color_detection_pkg/build install --record /home/mscrobotics2425laptop37/Documents/SystemsDesignProject/Team1Repository/objectDetection/attempt9-UsingSDK/attempt9.3/ros_ws/build/color_detection_pkg/install.log --single-version-externally-managed install_data
