[0.083s] Invoking command in '/home/mscrobotics2425laptop35/leo_rover_simulation/ros2_ws/build/leo_msgs': CMAKE_PREFIX_PATH=/home/mscrobotics2425laptop35/leo_rover_simulation/ros2_ws/install/leo_navigation_tutorial_ros2:/home/mscrobotics2425laptop35/leo_rover_simulation/ros2_ws/install/leo_simulator:/home/mscrobotics2425laptop35/leo_rover_simulation/ros2_ws/install/leo_gz_bringup:/home/mscrobotics2425laptop35/leo_rover_simulation/ros2_ws/install/leo_gz_plugins:/home/mscrobotics2425laptop35/leo_rover_simulation/ros2_ws/install/leo:/home/mscrobotics2425laptop35/leo_rover_simulation/ros2_ws/install/leo_teleop:/home/mscrobotics2425laptop35/leo_rover_simulation/ros2_ws/install/leo_msgs:/home/mscrobotics2425laptop35/leo_rover_simulation/ros2_ws/install/leo_gz_worlds:/home/mscrobotics2425laptop35/leo_rover_simulation/ros2_ws/install/leo_description:/home/mscrobotics2425laptop35/leo_rover_simulation/ros2_ws/src/leo_common-ros2/leo_description/install/leo_description:/home/mscrobotics2425laptop35/leo_rover_simulation/ros2_ws/install/gui_controller_leo:/home/mscrobotics2425laptop35/ros2_wss/install/map2gazebo:/home/mscrobotics2425laptop35/ros2_wss/install/example_urdf_robot:/home/mscrobotics2425laptop35/ros2_wss/install/example_gz_robot:/home/mscrobotics2425laptop35/ros2_tutorial_workspace/install/the_simplest_python_package:/home/mscrobotics2425laptop35/ros2_tutorial_workspace/install/python_package_with_a_node:/home/mscrobotics2425laptop35/ros2_tutorial_workspace/install/python_package_that_uses_the_library:/home/mscrobotics2425laptop35/ros2_tutorial_workspace/install/python_package_with_a_library:/home/mscrobotics2425laptop35/ros2_tutorial_workspace/install/python_package_that_uses_the_services:/home/mscrobotics2425laptop35/ros2_tutorial_workspace/install/python_package_that_uses_the_messages:/home/mscrobotics2425laptop35/ros2_tutorial_workspace/install/python_package_that_uses_parameters_and_launch_files:/opt/ros/humble:/home/mscrobotics2425laptop35/ros2_wss/install/leo_navigation:/home/mscrobotics2425laptop35/ros2_tutorial_workspace/install/package_with_interfaces /usr/bin/cmake --build /home/mscrobotics2425laptop35/leo_rover_simulation/ros2_ws/build/leo_msgs -- -j12 -l12
[0.672s] [ 11%] Built target leo_msgs__rosidl_generator_c
[0.673s] [ 12%] Built target leo_msgs__cpp
[0.673s] [ 12%] Built target ament_cmake_python_copy_leo_msgs
[0.673s] [ 26%] Built target leo_msgs__rosidl_typesupport_c
[0.674s] [ 34%] Built target leo_msgs__rosidl_typesupport_introspection_c
[0.674s] [ 46%] Built target leo_msgs__rosidl_typesupport_cpp
[0.674s] [ 57%] Built target leo_msgs__rosidl_typesupport_introspection_cpp
[0.674s] [ 68%] Built target leo_msgs__rosidl_typesupport_fastrtps_cpp
[0.674s] [ 79%] Built target leo_msgs__rosidl_typesupport_fastrtps_c
[0.675s] [ 79%] Built target leo_msgs
[0.675s] [ 80%] Built target leo_msgs__py
[0.675s] [ 90%] Built target leo_msgs__rosidl_generator_py
[0.675s] [ 93%] Built target leo_msgs__rosidl_typesupport_fastrtps_c__pyext
[0.676s] [ 96%] Built target leo_msgs__rosidl_typesupport_introspection_c__pyext
[0.676s] [100%] Built target leo_msgs__rosidl_typesupport_c__pyext
[0.693s] running egg_info
[0.693s] writing leo_msgs.egg-info/PKG-INFO
[0.700s] writing dependency_links to leo_msgs.egg-info/dependency_links.txt
[0.700s] writing top-level names to leo_msgs.egg-info/top_level.txt
[0.700s] reading manifest file 'leo_msgs.egg-info/SOURCES.txt'
[0.703s] writing manifest file 'leo_msgs.egg-info/SOURCES.txt'
[0.760s] [100%] Built target ament_cmake_python_build_leo_msgs_egg
[0.842s] Invoked command in '/home/mscrobotics2425laptop35/leo_rover_simulation/ros2_ws/build/leo_msgs' returned '0': CMAKE_PREFIX_PATH=/home/mscrobotics2425laptop35/leo_rover_simulation/ros2_ws/install/leo_navigation_tutorial_ros2:/home/mscrobotics2425laptop35/leo_rover_simulation/ros2_ws/install/leo_simulator:/home/mscrobotics2425laptop35/leo_rover_simulation/ros2_ws/install/leo_gz_bringup:/home/mscrobotics2425laptop35/leo_rover_simulation/ros2_ws/install/leo_gz_plugins:/home/mscrobotics2425laptop35/leo_rover_simulation/ros2_ws/install/leo:/home/mscrobotics2425laptop35/leo_rover_simulation/ros2_ws/install/leo_teleop:/home/mscrobotics2425laptop35/leo_rover_simulation/ros2_ws/install/leo_msgs:/home/mscrobotics2425laptop35/leo_rover_simulation/ros2_ws/install/leo_gz_worlds:/home/mscrobotics2425laptop35/leo_rover_simulation/ros2_ws/install/leo_description:/home/mscrobotics2425laptop35/leo_rover_simulation/ros2_ws/src/leo_common-ros2/leo_description/install/leo_description:/home/mscrobotics2425laptop35/leo_rover_simulation/ros2_ws/install/gui_controller_leo:/home/mscrobotics2425laptop35/ros2_wss/install/map2gazebo:/home/mscrobotics2425laptop35/ros2_wss/install/example_urdf_robot:/home/mscrobotics2425laptop35/ros2_wss/install/example_gz_robot:/home/mscrobotics2425laptop35/ros2_tutorial_workspace/install/the_simplest_python_package:/home/mscrobotics2425laptop35/ros2_tutorial_workspace/install/python_package_with_a_node:/home/mscrobotics2425laptop35/ros2_tutorial_workspace/install/python_package_that_uses_the_library:/home/mscrobotics2425laptop35/ros2_tutorial_workspace/install/python_package_with_a_library:/home/mscrobotics2425laptop35/ros2_tutorial_workspace/install/python_package_that_uses_the_services:/home/mscrobotics2425laptop35/ros2_tutorial_workspace/install/python_package_that_uses_the_messages:/home/mscrobotics2425laptop35/ros2_tutorial_workspace/install/python_package_that_uses_parameters_and_launch_files:/opt/ros/humble:/home/mscrobotics2425laptop35/ros2_wss/install/leo_navigation:/home/mscrobotics2425laptop35/ros2_tutorial_workspace/install/package_with_interfaces /usr/bin/cmake --build /home/mscrobotics2425laptop35/leo_rover_simulation/ros2_ws/build/leo_msgs -- -j12 -l12
[1.112s] Invoking command in '/home/mscrobotics2425laptop35/leo_rover_simulation/ros2_ws/build/leo_msgs': CMAKE_PREFIX_PATH=/home/mscrobotics2425laptop35/leo_rover_simulation/ros2_ws/install/leo_navigation_tutorial_ros2:/home/mscrobotics2425laptop35/leo_rover_simulation/ros2_ws/install/leo_simulator:/home/mscrobotics2425laptop35/leo_rover_simulation/ros2_ws/install/leo_gz_bringup:/home/mscrobotics2425laptop35/leo_rover_simulation/ros2_ws/install/leo_gz_plugins:/home/mscrobotics2425laptop35/leo_rover_simulation/ros2_ws/install/leo:/home/mscrobotics2425laptop35/leo_rover_simulation/ros2_ws/install/leo_teleop:/home/mscrobotics2425laptop35/leo_rover_simulation/ros2_ws/install/leo_msgs:/home/mscrobotics2425laptop35/leo_rover_simulation/ros2_ws/install/leo_gz_worlds:/home/mscrobotics2425laptop35/leo_rover_simulation/ros2_ws/install/leo_description:/home/mscrobotics2425laptop35/leo_rover_simulation/ros2_ws/src/leo_common-ros2/leo_description/install/leo_description:/home/mscrobotics2425laptop35/leo_rover_simulation/ros2_ws/install/gui_controller_leo:/home/mscrobotics2425laptop35/ros2_wss/install/map2gazebo:/home/mscrobotics2425laptop35/ros2_wss/install/example_urdf_robot:/home/mscrobotics2425laptop35/ros2_wss/install/example_gz_robot:/home/mscrobotics2425laptop35/ros2_tutorial_workspace/install/the_simplest_python_package:/home/mscrobotics2425laptop35/ros2_tutorial_workspace/install/python_package_with_a_node:/home/mscrobotics2425laptop35/ros2_tutorial_workspace/install/python_package_that_uses_the_library:/home/mscrobotics2425laptop35/ros2_tutorial_workspace/install/python_package_with_a_library:/home/mscrobotics2425laptop35/ros2_tutorial_workspace/install/python_package_that_uses_the_services:/home/mscrobotics2425laptop35/ros2_tutorial_workspace/install/python_package_that_uses_the_messages:/home/mscrobotics2425laptop35/ros2_tutorial_workspace/install/python_package_that_uses_parameters_and_launch_files:/opt/ros/humble:/home/mscrobotics2425laptop35/ros2_wss/install/leo_navigation:/home/mscrobotics2425laptop35/ros2_tutorial_workspace/install/package_with_interfaces /usr/bin/cmake --install /home/mscrobotics2425laptop35/leo_rover_simulation/ros2_ws/build/leo_msgs
[1.128s] -- Install configuration: ""
[1.128s] -- Up-to-date: /home/mscrobotics2425laptop35/leo_rover_simulation/ros2_ws/install/leo_msgs/share/ament_index/resource_index/rosidl_interfaces/leo_msgs
[1.129s] -- Up-to-date: /home/mscrobotics2425laptop35/leo_rover_simulation/ros2_ws/install/leo_msgs/include/leo_msgs/leo_msgs
[1.129s] -- Up-to-date: /home/mscrobotics2425laptop35/leo_rover_simulation/ros2_ws/install/leo_msgs/include/leo_msgs/leo_msgs/msg
[1.130s] -- Up-to-date: /home/mscrobotics2425laptop35/leo_rover_simulation/ros2_ws/install/leo_msgs/include/leo_msgs/leo_msgs/msg/imu.h
[1.130s] -- Up-to-date: /home/mscrobotics2425laptop35/leo_rover_simulation/ros2_ws/install/leo_msgs/include/leo_msgs/leo_msgs/msg/wheel_odom_mecanum.h
[1.130s] -- Up-to-date: /home/mscrobotics2425laptop35/leo_rover_simulation/ros2_ws/install/leo_msgs/include/leo_msgs/leo_msgs/msg/rosidl_generator_c__visibility_control.h
[1.130s] -- Up-to-date: /home/mscrobotics2425laptop35/leo_rover_simulation/ros2_ws/install/leo_msgs/include/leo_msgs/leo_msgs/msg/detail
[1.130s] -- Up-to-date: /home/mscrobotics2425laptop35/leo_rover_simulation/ros2_ws/install/leo_msgs/include/leo_msgs/leo_msgs/msg/detail/wheel_odom__type_support.h
[1.130s] -- Up-to-date: /home/mscrobotics2425laptop35/leo_rover_simulation/ros2_ws/install/leo_msgs/include/leo_msgs/leo_msgs/msg/detail/imu__struct.h
[1.130s] -- Up-to-date: /home/mscrobotics2425laptop35/leo_rover_simulation/ros2_ws/install/leo_msgs/include/leo_msgs/leo_msgs/msg/detail/imu__type_support.h
[1.130s] -- Up-to-date: /home/mscrobotics2425laptop35/leo_rover_simulation/ros2_ws/install/leo_msgs/include/leo_msgs/leo_msgs/msg/detail/wheel_odom__functions.c
[1.131s] -- Up-to-date: /home/mscrobotics2425laptop35/leo_rover_simulation/ros2_ws/install/leo_msgs/include/leo_msgs/leo_msgs/msg/detail/wheel_odom__struct.h
[1.131s] -- Up-to-date: /home/mscrobotics2425laptop35/leo_rover_simulation/ros2_ws/install/leo_msgs/include/leo_msgs/leo_msgs/msg/detail/wheel_odom_mecanum__type_support.h
[1.131s] -- Up-to-date: /home/mscrobotics2425laptop35/leo_rover_simulation/ros2_ws/install/leo_msgs/include/leo_msgs/leo_msgs/msg/detail/wheel_odom_mecanum__functions.h
[1.131s] -- Up-to-date: /home/mscrobotics2425laptop35/leo_rover_simulation/ros2_ws/install/leo_msgs/include/leo_msgs/leo_msgs/msg/detail/imu__functions.h
[1.131s] -- Up-to-date: /home/mscrobotics2425laptop35/leo_rover_simulation/ros2_ws/install/leo_msgs/include/leo_msgs/leo_msgs/msg/detail/wheel_states__struct.h
[1.131s] -- Up-to-date: /home/mscrobotics2425laptop35/leo_rover_simulation/ros2_ws/install/leo_msgs/include/leo_msgs/leo_msgs/msg/detail/wheel_odom_mecanum__struct.h
[1.131s] -- Up-to-date: /home/mscrobotics2425laptop35/leo_rover_simulation/ros2_ws/install/leo_msgs/include/leo_msgs/leo_msgs/msg/detail/wheel_odom_mecanum__functions.c
[1.131s] -- Up-to-date: /home/mscrobotics2425laptop35/leo_rover_simulation/ros2_ws/install/leo_msgs/include/leo_msgs/leo_msgs/msg/detail/wheel_states__type_support.h
[1.131s] -- Up-to-date: /home/mscrobotics2425laptop35/leo_rover_simulation/ros2_ws/install/leo_msgs/include/leo_msgs/leo_msgs/msg/detail/imu__functions.c
[1.131s] -- Up-to-date: /home/mscrobotics2425laptop35/leo_rover_simulation/ros2_ws/install/leo_msgs/include/leo_msgs/leo_msgs/msg/detail/wheel_states__functions.h
[1.131s] -- Up-to-date: /home/mscrobotics2425laptop35/leo_rover_simulation/ros2_ws/install/leo_msgs/include/leo_msgs/leo_msgs/msg/detail/wheel_states__functions.c
[1.131s] -- Up-to-date: /home/mscrobotics2425laptop35/leo_rover_simulation/ros2_ws/install/leo_msgs/include/leo_msgs/leo_msgs/msg/detail/wheel_odom__functions.h
[1.132s] -- Up-to-date: /home/mscrobotics2425laptop35/leo_rover_simulation/ros2_ws/install/leo_msgs/include/leo_msgs/leo_msgs/msg/wheel_states.h
[1.132s] -- Up-to-date: /home/mscrobotics2425laptop35/leo_rover_simulation/ros2_ws/install/leo_msgs/include/leo_msgs/leo_msgs/msg/wheel_odom.h
[1.132s] -- Up-to-date: /home/mscrobotics2425laptop35/leo_rover_simulation/ros2_ws/install/leo_msgs/include/leo_msgs/leo_msgs/srv
[1.132s] -- Up-to-date: /home/mscrobotics2425laptop35/leo_rover_simulation/ros2_ws/install/leo_msgs/include/leo_msgs/leo_msgs/srv/detail
[1.132s] -- Up-to-date: /home/mscrobotics2425laptop35/leo_rover_simulation/ros2_ws/install/leo_msgs/include/leo_msgs/leo_msgs/srv/detail/set_imu_calibration__type_support.h
[1.132s] -- Up-to-date: /home/mscrobotics2425laptop35/leo_rover_simulation/ros2_ws/install/leo_msgs/include/leo_msgs/leo_msgs/srv/detail/set_imu_calibration__functions.h
[1.132s] -- Up-to-date: /home/mscrobotics2425laptop35/leo_rover_simulation/ros2_ws/install/leo_msgs/include/leo_msgs/leo_msgs/srv/detail/set_imu_calibration__struct.h
[1.132s] -- Up-to-date: /home/mscrobotics2425laptop35/leo_rover_simulation/ros2_ws/install/leo_msgs/include/leo_msgs/leo_msgs/srv/detail/set_imu_calibration__functions.c
[1.132s] -- Up-to-date: /home/mscrobotics2425laptop35/leo_rover_simulation/ros2_ws/install/leo_msgs/include/leo_msgs/leo_msgs/srv/set_imu_calibration.h
[1.132s] -- Up-to-date: /home/mscrobotics2425laptop35/leo_rover_simulation/ros2_ws/install/leo_msgs/share/leo_msgs/environment/library_path.sh
[1.132s] -- Up-to-date: /home/mscrobotics2425laptop35/leo_rover_simulation/ros2_ws/install/leo_msgs/share/leo_msgs/environment/library_path.dsv
[1.132s] -- Up-to-date: /home/mscrobotics2425laptop35/leo_rover_simulation/ros2_ws/install/leo_msgs/lib/libleo_msgs__rosidl_generator_c.so
[1.132s] -- Up-to-date: /home/mscrobotics2425laptop35/leo_rover_simulation/ros2_ws/install/leo_msgs/include/leo_msgs/leo_msgs
[1.133s] -- Up-to-date: /home/mscrobotics2425laptop35/leo_rover_simulation/ros2_ws/install/leo_msgs/include/leo_msgs/leo_msgs/msg
[1.133s] -- Up-to-date: /home/mscrobotics2425laptop35/leo_rover_simulation/ros2_ws/install/leo_msgs/include/leo_msgs/leo_msgs/msg/detail
[1.133s] -- Up-to-date: /home/mscrobotics2425laptop35/leo_rover_simulation/ros2_ws/install/leo_msgs/include/leo_msgs/leo_msgs/msg/detail/wheel_odom_mecanum__rosidl_typesupport_fastrtps_c.h
[1.133s] -- Up-to-date: /home/mscrobotics2425laptop35/leo_rover_simulation/ros2_ws/install/leo_msgs/include/leo_msgs/leo_msgs/msg/detail/wheel_states__rosidl_typesupport_fastrtps_c.h
[1.133s] -- Up-to-date: /home/mscrobotics2425laptop35/leo_rover_simulation/ros2_ws/install/leo_msgs/include/leo_msgs/leo_msgs/msg/detail/imu__rosidl_typesupport_fastrtps_c.h
[1.133s] -- Up-to-date: /home/mscrobotics2425laptop35/leo_rover_simulation/ros2_ws/install/leo_msgs/include/leo_msgs/leo_msgs/msg/detail/wheel_odom__rosidl_typesupport_fastrtps_c.h
[1.133s] -- Up-to-date: /home/mscrobotics2425laptop35/leo_rover_simulation/ros2_ws/install/leo_msgs/include/leo_msgs/leo_msgs/msg/rosidl_typesupport_fastrtps_c__visibility_control.h
[1.133s] -- Up-to-date: /home/mscrobotics2425laptop35/leo_rover_simulation/ros2_ws/install/leo_msgs/include/leo_msgs/leo_msgs/srv
[1.133s] -- Up-to-date: /home/mscrobotics2425laptop35/leo_rover_simulation/ros2_ws/install/leo_msgs/include/leo_msgs/leo_msgs/srv/detail
[1.133s] -- Up-to-date: /home/mscrobotics2425laptop35/leo_rover_simulation/ros2_ws/install/leo_msgs/include/leo_msgs/leo_msgs/srv/detail/set_imu_calibration__rosidl_typesupport_fastrtps_c.h
[1.133s] -- Up-to-date: /home/mscrobotics2425laptop35/leo_rover_simulation/ros2_ws/install/leo_msgs/lib/libleo_msgs__rosidl_typesupport_fastrtps_c.so
[1.133s] -- Up-to-date: /home/mscrobotics2425laptop35/leo_rover_simulation/ros2_ws/install/leo_msgs/include/leo_msgs/leo_msgs
[1.134s] -- Up-to-date: /home/mscrobotics2425laptop35/leo_rover_simulation/ros2_ws/install/leo_msgs/include/leo_msgs/leo_msgs/msg
[1.134s] -- Up-to-date: /home/mscrobotics2425laptop35/leo_rover_simulation/ros2_ws/install/leo_msgs/include/leo_msgs/leo_msgs/msg/rosidl_typesupport_introspection_c__visibility_control.h
[1.134s] -- Up-to-date: /home/mscrobotics2425laptop35/leo_rover_simulation/ros2_ws/install/leo_msgs/include/leo_msgs/leo_msgs/msg/detail
[1.134s] -- Up-to-date: /home/mscrobotics2425laptop35/leo_rover_simulation/ros2_ws/install/leo_msgs/include/leo_msgs/leo_msgs/msg/detail/wheel_odom__rosidl_typesupport_introspection_c.h
[1.134s] -- Up-to-date: /home/mscrobotics2425laptop35/leo_rover_simulation/ros2_ws/install/leo_msgs/include/leo_msgs/leo_msgs/msg/detail/wheel_odom_mecanum__type_support.c
[1.134s] -- Up-to-date: /home/mscrobotics2425laptop35/leo_rover_simulation/ros2_ws/install/leo_msgs/include/leo_msgs/leo_msgs/msg/detail/wheel_odom_mecanum__rosidl_typesupport_introspection_c.h
[1.134s] -- Up-to-date: /home/mscrobotics2425laptop35/leo_rover_simulation/ros2_ws/install/leo_msgs/include/leo_msgs/leo_msgs/msg/detail/imu__type_support.c
[1.134s] -- Up-to-date: /home/mscrobotics2425laptop35/leo_rover_simulation/ros2_ws/install/leo_msgs/include/leo_msgs/leo_msgs/msg/detail/wheel_states__rosidl_typesupport_introspection_c.h
[1.134s] -- Up-to-date: /home/mscrobotics2425laptop35/leo_rover_simulation/ros2_ws/install/leo_msgs/include/leo_msgs/leo_msgs/msg/detail/wheel_odom__type_support.c
[1.134s] -- Up-to-date: /home/mscrobotics2425laptop35/leo_rover_simulation/ros2_ws/install/leo_msgs/include/leo_msgs/leo_msgs/msg/detail/imu__rosidl_typesupport_introspection_c.h
[1.134s] -- Up-to-date: /home/mscrobotics2425laptop35/leo_rover_simulation/ros2_ws/install/leo_msgs/include/leo_msgs/leo_msgs/msg/detail/wheel_states__type_support.c
[1.134s] -- Up-to-date: /home/mscrobotics2425laptop35/leo_rover_simulation/ros2_ws/install/leo_msgs/include/leo_msgs/leo_msgs/srv
[1.134s] -- Up-to-date: /home/mscrobotics2425laptop35/leo_rover_simulation/ros2_ws/install/leo_msgs/include/leo_msgs/leo_msgs/srv/detail
[1.134s] -- Up-to-date: /home/mscrobotics2425laptop35/leo_rover_simulation/ros2_ws/install/leo_msgs/include/leo_msgs/leo_msgs/srv/detail/set_imu_calibration__type_support.c
[1.134s] -- Up-to-date: /home/mscrobotics2425laptop35/leo_rover_simulation/ros2_ws/install/leo_msgs/include/leo_msgs/leo_msgs/srv/detail/set_imu_calibration__rosidl_typesupport_introspection_c.h
[1.135s] -- Up-to-date: /home/mscrobotics2425laptop35/leo_rover_simulation/ros2_ws/install/leo_msgs/lib/libleo_msgs__rosidl_typesupport_introspection_c.so
[1.135s] -- Up-to-date: /home/mscrobotics2425laptop35/leo_rover_simulation/ros2_ws/install/leo_msgs/lib/libleo_msgs__rosidl_typesupport_c.so
[1.135s] -- Up-to-date: /home/mscrobotics2425laptop35/leo_rover_simulation/ros2_ws/install/leo_msgs/include/leo_msgs/leo_msgs
[1.135s] -- Up-to-date: /home/mscrobotics2425laptop35/leo_rover_simulation/ros2_ws/install/leo_msgs/include/leo_msgs/leo_msgs/msg
[1.135s] -- Up-to-date: /home/mscrobotics2425laptop35/leo_rover_simulation/ros2_ws/install/leo_msgs/include/leo_msgs/leo_msgs/msg/wheel_states.hpp
[1.135s] -- Up-to-date: /home/mscrobotics2425laptop35/leo_rover_simulation/ros2_ws/install/leo_msgs/include/leo_msgs/leo_msgs/msg/wheel_odom.hpp
[1.135s] -- Up-to-date: /home/mscrobotics2425laptop35/leo_rover_simulation/ros2_ws/install/leo_msgs/include/leo_msgs/leo_msgs/msg/detail
[1.135s] -- Up-to-date: /home/mscrobotics2425laptop35/leo_rover_simulation/ros2_ws/install/leo_msgs/include/leo_msgs/leo_msgs/msg/detail/wheel_odom_mecanum__struct.hpp
[1.135s] -- Up-to-date: /home/mscrobotics2425laptop35/leo_rover_simulation/ros2_ws/install/leo_msgs/include/leo_msgs/leo_msgs/msg/detail/wheel_states__builder.hpp
[1.135s] -- Up-to-date: /home/mscrobotics2425laptop35/leo_rover_simulation/ros2_ws/install/leo_msgs/include/leo_msgs/leo_msgs/msg/detail/imu__builder.hpp
[1.135s] -- Up-to-date: /home/mscrobotics2425laptop35/leo_rover_simulation/ros2_ws/install/leo_msgs/include/leo_msgs/leo_msgs/msg/detail/wheel_odom_mecanum__traits.hpp
[1.135s] -- Up-to-date: /home/mscrobotics2425laptop35/leo_rover_simulation/ros2_ws/install/leo_msgs/include/leo_msgs/leo_msgs/msg/detail/wheel_odom_mecanum__builder.hpp
[1.136s] -- Up-to-date: /home/mscrobotics2425laptop35/leo_rover_simulation/ros2_ws/install/leo_msgs/include/leo_msgs/leo_msgs/msg/detail/wheel_odom__struct.hpp
[1.137s] -- Up-to-date: /home/mscrobotics2425laptop35/leo_rover_simulation/ros2_ws/install/leo_msgs/include/leo_msgs/leo_msgs/msg/detail/wheel_odom__traits.hpp
[1.137s] -- Up-to-date: /home/mscrobotics2425laptop35/leo_rover_simulation/ros2_ws/install/leo_msgs/include/leo_msgs/leo_msgs/msg/detail/imu__traits.hpp
[1.137s] -- Up-to-date: /home/mscrobotics2425laptop35/leo_rover_simulation/ros2_ws/install/leo_msgs/include/leo_msgs/leo_msgs/msg/detail/imu__struct.hpp
[1.137s] -- Up-to-date: /home/mscrobotics2425laptop35/leo_rover_simulation/ros2_ws/install/leo_msgs/include/leo_msgs/leo_msgs/msg/detail/wheel_states__struct.hpp
[1.137s] -- Up-to-date: /home/mscrobotics2425laptop35/leo_rover_simulation/ros2_ws/install/leo_msgs/include/leo_msgs/leo_msgs/msg/detail/wheel_odom__builder.hpp
[1.137s] -- Up-to-date: /home/mscrobotics2425laptop35/leo_rover_simulation/ros2_ws/install/leo_msgs/include/leo_msgs/leo_msgs/msg/detail/wheel_states__traits.hpp
[1.137s] -- Up-to-date: /home/mscrobotics2425laptop35/leo_rover_simulation/ros2_ws/install/leo_msgs/include/leo_msgs/leo_msgs/msg/imu.hpp
[1.137s] -- Up-to-date: /home/mscrobotics2425laptop35/leo_rover_simulation/ros2_ws/install/leo_msgs/include/leo_msgs/leo_msgs/msg/wheel_odom_mecanum.hpp
[1.137s] -- Up-to-date: /home/mscrobotics2425laptop35/leo_rover_simulation/ros2_ws/install/leo_msgs/include/leo_msgs/leo_msgs/srv
[1.137s] -- Up-to-date: /home/mscrobotics2425laptop35/leo_rover_simulation/ros2_ws/install/leo_msgs/include/leo_msgs/leo_msgs/srv/detail
[1.137s] -- Up-to-date: /home/mscrobotics2425laptop35/leo_rover_simulation/ros2_ws/install/leo_msgs/include/leo_msgs/leo_msgs/srv/detail/set_imu_calibration__traits.hpp
[1.137s] -- Up-to-date: /home/mscrobotics2425laptop35/leo_rover_simulation/ros2_ws/install/leo_msgs/include/leo_msgs/leo_msgs/srv/detail/set_imu_calibration__builder.hpp
[1.137s] -- Up-to-date: /home/mscrobotics2425laptop35/leo_rover_simulation/ros2_ws/install/leo_msgs/include/leo_msgs/leo_msgs/srv/detail/set_imu_calibration__struct.hpp
[1.138s] -- Up-to-date: /home/mscrobotics2425laptop35/leo_rover_simulation/ros2_ws/install/leo_msgs/include/leo_msgs/leo_msgs/srv/set_imu_calibration.hpp
[1.138s] -- Up-to-date: /home/mscrobotics2425laptop35/leo_rover_simulation/ros2_ws/install/leo_msgs/include/leo_msgs/leo_msgs
[1.138s] -- Up-to-date: /home/mscrobotics2425laptop35/leo_rover_simulation/ros2_ws/install/leo_msgs/include/leo_msgs/leo_msgs/msg
[1.138s] -- Up-to-date: /home/mscrobotics2425laptop35/leo_rover_simulation/ros2_ws/install/leo_msgs/include/leo_msgs/leo_msgs/msg/detail
[1.138s] -- Up-to-date: /home/mscrobotics2425laptop35/leo_rover_simulation/ros2_ws/install/leo_msgs/include/leo_msgs/leo_msgs/msg/detail/wheel_odom_mecanum__rosidl_typesupport_fastrtps_cpp.hpp
[1.138s] -- Up-to-date: /home/mscrobotics2425laptop35/leo_rover_simulation/ros2_ws/install/leo_msgs/include/leo_msgs/leo_msgs/msg/detail/imu__rosidl_typesupport_fastrtps_cpp.hpp
[1.138s] -- Up-to-date: /home/mscrobotics2425laptop35/leo_rover_simulation/ros2_ws/install/leo_msgs/include/leo_msgs/leo_msgs/msg/detail/wheel_odom__rosidl_typesupport_fastrtps_cpp.hpp
[1.138s] -- Up-to-date: /home/mscrobotics2425laptop35/leo_rover_simulation/ros2_ws/install/leo_msgs/include/leo_msgs/leo_msgs/msg/detail/wheel_states__rosidl_typesupport_fastrtps_cpp.hpp
[1.138s] -- Up-to-date: /home/mscrobotics2425laptop35/leo_rover_simulation/ros2_ws/install/leo_msgs/include/leo_msgs/leo_msgs/msg/detail/dds_fastrtps
[1.138s] -- Up-to-date: /home/mscrobotics2425laptop35/leo_rover_simulation/ros2_ws/install/leo_msgs/include/leo_msgs/leo_msgs/msg/rosidl_typesupport_fastrtps_cpp__visibility_control.h
[1.138s] -- Up-to-date: /home/mscrobotics2425laptop35/leo_rover_simulation/ros2_ws/install/leo_msgs/include/leo_msgs/leo_msgs/srv
[1.138s] -- Up-to-date: /home/mscrobotics2425laptop35/leo_rover_simulation/ros2_ws/install/leo_msgs/include/leo_msgs/leo_msgs/srv/detail
[1.138s] -- Up-to-date: /home/mscrobotics2425laptop35/leo_rover_simulation/ros2_ws/install/leo_msgs/include/leo_msgs/leo_msgs/srv/detail/set_imu_calibration__rosidl_typesupport_fastrtps_cpp.hpp
[1.138s] -- Up-to-date: /home/mscrobotics2425laptop35/leo_rover_simulation/ros2_ws/install/leo_msgs/include/leo_msgs/leo_msgs/srv/detail/dds_fastrtps
[1.139s] -- Up-to-date: /home/mscrobotics2425laptop35/leo_rover_simulation/ros2_ws/install/leo_msgs/lib/libleo_msgs__rosidl_typesupport_fastrtps_cpp.so
[1.139s] -- Up-to-date: /home/mscrobotics2425laptop35/leo_rover_simulation/ros2_ws/install/leo_msgs/include/leo_msgs/leo_msgs
[1.141s] -- Up-to-date: /home/mscrobotics2425laptop35/leo_rover_simulation/ros2_ws/install/leo_msgs/include/leo_msgs/leo_msgs/msg
[1.142s] -- Up-to-date: /home/mscrobotics2425laptop35/leo_rover_simulation/ros2_ws/install/leo_msgs/include/leo_msgs/leo_msgs/msg/detail
[1.142s] -- Up-to-date: /home/mscrobotics2425laptop35/leo_rover_simulation/ros2_ws/install/leo_msgs/include/leo_msgs/leo_msgs/msg/detail/wheel_odom_mecanum__type_support.cpp
[1.142s] -- Up-to-date: /home/mscrobotics2425laptop35/leo_rover_simulation/ros2_ws/install/leo_msgs/include/leo_msgs/leo_msgs/msg/detail/wheel_odom_mecanum__rosidl_typesupport_introspection_cpp.hpp
[1.142s] -- Up-to-date: /home/mscrobotics2425laptop35/leo_rover_simulation/ros2_ws/install/leo_msgs/include/leo_msgs/leo_msgs/msg/detail/wheel_states__rosidl_typesupport_introspection_cpp.hpp
[1.143s] -- Up-to-date: /home/mscrobotics2425laptop35/leo_rover_simulation/ros2_ws/install/leo_msgs/include/leo_msgs/leo_msgs/msg/detail/imu__type_support.cpp
[1.143s] -- Up-to-date: /home/mscrobotics2425laptop35/leo_rover_simulation/ros2_ws/install/leo_msgs/include/leo_msgs/leo_msgs/msg/detail/wheel_odom__type_support.cpp
[1.143s] -- Up-to-date: /home/mscrobotics2425laptop35/leo_rover_simulation/ros2_ws/install/leo_msgs/include/leo_msgs/leo_msgs/msg/detail/wheel_states__type_support.cpp
[1.143s] -- Up-to-date: /home/mscrobotics2425laptop35/leo_rover_simulation/ros2_ws/install/leo_msgs/include/leo_msgs/leo_msgs/msg/detail/imu__rosidl_typesupport_introspection_cpp.hpp
[1.143s] -- Up-to-date: /home/mscrobotics2425laptop35/leo_rover_simulation/ros2_ws/install/leo_msgs/include/leo_msgs/leo_msgs/msg/detail/wheel_odom__rosidl_typesupport_introspection_cpp.hpp
[1.143s] -- Up-to-date: /home/mscrobotics2425laptop35/leo_rover_simulation/ros2_ws/install/leo_msgs/include/leo_msgs/leo_msgs/srv
[1.144s] -- Up-to-date: /home/mscrobotics2425laptop35/leo_rover_simulation/ros2_ws/install/leo_msgs/include/leo_msgs/leo_msgs/srv/detail
[1.144s] -- Up-to-date: /home/mscrobotics2425laptop35/leo_rover_simulation/ros2_ws/install/leo_msgs/include/leo_msgs/leo_msgs/srv/detail/set_imu_calibration__type_support.cpp
[1.144s] -- Up-to-date: /home/mscrobotics2425laptop35/leo_rover_simulation/ros2_ws/install/leo_msgs/include/leo_msgs/leo_msgs/srv/detail/set_imu_calibration__rosidl_typesupport_introspection_cpp.hpp
[1.144s] -- Up-to-date: /home/mscrobotics2425laptop35/leo_rover_simulation/ros2_ws/install/leo_msgs/lib/libleo_msgs__rosidl_typesupport_introspection_cpp.so
[1.144s] -- Up-to-date: /home/mscrobotics2425laptop35/leo_rover_simulation/ros2_ws/install/leo_msgs/lib/libleo_msgs__rosidl_typesupport_cpp.so
[1.144s] -- Up-to-date: /home/mscrobotics2425laptop35/leo_rover_simulation/ros2_ws/install/leo_msgs/share/leo_msgs/environment/pythonpath.sh
[1.144s] -- Up-to-date: /home/mscrobotics2425laptop35/leo_rover_simulation/ros2_ws/install/leo_msgs/share/leo_msgs/environment/pythonpath.dsv
[1.145s] -- Up-to-date: /home/mscrobotics2425laptop35/leo_rover_simulation/ros2_ws/install/leo_msgs/local/lib/python3.10/dist-packages/leo_msgs-1.2.4-py3.10.egg-info
[1.145s] -- Installing: /home/mscrobotics2425laptop35/leo_rover_simulation/ros2_ws/install/leo_msgs/local/lib/python3.10/dist-packages/leo_msgs-1.2.4-py3.10.egg-info/PKG-INFO
[1.145s] -- Installing: /home/mscrobotics2425laptop35/leo_rover_simulation/ros2_ws/install/leo_msgs/local/lib/python3.10/dist-packages/leo_msgs-1.2.4-py3.10.egg-info/SOURCES.txt
[1.146s] -- Installing: /home/mscrobotics2425laptop35/leo_rover_simulation/ros2_ws/install/leo_msgs/local/lib/python3.10/dist-packages/leo_msgs-1.2.4-py3.10.egg-info/top_level.txt
[1.146s] -- Installing: /home/mscrobotics2425laptop35/leo_rover_simulation/ros2_ws/install/leo_msgs/local/lib/python3.10/dist-packages/leo_msgs-1.2.4-py3.10.egg-info/dependency_links.txt
[1.146s] -- Up-to-date: /home/mscrobotics2425laptop35/leo_rover_simulation/ros2_ws/install/leo_msgs/local/lib/python3.10/dist-packages/leo_msgs
[1.146s] -- Up-to-date: /home/mscrobotics2425laptop35/leo_rover_simulation/ros2_ws/install/leo_msgs/local/lib/python3.10/dist-packages/leo_msgs/msg
[1.146s] -- Up-to-date: /home/mscrobotics2425laptop35/leo_rover_simulation/ros2_ws/install/leo_msgs/local/lib/python3.10/dist-packages/leo_msgs/msg/_wheel_odom_mecanum.py
[1.147s] -- Up-to-date: /home/mscrobotics2425laptop35/leo_rover_simulation/ros2_ws/install/leo_msgs/local/lib/python3.10/dist-packages/leo_msgs/msg/_imu_s.c
[1.147s] -- Up-to-date: /home/mscrobotics2425laptop35/leo_rover_simulation/ros2_ws/install/leo_msgs/local/lib/python3.10/dist-packages/leo_msgs/msg/_wheel_odom.py
[1.147s] -- Up-to-date: /home/mscrobotics2425laptop35/leo_rover_simulation/ros2_ws/install/leo_msgs/local/lib/python3.10/dist-packages/leo_msgs/msg/_wheel_states.py
[1.147s] -- Up-to-date: /home/mscrobotics2425laptop35/leo_rover_simulation/ros2_ws/install/leo_msgs/local/lib/python3.10/dist-packages/leo_msgs/msg/_imu.py
[1.147s] -- Up-to-date: /home/mscrobotics2425laptop35/leo_rover_simulation/ros2_ws/install/leo_msgs/local/lib/python3.10/dist-packages/leo_msgs/msg/_wheel_odom_s.c
[1.147s] -- Up-to-date: /home/mscrobotics2425laptop35/leo_rover_simulation/ros2_ws/install/leo_msgs/local/lib/python3.10/dist-packages/leo_msgs/msg/_wheel_odom_mecanum_s.c
[1.147s] -- Up-to-date: /home/mscrobotics2425laptop35/leo_rover_simulation/ros2_ws/install/leo_msgs/local/lib/python3.10/dist-packages/leo_msgs/msg/__init__.py
[1.148s] -- Up-to-date: /home/mscrobotics2425laptop35/leo_rover_simulation/ros2_ws/install/leo_msgs/local/lib/python3.10/dist-packages/leo_msgs/msg/_wheel_states_s.c
[1.148s] -- Up-to-date: /home/mscrobotics2425laptop35/leo_rover_simulation/ros2_ws/install/leo_msgs/local/lib/python3.10/dist-packages/leo_msgs/leo_msgs_s__rosidl_typesupport_c.cpython-310-x86_64-linux-gnu.so
[1.148s] -- Up-to-date: /home/mscrobotics2425laptop35/leo_rover_simulation/ros2_ws/install/leo_msgs/local/lib/python3.10/dist-packages/leo_msgs/leo_msgs_s__rosidl_typesupport_fastrtps_c.cpython-310-x86_64-linux-gnu.so
[1.148s] -- Up-to-date: /home/mscrobotics2425laptop35/leo_rover_simulation/ros2_ws/install/leo_msgs/local/lib/python3.10/dist-packages/leo_msgs/_leo_msgs_s.ep.rosidl_typesupport_fastrtps_c.c
[1.148s] -- Up-to-date: /home/mscrobotics2425laptop35/leo_rover_simulation/ros2_ws/install/leo_msgs/local/lib/python3.10/dist-packages/leo_msgs/libleo_msgs__rosidl_generator_py.so
[1.148s] -- Up-to-date: /home/mscrobotics2425laptop35/leo_rover_simulation/ros2_ws/install/leo_msgs/local/lib/python3.10/dist-packages/leo_msgs/_leo_msgs_s.ep.rosidl_typesupport_c.c
[1.148s] -- Up-to-date: /home/mscrobotics2425laptop35/leo_rover_simulation/ros2_ws/install/leo_msgs/local/lib/python3.10/dist-packages/leo_msgs/_leo_msgs_s.ep.rosidl_typesupport_introspection_c.c
[1.149s] -- Up-to-date: /home/mscrobotics2425laptop35/leo_rover_simulation/ros2_ws/install/leo_msgs/local/lib/python3.10/dist-packages/leo_msgs/srv
[1.149s] -- Up-to-date: /home/mscrobotics2425laptop35/leo_rover_simulation/ros2_ws/install/leo_msgs/local/lib/python3.10/dist-packages/leo_msgs/srv/_set_imu_calibration.py
[1.149s] -- Up-to-date: /home/mscrobotics2425laptop35/leo_rover_simulation/ros2_ws/install/leo_msgs/local/lib/python3.10/dist-packages/leo_msgs/srv/_set_imu_calibration_s.c
[1.150s] -- Up-to-date: /home/mscrobotics2425laptop35/leo_rover_simulation/ros2_ws/install/leo_msgs/local/lib/python3.10/dist-packages/leo_msgs/srv/__init__.py
[1.150s] -- Up-to-date: /home/mscrobotics2425laptop35/leo_rover_simulation/ros2_ws/install/leo_msgs/local/lib/python3.10/dist-packages/leo_msgs/leo_msgs_s__rosidl_typesupport_introspection_c.cpython-310-x86_64-linux-gnu.so
[1.150s] -- Up-to-date: /home/mscrobotics2425laptop35/leo_rover_simulation/ros2_ws/install/leo_msgs/local/lib/python3.10/dist-packages/leo_msgs/__init__.py
[1.232s] Listing '/home/mscrobotics2425laptop35/leo_rover_simulation/ros2_ws/install/leo_msgs/local/lib/python3.10/dist-packages/leo_msgs'...
[1.233s] Listing '/home/mscrobotics2425laptop35/leo_rover_simulation/ros2_ws/install/leo_msgs/local/lib/python3.10/dist-packages/leo_msgs/msg'...
[1.233s] Listing '/home/mscrobotics2425laptop35/leo_rover_simulation/ros2_ws/install/leo_msgs/local/lib/python3.10/dist-packages/leo_msgs/srv'...
[1.248s] -- Up-to-date: /home/mscrobotics2425laptop35/leo_rover_simulation/ros2_ws/install/leo_msgs/local/lib/python3.10/dist-packages/leo_msgs/leo_msgs_s__rosidl_typesupport_fastrtps_c.cpython-310-x86_64-linux-gnu.so
[1.249s] -- Up-to-date: /home/mscrobotics2425laptop35/leo_rover_simulation/ros2_ws/install/leo_msgs/local/lib/python3.10/dist-packages/leo_msgs/leo_msgs_s__rosidl_typesupport_introspection_c.cpython-310-x86_64-linux-gnu.so
[1.249s] -- Up-to-date: /home/mscrobotics2425laptop35/leo_rover_simulation/ros2_ws/install/leo_msgs/local/lib/python3.10/dist-packages/leo_msgs/leo_msgs_s__rosidl_typesupport_c.cpython-310-x86_64-linux-gnu.so
[1.249s] -- Up-to-date: /home/mscrobotics2425laptop35/leo_rover_simulation/ros2_ws/install/leo_msgs/lib/libleo_msgs__rosidl_generator_py.so
[1.249s] -- Up-to-date: /home/mscrobotics2425laptop35/leo_rover_simulation/ros2_ws/install/leo_msgs/share/leo_msgs/msg/Imu.idl
[1.249s] -- Up-to-date: /home/mscrobotics2425laptop35/leo_rover_simulation/ros2_ws/install/leo_msgs/share/leo_msgs/msg/WheelOdom.idl
[1.249s] -- Up-to-date: /home/mscrobotics2425laptop35/leo_rover_simulation/ros2_ws/install/leo_msgs/share/leo_msgs/msg/WheelOdomMecanum.idl
[1.250s] -- Up-to-date: /home/mscrobotics2425laptop35/leo_rover_simulation/ros2_ws/install/leo_msgs/share/leo_msgs/msg/WheelStates.idl
[1.250s] -- Up-to-date: /home/mscrobotics2425laptop35/leo_rover_simulation/ros2_ws/install/leo_msgs/share/leo_msgs/srv/SetImuCalibration.idl
[1.250s] -- Up-to-date: /home/mscrobotics2425laptop35/leo_rover_simulation/ros2_ws/install/leo_msgs/share/leo_msgs/msg/Imu.msg
[1.250s] -- Up-to-date: /home/mscrobotics2425laptop35/leo_rover_simulation/ros2_ws/install/leo_msgs/share/leo_msgs/msg/WheelOdom.msg
[1.250s] -- Up-to-date: /home/mscrobotics2425laptop35/leo_rover_simulation/ros2_ws/install/leo_msgs/share/leo_msgs/msg/WheelOdomMecanum.msg
[1.250s] -- Up-to-date: /home/mscrobotics2425laptop35/leo_rover_simulation/ros2_ws/install/leo_msgs/share/leo_msgs/msg/WheelStates.msg
[1.250s] -- Up-to-date: /home/mscrobotics2425laptop35/leo_rover_simulation/ros2_ws/install/leo_msgs/share/leo_msgs/srv/SetImuCalibration.srv
[1.251s] -- Up-to-date: /home/mscrobotics2425laptop35/leo_rover_simulation/ros2_ws/install/leo_msgs/share/leo_msgs/srv/SetImuCalibration_Request.msg
[1.251s] -- Up-to-date: /home/mscrobotics2425laptop35/leo_rover_simulation/ros2_ws/install/leo_msgs/share/leo_msgs/srv/SetImuCalibration_Response.msg
[1.251s] -- Up-to-date: /home/mscrobotics2425laptop35/leo_rover_simulation/ros2_ws/install/leo_msgs/share/ament_index/resource_index/package_run_dependencies/leo_msgs
[1.251s] -- Up-to-date: /home/mscrobotics2425laptop35/leo_rover_simulation/ros2_ws/install/leo_msgs/share/ament_index/resource_index/parent_prefix_path/leo_msgs
[1.251s] -- Up-to-date: /home/mscrobotics2425laptop35/leo_rover_simulation/ros2_ws/install/leo_msgs/share/leo_msgs/environment/ament_prefix_path.sh
[1.251s] -- Up-to-date: /home/mscrobotics2425laptop35/leo_rover_simulation/ros2_ws/install/leo_msgs/share/leo_msgs/environment/ament_prefix_path.dsv
[1.251s] -- Up-to-date: /home/mscrobotics2425laptop35/leo_rover_simulation/ros2_ws/install/leo_msgs/share/leo_msgs/environment/path.sh
[1.252s] -- Up-to-date: /home/mscrobotics2425laptop35/leo_rover_simulation/ros2_ws/install/leo_msgs/share/leo_msgs/environment/path.dsv
[1.252s] -- Up-to-date: /home/mscrobotics2425laptop35/leo_rover_simulation/ros2_ws/install/leo_msgs/share/leo_msgs/local_setup.bash
[1.252s] -- Up-to-date: /home/mscrobotics2425laptop35/leo_rover_simulation/ros2_ws/install/leo_msgs/share/leo_msgs/local_setup.sh
[1.252s] -- Up-to-date: /home/mscrobotics2425laptop35/leo_rover_simulation/ros2_ws/install/leo_msgs/share/leo_msgs/local_setup.zsh
[1.252s] -- Up-to-date: /home/mscrobotics2425laptop35/leo_rover_simulation/ros2_ws/install/leo_msgs/share/leo_msgs/local_setup.dsv
[1.253s] -- Installing: /home/mscrobotics2425laptop35/leo_rover_simulation/ros2_ws/install/leo_msgs/share/leo_msgs/package.dsv
[1.255s] -- Up-to-date: /home/mscrobotics2425laptop35/leo_rover_simulation/ros2_ws/install/leo_msgs/share/ament_index/resource_index/packages/leo_msgs
[1.256s] -- Up-to-date: /home/mscrobotics2425laptop35/leo_rover_simulation/ros2_ws/install/leo_msgs/share/leo_msgs/cmake/export_leo_msgs__rosidl_generator_cExport.cmake
[1.256s] -- Up-to-date: /home/mscrobotics2425laptop35/leo_rover_simulation/ros2_ws/install/leo_msgs/share/leo_msgs/cmake/export_leo_msgs__rosidl_generator_cExport-noconfig.cmake
[1.257s] -- Up-to-date: /home/mscrobotics2425laptop35/leo_rover_simulation/ros2_ws/install/leo_msgs/share/leo_msgs/cmake/export_leo_msgs__rosidl_typesupport_fastrtps_cExport.cmake
[1.257s] -- Up-to-date: /home/mscrobotics2425laptop35/leo_rover_simulation/ros2_ws/install/leo_msgs/share/leo_msgs/cmake/export_leo_msgs__rosidl_typesupport_fastrtps_cExport-noconfig.cmake
[1.257s] -- Up-to-date: /home/mscrobotics2425laptop35/leo_rover_simulation/ros2_ws/install/leo_msgs/share/leo_msgs/cmake/leo_msgs__rosidl_typesupport_introspection_cExport.cmake
[1.257s] -- Up-to-date: /home/mscrobotics2425laptop35/leo_rover_simulation/ros2_ws/install/leo_msgs/share/leo_msgs/cmake/leo_msgs__rosidl_typesupport_introspection_cExport-noconfig.cmake
[1.258s] -- Up-to-date: /home/mscrobotics2425laptop35/leo_rover_simulation/ros2_ws/install/leo_msgs/share/leo_msgs/cmake/leo_msgs__rosidl_typesupport_cExport.cmake
[1.258s] -- Up-to-date: /home/mscrobotics2425laptop35/leo_rover_simulation/ros2_ws/install/leo_msgs/share/leo_msgs/cmake/leo_msgs__rosidl_typesupport_cExport-noconfig.cmake
[1.259s] -- Up-to-date: /home/mscrobotics2425laptop35/leo_rover_simulation/ros2_ws/install/leo_msgs/share/leo_msgs/cmake/export_leo_msgs__rosidl_generator_cppExport.cmake
[1.259s] -- Up-to-date: /home/mscrobotics2425laptop35/leo_rover_simulation/ros2_ws/install/leo_msgs/share/leo_msgs/cmake/export_leo_msgs__rosidl_typesupport_fastrtps_cppExport.cmake
[1.260s] -- Up-to-date: /home/mscrobotics2425laptop35/leo_rover_simulation/ros2_ws/install/leo_msgs/share/leo_msgs/cmake/export_leo_msgs__rosidl_typesupport_fastrtps_cppExport-noconfig.cmake
[1.260s] -- Up-to-date: /home/mscrobotics2425laptop35/leo_rover_simulation/ros2_ws/install/leo_msgs/share/leo_msgs/cmake/leo_msgs__rosidl_typesupport_introspection_cppExport.cmake
[1.261s] -- Up-to-date: /home/mscrobotics2425laptop35/leo_rover_simulation/ros2_ws/install/leo_msgs/share/leo_msgs/cmake/leo_msgs__rosidl_typesupport_introspection_cppExport-noconfig.cmake
[1.262s] -- Up-to-date: /home/mscrobotics2425laptop35/leo_rover_simulation/ros2_ws/install/leo_msgs/share/leo_msgs/cmake/leo_msgs__rosidl_typesupport_cppExport.cmake
[1.263s] -- Up-to-date: /home/mscrobotics2425laptop35/leo_rover_simulation/ros2_ws/install/leo_msgs/share/leo_msgs/cmake/leo_msgs__rosidl_typesupport_cppExport-noconfig.cmake
[1.263s] -- Up-to-date: /home/mscrobotics2425laptop35/leo_rover_simulation/ros2_ws/install/leo_msgs/share/leo_msgs/cmake/export_leo_msgs__rosidl_generator_pyExport.cmake
[1.263s] -- Up-to-date: /home/mscrobotics2425laptop35/leo_rover_simulation/ros2_ws/install/leo_msgs/share/leo_msgs/cmake/export_leo_msgs__rosidl_generator_pyExport-noconfig.cmake
[1.264s] -- Up-to-date: /home/mscrobotics2425laptop35/leo_rover_simulation/ros2_ws/install/leo_msgs/share/leo_msgs/cmake/rosidl_cmake-extras.cmake
[1.264s] -- Up-to-date: /home/mscrobotics2425laptop35/leo_rover_simulation/ros2_ws/install/leo_msgs/share/leo_msgs/cmake/ament_cmake_export_dependencies-extras.cmake
[1.264s] -- Up-to-date: /home/mscrobotics2425laptop35/leo_rover_simulation/ros2_ws/install/leo_msgs/share/leo_msgs/cmake/ament_cmake_export_include_directories-extras.cmake
[1.264s] -- Up-to-date: /home/mscrobotics2425laptop35/leo_rover_simulation/ros2_ws/install/leo_msgs/share/leo_msgs/cmake/ament_cmake_export_libraries-extras.cmake
[1.264s] -- Up-to-date: /home/mscrobotics2425laptop35/leo_rover_simulation/ros2_ws/install/leo_msgs/share/leo_msgs/cmake/ament_cmake_export_targets-extras.cmake
[1.265s] -- Up-to-date: /home/mscrobotics2425laptop35/leo_rover_simulation/ros2_ws/install/leo_msgs/share/leo_msgs/cmake/rosidl_cmake_export_typesupport_targets-extras.cmake
[1.265s] -- Up-to-date: /home/mscrobotics2425laptop35/leo_rover_simulation/ros2_ws/install/leo_msgs/share/leo_msgs/cmake/rosidl_cmake_export_typesupport_libraries-extras.cmake
[1.265s] -- Up-to-date: /home/mscrobotics2425laptop35/leo_rover_simulation/ros2_ws/install/leo_msgs/share/leo_msgs/cmake/leo_msgsConfig.cmake
[1.265s] -- Up-to-date: /home/mscrobotics2425laptop35/leo_rover_simulation/ros2_ws/install/leo_msgs/share/leo_msgs/cmake/leo_msgsConfig-version.cmake
[1.265s] -- Up-to-date: /home/mscrobotics2425laptop35/leo_rover_simulation/ros2_ws/install/leo_msgs/share/leo_msgs/package.xml
[1.268s] Invoked command in '/home/mscrobotics2425laptop35/leo_rover_simulation/ros2_ws/build/leo_msgs' returned '0': CMAKE_PREFIX_PATH=/home/mscrobotics2425laptop35/leo_rover_simulation/ros2_ws/install/leo_navigation_tutorial_ros2:/home/mscrobotics2425laptop35/leo_rover_simulation/ros2_ws/install/leo_simulator:/home/mscrobotics2425laptop35/leo_rover_simulation/ros2_ws/install/leo_gz_bringup:/home/mscrobotics2425laptop35/leo_rover_simulation/ros2_ws/install/leo_gz_plugins:/home/mscrobotics2425laptop35/leo_rover_simulation/ros2_ws/install/leo:/home/mscrobotics2425laptop35/leo_rover_simulation/ros2_ws/install/leo_teleop:/home/mscrobotics2425laptop35/leo_rover_simulation/ros2_ws/install/leo_msgs:/home/mscrobotics2425laptop35/leo_rover_simulation/ros2_ws/install/leo_gz_worlds:/home/mscrobotics2425laptop35/leo_rover_simulation/ros2_ws/install/leo_description:/home/mscrobotics2425laptop35/leo_rover_simulation/ros2_ws/src/leo_common-ros2/leo_description/install/leo_description:/home/mscrobotics2425laptop35/leo_rover_simulation/ros2_ws/install/gui_controller_leo:/home/mscrobotics2425laptop35/ros2_wss/install/map2gazebo:/home/mscrobotics2425laptop35/ros2_wss/install/example_urdf_robot:/home/mscrobotics2425laptop35/ros2_wss/install/example_gz_robot:/home/mscrobotics2425laptop35/ros2_tutorial_workspace/install/the_simplest_python_package:/home/mscrobotics2425laptop35/ros2_tutorial_workspace/install/python_package_with_a_node:/home/mscrobotics2425laptop35/ros2_tutorial_workspace/install/python_package_that_uses_the_library:/home/mscrobotics2425laptop35/ros2_tutorial_workspace/install/python_package_with_a_library:/home/mscrobotics2425laptop35/ros2_tutorial_workspace/install/python_package_that_uses_the_services:/home/mscrobotics2425laptop35/ros2_tutorial_workspace/install/python_package_that_uses_the_messages:/home/mscrobotics2425laptop35/ros2_tutorial_workspace/install/python_package_that_uses_parameters_and_launch_files:/opt/ros/humble:/home/mscrobotics2425laptop35/ros2_wss/install/leo_navigation:/home/mscrobotics2425laptop35/ros2_tutorial_workspace/install/package_with_interfaces /usr/bin/cmake --install /home/mscrobotics2425laptop35/leo_rover_simulation/ros2_ws/build/leo_msgs
