[1.601s] Invoking command in '/home/mscrobotics2425laptop35/leo_rover_simulation/ros2_ws/src/gui_controller_leo': PYTHONPATH=/home/mscrobotics2425laptop35/leo_rover_simulation/ros2_ws/build/gui_controller_leo/prefix_override:/home/mscrobotics2425laptop35/.local/lib/python3.10/site-packages/colcon_core/task/python/colcon_distutils_commands:/home/mscrobotics2425laptop35/leo_rover_simulation/ros2_ws/install/gui_controller_leo/lib/python3.10/site-packages:${PYTHONPATH} /usr/bin/python3 -W ignore:setup.py install is deprecated setup.py egg_info --egg-base ../../build/gui_controller_leo build --build-base /home/mscrobotics2425laptop35/leo_rover_simulation/ros2_ws/build/gui_controller_leo/build install --record /home/mscrobotics2425laptop35/leo_rover_simulation/ros2_ws/build/gui_controller_leo/install.log --single-version-externally-managed install_data
[2.162s] running egg_info
[2.164s] writing ../../build/gui_controller_leo/gui_controller_leo.egg-info/PKG-INFO
[2.164s] writing dependency_links to ../../build/gui_controller_leo/gui_controller_leo.egg-info/dependency_links.txt
[2.164s] writing entry points to ../../build/gui_controller_leo/gui_controller_leo.egg-info/entry_points.txt
[2.165s] writing requirements to ../../build/gui_controller_leo/gui_controller_leo.egg-info/requires.txt
[2.165s] writing top-level names to ../../build/gui_controller_leo/gui_controller_leo.egg-info/top_level.txt
[2.170s] reading manifest file '../../build/gui_controller_leo/gui_controller_leo.egg-info/SOURCES.txt'
[2.172s] writing manifest file '../../build/gui_controller_leo/gui_controller_leo.egg-info/SOURCES.txt'
[2.172s] running build
[2.172s] running build_py
[2.173s] running install
[2.173s] running install_lib
[2.176s] running install_data
[2.178s] running install_egg_info
[2.181s] removing '/home/mscrobotics2425laptop35/leo_rover_simulation/ros2_ws/install/gui_controller_leo/lib/python3.10/site-packages/gui_controller_leo-0.0.0-py3.10.egg-info' (and everything under it)
[2.182s] Copying ../../build/gui_controller_leo/gui_controller_leo.egg-info to /home/mscrobotics2425laptop35/leo_rover_simulation/ros2_ws/install/gui_controller_leo/lib/python3.10/site-packages/gui_controller_leo-0.0.0-py3.10.egg-info
[2.184s] running install_scripts
[2.229s] Installing gui_controller script to /home/mscrobotics2425laptop35/leo_rover_simulation/ros2_ws/install/gui_controller_leo/lib/gui_controller_leo
[2.229s] writing list of installed files to '/home/mscrobotics2425laptop35/leo_rover_simulation/ros2_ws/build/gui_controller_leo/install.log'
[2.273s] Invoked command in '/home/mscrobotics2425laptop35/leo_rover_simulation/ros2_ws/src/gui_controller_leo' returned '0': PYTHONPATH=/home/mscrobotics2425laptop35/leo_rover_simulation/ros2_ws/build/gui_controller_leo/prefix_override:/home/mscrobotics2425laptop35/.local/lib/python3.10/site-packages/colcon_core/task/python/colcon_distutils_commands:/home/mscrobotics2425laptop35/leo_rover_simulation/ros2_ws/install/gui_controller_leo/lib/python3.10/site-packages:${PYTHONPATH} /usr/bin/python3 -W ignore:setup.py install is deprecated setup.py egg_info --egg-base ../../build/gui_controller_leo build --build-base /home/mscrobotics2425laptop35/leo_rover_simulation/ros2_ws/build/gui_controller_leo/build install --record /home/mscrobotics2425laptop35/leo_rover_simulation/ros2_ws/build/gui_controller_leo/install.log --single-version-externally-managed install_data
