[1.273s] Invoking command in '/home/mscrobotics2425laptop37/Documents/SystemsDesignProject/Team1Repository/Navigation/attempt2 - rosws code/attempt2.1/ros_ws/src/lidar_obstacle_avoidance': PYTHONPATH=/home/mscrobotics2425laptop37/Documents/SystemsDesignProject/Team1Repository/Navigation/attempt2 - rosws code/attempt2.1/ros_ws/build/lidar_obstacle_avoidance/prefix_override:/usr/lib/python3/dist-packages/colcon_core/task/python/colcon_distutils_commands:/home/mscrobotics2425laptop37/Documents/SystemsDesignProject/Team1Repository/Navigation/attempt2 - rosws code/attempt2.1/ros_ws/install/lidar_obstacle_avoidance/lib/python3.10/site-packages:${PYTHONPATH} /usr/bin/python3 -W ignore:setup.py install is deprecated -W ignore:easy_install command is deprecated setup.py egg_info --egg-base ../../build/lidar_obstacle_avoidance build --build-base /home/mscrobotics2425laptop37/Documents/SystemsDesignProject/Team1Repository/Navigation/attempt2 - rosws code/attempt2.1/ros_ws/build/lidar_obstacle_avoidance/build install --record /home/mscrobotics2425laptop37/Documents/SystemsDesignProject/Team1Repository/Navigation/attempt2 - rosws code/attempt2.1/ros_ws/build/lidar_obstacle_avoidance/install.log --single-version-externally-managed install_data
[1.514s] /home/mscrobotics2425laptop37/.local/lib/python3.10/site-packages/setuptools/_distutils/dist.py:270: UserWarning: Unknown distribution option: 'tests_require'
[1.514s]   warnings.warn(msg)
[1.674s] running egg_info
[1.690s] writing ../../build/lidar_obstacle_avoidance/lidar_obstacle_avoidance.egg-info/PKG-INFO
[1.691s] writing dependency_links to ../../build/lidar_obstacle_avoidance/lidar_obstacle_avoidance.egg-info/dependency_links.txt
[1.692s] writing entry points to ../../build/lidar_obstacle_avoidance/lidar_obstacle_avoidance.egg-info/entry_points.txt
[1.692s] writing requirements to ../../build/lidar_obstacle_avoidance/lidar_obstacle_avoidance.egg-info/requires.txt
[1.692s] writing top-level names to ../../build/lidar_obstacle_avoidance/lidar_obstacle_avoidance.egg-info/top_level.txt
[1.756s] reading manifest file '../../build/lidar_obstacle_avoidance/lidar_obstacle_avoidance.egg-info/SOURCES.txt'
[1.760s] writing manifest file '../../build/lidar_obstacle_avoidance/lidar_obstacle_avoidance.egg-info/SOURCES.txt'
[1.760s] running build
[1.760s] running build_py
[1.761s] copying lidar_obstacle_avoidance/obstacle_avoidance.py -> /home/mscrobotics2425laptop37/Documents/SystemsDesignProject/Team1Repository/Navigation/attempt2 - rosws code/attempt2.1/ros_ws/build/lidar_obstacle_avoidance/build/lib/lidar_obstacle_avoidance
[1.761s] copying lidar_obstacle_avoidance/__init__.py -> /home/mscrobotics2425laptop37/Documents/SystemsDesignProject/Team1Repository/Navigation/attempt2 - rosws code/attempt2.1/ros_ws/build/lidar_obstacle_avoidance/build/lib/lidar_obstacle_avoidance
[1.761s] running install
[1.774s] running install_lib
[1.823s] copying /home/mscrobotics2425laptop37/Documents/SystemsDesignProject/Team1Repository/Navigation/attempt2 - rosws code/attempt2.1/ros_ws/build/lidar_obstacle_avoidance/build/lib/lidar_obstacle_avoidance/obstacle_avoidance.py -> /home/mscrobotics2425laptop37/Documents/SystemsDesignProject/Team1Repository/Navigation/attempt2 - rosws code/attempt2.1/ros_ws/install/lidar_obstacle_avoidance/lib/python3.10/site-packages/lidar_obstacle_avoidance
[1.825s] byte-compiling /home/mscrobotics2425laptop37/Documents/SystemsDesignProject/Team1Repository/Navigation/attempt2 - rosws code/attempt2.1/ros_ws/install/lidar_obstacle_avoidance/lib/python3.10/site-packages/lidar_obstacle_avoidance/obstacle_avoidance.py to obstacle_avoidance.cpython-310.pyc
[1.827s] running install_data
[1.828s] copying resource/lidar_obstacle_avoidance -> /home/mscrobotics2425laptop37/Documents/SystemsDesignProject/Team1Repository/Navigation/attempt2 - rosws code/attempt2.1/ros_ws/install/lidar_obstacle_avoidance/share/ament_index/resource_index/packages
[1.829s] copying package.xml -> /home/mscrobotics2425laptop37/Documents/SystemsDesignProject/Team1Repository/Navigation/attempt2 - rosws code/attempt2.1/ros_ws/install/lidar_obstacle_avoidance/share/lidar_obstacle_avoidance
[1.829s] running install_egg_info
[1.882s] removing '/home/mscrobotics2425laptop37/Documents/SystemsDesignProject/Team1Repository/Navigation/attempt2 - rosws code/attempt2.1/ros_ws/install/lidar_obstacle_avoidance/lib/python3.10/site-packages/lidar_obstacle_avoidance-0.0.0-py3.10.egg-info' (and everything under it)
[1.882s] Copying ../../build/lidar_obstacle_avoidance/lidar_obstacle_avoidance.egg-info to /home/mscrobotics2425laptop37/Documents/SystemsDesignProject/Team1Repository/Navigation/attempt2 - rosws code/attempt2.1/ros_ws/install/lidar_obstacle_avoidance/lib/python3.10/site-packages/lidar_obstacle_avoidance-0.0.0-py3.10.egg-info
[1.885s] running install_scripts
[2.100s] Installing lidar_obstacle_avoidance script to /home/mscrobotics2425laptop37/Documents/SystemsDesignProject/Team1Repository/Navigation/attempt2 - rosws code/attempt2.1/ros_ws/install/lidar_obstacle_avoidance/lib/lidar_obstacle_avoidance
[2.100s] writing list of installed files to '/home/mscrobotics2425laptop37/Documents/SystemsDesignProject/Team1Repository/Navigation/attempt2 - rosws code/attempt2.1/ros_ws/build/lidar_obstacle_avoidance/install.log'
[2.145s] Invoked command in '/home/mscrobotics2425laptop37/Documents/SystemsDesignProject/Team1Repository/Navigation/attempt2 - rosws code/attempt2.1/ros_ws/src/lidar_obstacle_avoidance' returned '0': PYTHONPATH=/home/mscrobotics2425laptop37/Documents/SystemsDesignProject/Team1Repository/Navigation/attempt2 - rosws code/attempt2.1/ros_ws/build/lidar_obstacle_avoidance/prefix_override:/usr/lib/python3/dist-packages/colcon_core/task/python/colcon_distutils_commands:/home/mscrobotics2425laptop37/Documents/SystemsDesignProject/Team1Repository/Navigation/attempt2 - rosws code/attempt2.1/ros_ws/install/lidar_obstacle_avoidance/lib/python3.10/site-packages:${PYTHONPATH} /usr/bin/python3 -W ignore:setup.py install is deprecated -W ignore:easy_install command is deprecated setup.py egg_info --egg-base ../../build/lidar_obstacle_avoidance build --build-base /home/mscrobotics2425laptop37/Documents/SystemsDesignProject/Team1Repository/Navigation/attempt2 - rosws code/attempt2.1/ros_ws/build/lidar_obstacle_avoidance/build install --record /home/mscrobotics2425laptop37/Documents/SystemsDesignProject/Team1Repository/Navigation/attempt2 - rosws code/attempt2.1/ros_ws/build/lidar_obstacle_avoidance/install.log --single-version-externally-managed install_data
