[0.143s] Invoking command in '/home/mscrobotics2425laptop35/leo_rover_simulation/ros2_ws/build/leo_gz_plugins': CMAKE_PREFIX_PATH=/home/mscrobotics2425laptop35/leo_rover_simulation/ros2_ws/install/leo:/home/mscrobotics2425laptop35/leo_rover_simulation/ros2_ws/install/leo_teleop:/home/mscrobotics2425laptop35/leo_rover_simulation/ros2_ws/install/leo_simulator:/home/mscrobotics2425laptop35/leo_rover_simulation/ros2_ws/install/leo_navigation_tutorial_ros2:/home/mscrobotics2425laptop35/leo_rover_simulation/ros2_ws/install/leo_msgs:/home/mscrobotics2425laptop35/leo_rover_simulation/ros2_ws/install/leo_gz_bringup:/home/mscrobotics2425laptop35/leo_rover_simulation/ros2_ws/install/leo_gz_worlds:/home/mscrobotics2425laptop35/leo_rover_simulation/ros2_ws/install/leo_gz_plugins:/home/mscrobotics2425laptop35/leo_rover_simulation/ros2_ws/install/leo_description:/home/mscrobotics2425laptop35/leo_rover_simulation/ros2_ws/src/leo_common-ros2/leo_description/install/leo_description:/home/mscrobotics2425laptop35/leo_rover_simulation/ros2_ws/install/gui_controller_leo:/home/mscrobotics2425laptop35/ros2_wss/install/map2gazebo:/home/mscrobotics2425laptop35/ros2_wss/install/example_urdf_robot:/home/mscrobotics2425laptop35/ros2_wss/install/example_gz_robot:/home/mscrobotics2425laptop35/ros2_tutorial_workspace/install/the_simplest_python_package:/home/mscrobotics2425laptop35/ros2_tutorial_workspace/install/python_package_with_a_node:/home/mscrobotics2425laptop35/ros2_tutorial_workspace/install/python_package_that_uses_the_library:/home/mscrobotics2425laptop35/ros2_tutorial_workspace/install/python_package_with_a_library:/home/mscrobotics2425laptop35/ros2_tutorial_workspace/install/python_package_that_uses_the_services:/home/mscrobotics2425laptop35/ros2_tutorial_workspace/install/python_package_that_uses_the_messages:/home/mscrobotics2425laptop35/ros2_tutorial_workspace/install/python_package_that_uses_parameters_and_launch_files:/opt/ros/humble:/home/mscrobotics2425laptop35/ros2_wss/install/leo_navigation:/home/mscrobotics2425laptop35/ros2_tutorial_workspace/install/package_with_interfaces /usr/bin/cmake /home/mscrobotics2425laptop35/leo_rover_simulation/ros2_ws/src/leo_simulator-ros2/leo_gz_plugins -DCMAKE_INSTALL_PREFIX=/home/mscrobotics2425laptop35/leo_rover_simulation/ros2_ws/install/leo_gz_plugins
[1.364s] -- The C compiler identification is GNU 11.4.0
[1.364s] -- The CXX compiler identification is GNU 11.4.0
[1.364s] -- Detecting C compiler ABI info
[1.365s] -- Detecting C compiler ABI info - done
[1.365s] -- Check for working C compiler: /usr/bin/cc - skipped
[1.365s] -- Detecting C compile features
[1.365s] -- Detecting C compile features - done
[1.366s] -- Detecting CXX compiler ABI info
[1.366s] -- Detecting CXX compiler ABI info - done
[1.367s] -- Check for working CXX compiler: /usr/bin/c++ - skipped
[1.367s] -- Detecting CXX compile features
[1.368s] -- Detecting CXX compile features - done
[1.368s] -- Found ament_cmake: 1.3.10 (/opt/ros/humble/share/ament_cmake/cmake)
[2.004s] -- Found Python3: /usr/bin/python3 (found version "3.10.12") found components: Interpreter 
[2.451s] -- Looking for ignition-plugin1 -- found version 1.4.0
[2.485s] -- Searching for dependencies of ignition-plugin1
[2.489s] -- Searching for <ignition-plugin1> component [register]
[2.500s] -- Looking for ignition-plugin1-register -- found version 1.4.0
[2.504s] -- Searching for dependencies of ignition-plugin1-register
[2.518s] -- Looking for ignition-gazebo6 -- found version 6.16.0
[2.522s] -- Searching for dependencies of ignition-gazebo6
[2.536s] -- Looking for sdformat12 -- found version 12.7.2
[2.536s] -- Searching for dependencies of sdformat12
[2.552s] -- Checking for module 'tinyxml2'
[2.648s] --   Found tinyxml2, version 9.0.0
[2.836s] -- Looking for ignition-math6 -- found version 6.15.1
[2.836s] -- Searching for dependencies of ignition-math6
[2.853s] -- Looking for ignition-utils1 -- found version 1.5.1
[2.854s] -- Searching for dependencies of ignition-utils1
[2.859s] -- Looking for ignition-plugin1 -- found version 1.4.0
[2.860s] -- Searching for dependencies of ignition-plugin1
[2.860s] -- Searching for <ignition-plugin1> component [loader]
[2.868s] -- Looking for ignition-plugin1-loader -- found version 1.4.0
[2.870s] -- Searching for dependencies of ignition-plugin1-loader
[2.872s] -- Searching for <ignition-plugin1> component [register]
[2.899s] -- Looking for ignition-transport11 -- found version 11.4.1
[2.900s] -- Searching for dependencies of ignition-transport11
[3.599s] -- Found Protobuf: /usr/lib/x86_64-linux-gnu/libprotobuf.so (found version "3.12.4") 
[3.670s] -- Config-file not installed for ZeroMQ -- checking for pkg-config
[3.675s] -- Checking for module 'libzmq >= 4'
[3.755s] --   Found libzmq , version 4.3.4
[3.911s] -- Found ZeroMQ: TRUE (Required is at least version "4") 
[3.927s] -- Checking for module 'uuid'
[3.992s] --   Found uuid, version 2.37.2
[4.182s] -- Found UUID: TRUE  
[4.185s] -- Looking for ignition-utils1 -- found version 1.5.1
[4.187s] -- Searching for dependencies of ignition-utils1
[4.188s] -- Searching for <ignition-utils1> component [cli]
[4.202s] -- Looking for ignition-utils1-cli -- found version 1.5.1
[4.204s] -- Searching for dependencies of ignition-utils1-cli
[4.220s] -- Looking for ignition-msgs8 -- found version 8.7.0
[4.221s] -- Searching for dependencies of ignition-msgs8
[4.296s] -- Found Protobuf: /usr/lib/x86_64-linux-gnu/libprotobuf.so (found suitable version "3.12.4", minimum required is "3") 
[4.297s] -- Looking for ignition-math6 -- found version 6.15.1
[4.349s] -- Searching for <ignition-transport11> component [log]
[4.366s] -- Looking for ignition-transport11-log -- found version 11.4.1
[4.378s] -- Searching for dependencies of ignition-transport11-log
[4.388s] -- Searching for <ignition-transport11> component [parameters]
[4.404s] -- Looking for ignition-transport11-parameters -- found version 11.4.1
[4.406s] -- Searching for dependencies of ignition-transport11-parameters
[4.410s] -- Looking for ignition-msgs8 -- found version 8.7.0
[4.418s] -- Looking for ignition-common4 -- found version 4.7.0
[4.421s] -- Searching for dependencies of ignition-common4
[4.421s] -- Looking for dlfcn.h - found
[4.426s] -- Looking for libdl - found
[4.427s] -- Found DL: TRUE  
[4.478s] -- Searching for <ignition-common4> component [profiler]
[4.487s] -- Looking for ignition-common4-profiler -- found version 4.7.0
[4.493s] -- Searching for dependencies of ignition-common4-profiler
[4.493s] -- Searching for <ignition-common4> component [events]
[4.503s] -- Looking for ignition-common4-events -- found version 4.7.0
[4.504s] -- Searching for dependencies of ignition-common4-events
[4.505s] -- Looking for ignition-math6 -- found version 6.15.1
[4.507s] -- Searching for <ignition-common4> component [av]
[4.516s] -- Looking for ignition-common4-av -- found version 4.7.0
[4.518s] -- Searching for dependencies of ignition-common4-av
[4.533s] -- Checking for module 'libswscale'
[4.582s] --   Found libswscale, version 5.9.100
[4.717s] -- Found SWSCALE: TRUE  
[4.745s] -- Checking for module 'libavdevice >= 56.4.100'
[4.790s] --   Found libavdevice , version 58.13.100
[4.883s] -- Found AVDEVICE: TRUE (Required is at least version "56.4.100") 
[4.898s] -- Checking for module 'libavformat'
[4.942s] --   Found libavformat, version 58.76.100
[5.030s] -- Found AVFORMAT: TRUE  
[5.041s] -- Checking for module 'libavcodec'
[5.073s] --   Found libavcodec, version 58.134.100
[5.162s] -- Found AVCODEC: TRUE  
[5.176s] -- Checking for module 'libavutil'
[5.214s] --   Found libavutil, version 56.70.100
[5.295s] -- Found AVUTIL: TRUE  
[5.304s] -- Looking for ignition-fuel_tools7 -- found version 7.3.0
[5.305s] -- Searching for dependencies of ignition-fuel_tools7
[5.551s] -- Found CURL: /usr/lib/x86_64-linux-gnu/libcurl.so (found version "7.81.0")  
[5.583s] -- Checking for module 'jsoncpp'
[5.636s] --   Found jsoncpp, version 1.9.5
[5.754s] -- Found JSONCPP: TRUE  
[5.778s] -- Checking for module 'libzip'
[5.823s] --   Found libzip, version 1.7.3
[5.927s] -- Found ZIP: TRUE  
[5.928s] -- Looking for ignition-common4 -- found version 4.7.0
[5.930s] -- Looking for ignition-math6 -- found version 6.15.1
[5.934s] -- Looking for ignition-msgs8 -- found version 8.7.0
[5.949s] -- Looking for ignition-gui6 -- found version 6.8.0
[5.950s] -- Searching for dependencies of ignition-gui6
[6.059s] -- Looking for ignition-math6 -- found version 6.15.1
[6.061s] -- Looking for ignition-common4 -- found version 4.7.0
[6.062s] -- Looking for ignition-plugin1 -- found version 1.4.0
[6.063s] -- Looking for ignition-transport11 -- found version 11.4.1
[6.075s] -- Looking for ignition-rendering6 -- found version 6.6.3
[6.077s] -- Searching for dependencies of ignition-rendering6
[6.078s] -- Looking for ignition-math6 -- found version 6.15.1
[6.079s] -- Searching for dependencies of ignition-math6
[6.080s] -- Searching for <ignition-math6> component [eigen3]
[6.090s] -- Looking for ignition-math6-eigen3 -- found version 6.15.1
[6.093s] -- Searching for dependencies of ignition-math6-eigen3
[6.124s] -- Looking for ignition-common4 -- found version 4.7.0
[6.125s] -- Searching for dependencies of ignition-common4
[6.125s] -- Looking for dlfcn.h - found
[6.125s] -- Looking for libdl - found
[6.149s] -- Searching for <ignition-common4> component [graphics]
[6.160s] -- Looking for ignition-common4-graphics -- found version 4.7.0
[6.161s] -- Searching for dependencies of ignition-common4-graphics
[6.163s] -- Looking for ignition-math6 -- found version 6.15.1
[6.163s] -- Looking for ignition-utils1 -- found version 1.5.1
[6.165s] -- Searching for <ignition-common4> component [events]
[6.170s] -- Looking for ignition-plugin1 -- found version 1.4.0
[6.171s] -- Searching for dependencies of ignition-plugin1
[6.172s] -- Searching for <ignition-plugin1> component [all]
[6.183s] -- Looking for all libraries of ignition-plugin1 -- found version 1.4.0
[6.184s] -- Looking for ignition-plugin1 -- found version 1.4.0
[6.190s] -- Looking for ignition-msgs8 -- found version 8.7.0
[6.263s] -- Looking for ignition-physics5 -- found version 5.3.2
[6.264s] -- Searching for dependencies of ignition-physics5
[6.264s] -- Looking for ignition-math6 -- found version 6.15.1
[6.266s] -- Looking for ignition-plugin1 -- found version 1.4.0
[6.267s] -- Looking for ignition-utils1 -- found version 1.5.1
[6.270s] -- Searching for <ignition-physics5> component [heightmap]
[6.281s] -- Looking for ignition-physics5-heightmap -- found version 5.3.2
[6.282s] -- Searching for dependencies of ignition-physics5-heightmap
[6.283s] -- Looking for ignition-common4 -- found version 4.7.0
[6.286s] -- Searching for <ignition-physics5> component [mesh]
[6.295s] -- Looking for ignition-physics5-mesh -- found version 5.3.2
[6.296s] -- Searching for dependencies of ignition-physics5-mesh
[6.299s] -- Looking for ignition-common4 -- found version 4.7.0
[6.302s] -- Searching for <ignition-physics5> component [sdf]
[6.313s] -- Looking for ignition-physics5-sdf -- found version 5.3.2
[6.313s] -- Searching for dependencies of ignition-physics5-sdf
[6.314s] -- Looking for sdformat12 -- found version 12.7.2
[6.327s] -- Looking for ignition-sensors6 -- found version 6.8.0
[6.328s] -- Searching for dependencies of ignition-sensors6
[6.387s] -- Found Protobuf: /usr/lib/x86_64-linux-gnu/libprotobuf.so (found version "3.12.4") 
[6.390s] -- Looking for ignition-math6 -- found version 6.15.1
[6.391s] -- Looking for ignition-common4 -- found version 4.7.0
[6.392s] -- Looking for ignition-transport11 -- found version 11.4.1
[6.393s] -- Looking for ignition-rendering6 -- found version 6.6.3
[6.394s] -- Looking for ignition-msgs8 -- found version 8.7.0
[6.395s] -- Looking for sdformat12 -- found version 12.7.2
[6.396s] -- Searching for <ignition-sensors6> component [air_pressure]
[6.410s] -- Looking for ignition-sensors6-air_pressure -- found version 6.8.0
[6.410s] -- Searching for dependencies of ignition-sensors6-air_pressure
[6.414s] -- Searching for <ignition-sensors6> component [altimeter]
[6.422s] -- Looking for ignition-sensors6-altimeter -- found version 6.8.0
[6.423s] -- Searching for dependencies of ignition-sensors6-altimeter
[6.428s] -- Searching for <ignition-sensors6> component [imu]
[6.438s] -- Looking for ignition-sensors6-imu -- found version 6.8.0
[6.438s] -- Searching for dependencies of ignition-sensors6-imu
[6.441s] -- Searching for <ignition-sensors6> component [force_torque]
[6.449s] -- Looking for ignition-sensors6-force_torque -- found version 6.8.0
[6.451s] -- Searching for dependencies of ignition-sensors6-force_torque
[6.452s] -- Searching for <ignition-sensors6> component [logical_camera]
[6.464s] -- Looking for ignition-sensors6-logical_camera -- found version 6.8.0
[6.465s] -- Searching for dependencies of ignition-sensors6-logical_camera
[6.466s] -- Searching for <ignition-sensors6> component [magnetometer]
[6.489s] -- Looking for ignition-sensors6-magnetometer -- found version 6.8.0
[6.489s] -- Searching for dependencies of ignition-sensors6-magnetometer
[6.489s] -- Searching for <ignition-sensors6> component [navsat]
[6.494s] -- Looking for ignition-sensors6-navsat -- found version 6.8.0
[6.496s] -- Searching for dependencies of ignition-sensors6-navsat
[6.502s] -- Searching for <ignition-sensors6> component [rendering]
[6.513s] -- Looking for ignition-sensors6-rendering -- found version 6.8.0
[6.515s] -- Searching for dependencies of ignition-sensors6-rendering
[6.516s] -- Searching for <ignition-sensors6> component [lidar]
[6.526s] -- Looking for ignition-sensors6-lidar -- found version 6.8.0
[6.527s] -- Searching for dependencies of ignition-sensors6-lidar
[6.528s] -- Looking for ignition-sensors6 -- found version 6.8.0
[6.530s] -- Searching for <ignition-sensors6> component [gpu_lidar]
[6.541s] -- Looking for ignition-sensors6-gpu_lidar -- found version 6.8.0
[6.542s] -- Searching for dependencies of ignition-sensors6-gpu_lidar
[6.543s] -- Looking for ignition-sensors6 -- found version 6.8.0
[6.545s] -- Searching for <ignition-sensors6> component [camera]
[6.555s] -- Looking for ignition-sensors6-camera -- found version 6.8.0
[6.557s] -- Searching for dependencies of ignition-sensors6-camera
[6.558s] -- Looking for ignition-sensors6 -- found version 6.8.0
[6.559s] -- Searching for <ignition-sensors6> component [boundingbox_camera]
[6.570s] -- Looking for ignition-sensors6-boundingbox_camera -- found version 6.8.0
[6.572s] -- Searching for dependencies of ignition-sensors6-boundingbox_camera
[6.579s] -- Searching for <ignition-sensors6> component [segmentation_camera]
[6.587s] -- Looking for ignition-sensors6-segmentation_camera -- found version 6.8.0
[6.587s] -- Searching for dependencies of ignition-sensors6-segmentation_camera
[6.590s] -- Searching for <ignition-sensors6> component [depth_camera]
[6.598s] -- Looking for ignition-sensors6-depth_camera -- found version 6.8.0
[6.598s] -- Searching for dependencies of ignition-sensors6-depth_camera
[6.603s] -- Looking for ignition-sensors6 -- found version 6.8.0
[6.603s] -- Searching for <ignition-sensors6> component [rgbd_camera]
[6.616s] -- Looking for ignition-sensors6-rgbd_camera -- found version 6.8.0
[6.616s] -- Searching for dependencies of ignition-sensors6-rgbd_camera
[6.616s] -- Looking for ignition-sensors6 -- found version 6.8.0
[6.617s] -- Searching for <ignition-sensors6> component [thermal_camera]
[6.627s] -- Looking for ignition-sensors6-thermal_camera -- found version 6.8.0
[6.632s] -- Searching for dependencies of ignition-sensors6-thermal_camera
[6.633s] -- Looking for ignition-sensors6 -- found version 6.8.0
[6.634s] -- Looking for ignition-rendering6 -- found version 6.6.3
[6.641s] -- Looking for ignition-math6 -- found version 6.15.1
[6.647s] -- Looking for ignition-utils1 -- found version 1.5.1
[6.713s] -- Found ament_lint_auto: 0.12.11 (/opt/ros/humble/share/ament_lint_auto/cmake)
[6.977s] -- Added test 'copyright' to check source files copyright and LICENSE
[6.982s] -- Added test 'cpplint' to check C / C++ code against the Google style
[6.982s] -- Configured cpplint exclude dirs and/or files: 
[6.988s] -- Added test 'lint_cmake' to check CMake code style
[6.990s] -- Added test 'uncrustify' to check C / C++ code style
[6.991s] -- Configured uncrustify additional arguments: 
[6.994s] -- Added test 'xmllint' to check XML markup files
[7.003s] -- Configuring done
[7.044s] -- Generating done
[7.051s] -- Build files have been written to: /home/mscrobotics2425laptop35/leo_rover_simulation/ros2_ws/build/leo_gz_plugins
[7.107s] Invoked command in '/home/mscrobotics2425laptop35/leo_rover_simulation/ros2_ws/build/leo_gz_plugins' returned '0': CMAKE_PREFIX_PATH=/home/mscrobotics2425laptop35/leo_rover_simulation/ros2_ws/install/leo:/home/mscrobotics2425laptop35/leo_rover_simulation/ros2_ws/install/leo_teleop:/home/mscrobotics2425laptop35/leo_rover_simulation/ros2_ws/install/leo_simulator:/home/mscrobotics2425laptop35/leo_rover_simulation/ros2_ws/install/leo_navigation_tutorial_ros2:/home/mscrobotics2425laptop35/leo_rover_simulation/ros2_ws/install/leo_msgs:/home/mscrobotics2425laptop35/leo_rover_simulation/ros2_ws/install/leo_gz_bringup:/home/mscrobotics2425laptop35/leo_rover_simulation/ros2_ws/install/leo_gz_worlds:/home/mscrobotics2425laptop35/leo_rover_simulation/ros2_ws/install/leo_gz_plugins:/home/mscrobotics2425laptop35/leo_rover_simulation/ros2_ws/install/leo_description:/home/mscrobotics2425laptop35/leo_rover_simulation/ros2_ws/src/leo_common-ros2/leo_description/install/leo_description:/home/mscrobotics2425laptop35/leo_rover_simulation/ros2_ws/install/gui_controller_leo:/home/mscrobotics2425laptop35/ros2_wss/install/map2gazebo:/home/mscrobotics2425laptop35/ros2_wss/install/example_urdf_robot:/home/mscrobotics2425laptop35/ros2_wss/install/example_gz_robot:/home/mscrobotics2425laptop35/ros2_tutorial_workspace/install/the_simplest_python_package:/home/mscrobotics2425laptop35/ros2_tutorial_workspace/install/python_package_with_a_node:/home/mscrobotics2425laptop35/ros2_tutorial_workspace/install/python_package_that_uses_the_library:/home/mscrobotics2425laptop35/ros2_tutorial_workspace/install/python_package_with_a_library:/home/mscrobotics2425laptop35/ros2_tutorial_workspace/install/python_package_that_uses_the_services:/home/mscrobotics2425laptop35/ros2_tutorial_workspace/install/python_package_that_uses_the_messages:/home/mscrobotics2425laptop35/ros2_tutorial_workspace/install/python_package_that_uses_parameters_and_launch_files:/opt/ros/humble:/home/mscrobotics2425laptop35/ros2_wss/install/leo_navigation:/home/mscrobotics2425laptop35/ros2_tutorial_workspace/install/package_with_interfaces /usr/bin/cmake /home/mscrobotics2425laptop35/leo_rover_simulation/ros2_ws/src/leo_simulator-ros2/leo_gz_plugins -DCMAKE_INSTALL_PREFIX=/home/mscrobotics2425laptop35/leo_rover_simulation/ros2_ws/install/leo_gz_plugins
[7.108s] Invoking command in '/home/mscrobotics2425laptop35/leo_rover_simulation/ros2_ws/build/leo_gz_plugins': CMAKE_PREFIX_PATH=/home/mscrobotics2425laptop35/leo_rover_simulation/ros2_ws/install/leo:/home/mscrobotics2425laptop35/leo_rover_simulation/ros2_ws/install/leo_teleop:/home/mscrobotics2425laptop35/leo_rover_simulation/ros2_ws/install/leo_simulator:/home/mscrobotics2425laptop35/leo_rover_simulation/ros2_ws/install/leo_navigation_tutorial_ros2:/home/mscrobotics2425laptop35/leo_rover_simulation/ros2_ws/install/leo_msgs:/home/mscrobotics2425laptop35/leo_rover_simulation/ros2_ws/install/leo_gz_bringup:/home/mscrobotics2425laptop35/leo_rover_simulation/ros2_ws/install/leo_gz_worlds:/home/mscrobotics2425laptop35/leo_rover_simulation/ros2_ws/install/leo_gz_plugins:/home/mscrobotics2425laptop35/leo_rover_simulation/ros2_ws/install/leo_description:/home/mscrobotics2425laptop35/leo_rover_simulation/ros2_ws/src/leo_common-ros2/leo_description/install/leo_description:/home/mscrobotics2425laptop35/leo_rover_simulation/ros2_ws/install/gui_controller_leo:/home/mscrobotics2425laptop35/ros2_wss/install/map2gazebo:/home/mscrobotics2425laptop35/ros2_wss/install/example_urdf_robot:/home/mscrobotics2425laptop35/ros2_wss/install/example_gz_robot:/home/mscrobotics2425laptop35/ros2_tutorial_workspace/install/the_simplest_python_package:/home/mscrobotics2425laptop35/ros2_tutorial_workspace/install/python_package_with_a_node:/home/mscrobotics2425laptop35/ros2_tutorial_workspace/install/python_package_that_uses_the_library:/home/mscrobotics2425laptop35/ros2_tutorial_workspace/install/python_package_with_a_library:/home/mscrobotics2425laptop35/ros2_tutorial_workspace/install/python_package_that_uses_the_services:/home/mscrobotics2425laptop35/ros2_tutorial_workspace/install/python_package_that_uses_the_messages:/home/mscrobotics2425laptop35/ros2_tutorial_workspace/install/python_package_that_uses_parameters_and_launch_files:/opt/ros/humble:/home/mscrobotics2425laptop35/ros2_wss/install/leo_navigation:/home/mscrobotics2425laptop35/ros2_tutorial_workspace/install/package_with_interfaces /usr/bin/cmake --build /home/mscrobotics2425laptop35/leo_rover_simulation/ros2_ws/build/leo_gz_plugins -- -j12 -l12
[7.259s] [ 50%] [32mBuilding CXX object CMakeFiles/leo_gz_differential_plugin.dir/src/differential_system.cpp.o[0m
[45.861s] [100%] [32m[1mLinking CXX shared library libleo_gz_differential_plugin.so[0m
[47.437s] [100%] Built target leo_gz_differential_plugin
[47.462s] Invoked command in '/home/mscrobotics2425laptop35/leo_rover_simulation/ros2_ws/build/leo_gz_plugins' returned '0': CMAKE_PREFIX_PATH=/home/mscrobotics2425laptop35/leo_rover_simulation/ros2_ws/install/leo:/home/mscrobotics2425laptop35/leo_rover_simulation/ros2_ws/install/leo_teleop:/home/mscrobotics2425laptop35/leo_rover_simulation/ros2_ws/install/leo_simulator:/home/mscrobotics2425laptop35/leo_rover_simulation/ros2_ws/install/leo_navigation_tutorial_ros2:/home/mscrobotics2425laptop35/leo_rover_simulation/ros2_ws/install/leo_msgs:/home/mscrobotics2425laptop35/leo_rover_simulation/ros2_ws/install/leo_gz_bringup:/home/mscrobotics2425laptop35/leo_rover_simulation/ros2_ws/install/leo_gz_worlds:/home/mscrobotics2425laptop35/leo_rover_simulation/ros2_ws/install/leo_gz_plugins:/home/mscrobotics2425laptop35/leo_rover_simulation/ros2_ws/install/leo_description:/home/mscrobotics2425laptop35/leo_rover_simulation/ros2_ws/src/leo_common-ros2/leo_description/install/leo_description:/home/mscrobotics2425laptop35/leo_rover_simulation/ros2_ws/install/gui_controller_leo:/home/mscrobotics2425laptop35/ros2_wss/install/map2gazebo:/home/mscrobotics2425laptop35/ros2_wss/install/example_urdf_robot:/home/mscrobotics2425laptop35/ros2_wss/install/example_gz_robot:/home/mscrobotics2425laptop35/ros2_tutorial_workspace/install/the_simplest_python_package:/home/mscrobotics2425laptop35/ros2_tutorial_workspace/install/python_package_with_a_node:/home/mscrobotics2425laptop35/ros2_tutorial_workspace/install/python_package_that_uses_the_library:/home/mscrobotics2425laptop35/ros2_tutorial_workspace/install/python_package_with_a_library:/home/mscrobotics2425laptop35/ros2_tutorial_workspace/install/python_package_that_uses_the_services:/home/mscrobotics2425laptop35/ros2_tutorial_workspace/install/python_package_that_uses_the_messages:/home/mscrobotics2425laptop35/ros2_tutorial_workspace/install/python_package_that_uses_parameters_and_launch_files:/opt/ros/humble:/home/mscrobotics2425laptop35/ros2_wss/install/leo_navigation:/home/mscrobotics2425laptop35/ros2_tutorial_workspace/install/package_with_interfaces /usr/bin/cmake --build /home/mscrobotics2425laptop35/leo_rover_simulation/ros2_ws/build/leo_gz_plugins -- -j12 -l12
[47.525s] Invoking command in '/home/mscrobotics2425laptop35/leo_rover_simulation/ros2_ws/build/leo_gz_plugins': CMAKE_PREFIX_PATH=/home/mscrobotics2425laptop35/leo_rover_simulation/ros2_ws/install/leo:/home/mscrobotics2425laptop35/leo_rover_simulation/ros2_ws/install/leo_teleop:/home/mscrobotics2425laptop35/leo_rover_simulation/ros2_ws/install/leo_simulator:/home/mscrobotics2425laptop35/leo_rover_simulation/ros2_ws/install/leo_navigation_tutorial_ros2:/home/mscrobotics2425laptop35/leo_rover_simulation/ros2_ws/install/leo_msgs:/home/mscrobotics2425laptop35/leo_rover_simulation/ros2_ws/install/leo_gz_bringup:/home/mscrobotics2425laptop35/leo_rover_simulation/ros2_ws/install/leo_gz_worlds:/home/mscrobotics2425laptop35/leo_rover_simulation/ros2_ws/install/leo_gz_plugins:/home/mscrobotics2425laptop35/leo_rover_simulation/ros2_ws/install/leo_description:/home/mscrobotics2425laptop35/leo_rover_simulation/ros2_ws/src/leo_common-ros2/leo_description/install/leo_description:/home/mscrobotics2425laptop35/leo_rover_simulation/ros2_ws/install/gui_controller_leo:/home/mscrobotics2425laptop35/ros2_wss/install/map2gazebo:/home/mscrobotics2425laptop35/ros2_wss/install/example_urdf_robot:/home/mscrobotics2425laptop35/ros2_wss/install/example_gz_robot:/home/mscrobotics2425laptop35/ros2_tutorial_workspace/install/the_simplest_python_package:/home/mscrobotics2425laptop35/ros2_tutorial_workspace/install/python_package_with_a_node:/home/mscrobotics2425laptop35/ros2_tutorial_workspace/install/python_package_that_uses_the_library:/home/mscrobotics2425laptop35/ros2_tutorial_workspace/install/python_package_with_a_library:/home/mscrobotics2425laptop35/ros2_tutorial_workspace/install/python_package_that_uses_the_services:/home/mscrobotics2425laptop35/ros2_tutorial_workspace/install/python_package_that_uses_the_messages:/home/mscrobotics2425laptop35/ros2_tutorial_workspace/install/python_package_that_uses_parameters_and_launch_files:/opt/ros/humble:/home/mscrobotics2425laptop35/ros2_wss/install/leo_navigation:/home/mscrobotics2425laptop35/ros2_tutorial_workspace/install/package_with_interfaces /usr/bin/cmake --install /home/mscrobotics2425laptop35/leo_rover_simulation/ros2_ws/build/leo_gz_plugins
[47.544s] -- Install configuration: ""
[47.544s] -- Installing: /home/mscrobotics2425laptop35/leo_rover_simulation/ros2_ws/install/leo_gz_plugins/lib/libleo_gz_differential_plugin.so
[47.567s] -- Installing: /home/mscrobotics2425laptop35/leo_rover_simulation/ros2_ws/install/leo_gz_plugins/share/leo_gz_plugins/environment/gz_sim_system_plugin_path.sh
[47.567s] -- Installing: /home/mscrobotics2425laptop35/leo_rover_simulation/ros2_ws/install/leo_gz_plugins/share/leo_gz_plugins/environment/gz_sim_system_plugin_path.dsv
[47.568s] -- Installing: /home/mscrobotics2425laptop35/leo_rover_simulation/ros2_ws/install/leo_gz_plugins/share/ament_index/resource_index/package_run_dependencies/leo_gz_plugins
[47.568s] -- Installing: /home/mscrobotics2425laptop35/leo_rover_simulation/ros2_ws/install/leo_gz_plugins/share/ament_index/resource_index/parent_prefix_path/leo_gz_plugins
[47.568s] -- Installing: /home/mscrobotics2425laptop35/leo_rover_simulation/ros2_ws/install/leo_gz_plugins/share/leo_gz_plugins/environment/ament_prefix_path.sh
[47.568s] -- Installing: /home/mscrobotics2425laptop35/leo_rover_simulation/ros2_ws/install/leo_gz_plugins/share/leo_gz_plugins/environment/ament_prefix_path.dsv
[47.569s] -- Installing: /home/mscrobotics2425laptop35/leo_rover_simulation/ros2_ws/install/leo_gz_plugins/share/leo_gz_plugins/environment/path.sh
[47.569s] -- Installing: /home/mscrobotics2425laptop35/leo_rover_simulation/ros2_ws/install/leo_gz_plugins/share/leo_gz_plugins/environment/path.dsv
[47.569s] -- Installing: /home/mscrobotics2425laptop35/leo_rover_simulation/ros2_ws/install/leo_gz_plugins/share/leo_gz_plugins/local_setup.bash
[47.570s] -- Installing: /home/mscrobotics2425laptop35/leo_rover_simulation/ros2_ws/install/leo_gz_plugins/share/leo_gz_plugins/local_setup.sh
[47.570s] -- Installing: /home/mscrobotics2425laptop35/leo_rover_simulation/ros2_ws/install/leo_gz_plugins/share/leo_gz_plugins/local_setup.zsh
[47.570s] -- Installing: /home/mscrobotics2425laptop35/leo_rover_simulation/ros2_ws/install/leo_gz_plugins/share/leo_gz_plugins/local_setup.dsv
[47.570s] -- Installing: /home/mscrobotics2425laptop35/leo_rover_simulation/ros2_ws/install/leo_gz_plugins/share/leo_gz_plugins/package.dsv
[47.570s] -- Installing: /home/mscrobotics2425laptop35/leo_rover_simulation/ros2_ws/install/leo_gz_plugins/share/ament_index/resource_index/packages/leo_gz_plugins
[47.571s] -- Installing: /home/mscrobotics2425laptop35/leo_rover_simulation/ros2_ws/install/leo_gz_plugins/share/leo_gz_plugins/cmake/leo_gz_pluginsConfig.cmake
[47.571s] -- Installing: /home/mscrobotics2425laptop35/leo_rover_simulation/ros2_ws/install/leo_gz_plugins/share/leo_gz_plugins/cmake/leo_gz_pluginsConfig-version.cmake
[47.571s] -- Installing: /home/mscrobotics2425laptop35/leo_rover_simulation/ros2_ws/install/leo_gz_plugins/share/leo_gz_plugins/package.xml
[47.576s] Invoked command in '/home/mscrobotics2425laptop35/leo_rover_simulation/ros2_ws/build/leo_gz_plugins' returned '0': CMAKE_PREFIX_PATH=/home/mscrobotics2425laptop35/leo_rover_simulation/ros2_ws/install/leo:/home/mscrobotics2425laptop35/leo_rover_simulation/ros2_ws/install/leo_teleop:/home/mscrobotics2425laptop35/leo_rover_simulation/ros2_ws/install/leo_simulator:/home/mscrobotics2425laptop35/leo_rover_simulation/ros2_ws/install/leo_navigation_tutorial_ros2:/home/mscrobotics2425laptop35/leo_rover_simulation/ros2_ws/install/leo_msgs:/home/mscrobotics2425laptop35/leo_rover_simulation/ros2_ws/install/leo_gz_bringup:/home/mscrobotics2425laptop35/leo_rover_simulation/ros2_ws/install/leo_gz_worlds:/home/mscrobotics2425laptop35/leo_rover_simulation/ros2_ws/install/leo_gz_plugins:/home/mscrobotics2425laptop35/leo_rover_simulation/ros2_ws/install/leo_description:/home/mscrobotics2425laptop35/leo_rover_simulation/ros2_ws/src/leo_common-ros2/leo_description/install/leo_description:/home/mscrobotics2425laptop35/leo_rover_simulation/ros2_ws/install/gui_controller_leo:/home/mscrobotics2425laptop35/ros2_wss/install/map2gazebo:/home/mscrobotics2425laptop35/ros2_wss/install/example_urdf_robot:/home/mscrobotics2425laptop35/ros2_wss/install/example_gz_robot:/home/mscrobotics2425laptop35/ros2_tutorial_workspace/install/the_simplest_python_package:/home/mscrobotics2425laptop35/ros2_tutorial_workspace/install/python_package_with_a_node:/home/mscrobotics2425laptop35/ros2_tutorial_workspace/install/python_package_that_uses_the_library:/home/mscrobotics2425laptop35/ros2_tutorial_workspace/install/python_package_with_a_library:/home/mscrobotics2425laptop35/ros2_tutorial_workspace/install/python_package_that_uses_the_services:/home/mscrobotics2425laptop35/ros2_tutorial_workspace/install/python_package_that_uses_the_messages:/home/mscrobotics2425laptop35/ros2_tutorial_workspace/install/python_package_that_uses_parameters_and_launch_files:/opt/ros/humble:/home/mscrobotics2425laptop35/ros2_wss/install/leo_navigation:/home/mscrobotics2425laptop35/ros2_tutorial_workspace/install/package_with_interfaces /usr/bin/cmake --install /home/mscrobotics2425laptop35/leo_rover_simulation/ros2_ws/build/leo_gz_plugins
