[0.065s] Invoking command in '/home/mscrobotics2425laptop35/leo_rover_simulation/ros2_ws/build/leo_gz_worlds': CMAKE_PREFIX_PATH=/home/mscrobotics2425laptop35/leo_rover_simulation/ros2_ws/install/leo_navigation_tutorial_ros2:/home/mscrobotics2425laptop35/leo_rover_simulation/ros2_ws/install/leo_simulator:/home/mscrobotics2425laptop35/leo_rover_simulation/ros2_ws/install/leo_gz_bringup:/home/mscrobotics2425laptop35/leo_rover_simulation/ros2_ws/install/leo_gz_plugins:/home/mscrobotics2425laptop35/leo_rover_simulation/ros2_ws/install/leo:/home/mscrobotics2425laptop35/leo_rover_simulation/ros2_ws/install/leo_teleop:/home/mscrobotics2425laptop35/leo_rover_simulation/ros2_ws/install/leo_msgs:/home/mscrobotics2425laptop35/leo_rover_simulation/ros2_ws/install/leo_gz_worlds:/home/mscrobotics2425laptop35/leo_rover_simulation/ros2_ws/install/leo_description:/home/mscrobotics2425laptop35/leo_rover_simulation/ros2_ws/src/leo_common-ros2/leo_description/install/leo_description:/home/mscrobotics2425laptop35/leo_rover_simulation/ros2_ws/install/gui_controller_leo:/home/mscrobotics2425laptop35/ros2_wss/install/map2gazebo:/home/mscrobotics2425laptop35/ros2_wss/install/example_urdf_robot:/home/mscrobotics2425laptop35/ros2_wss/install/example_gz_robot:/home/mscrobotics2425laptop35/ros2_tutorial_workspace/install/the_simplest_python_package:/home/mscrobotics2425laptop35/ros2_tutorial_workspace/install/python_package_with_a_node:/home/mscrobotics2425laptop35/ros2_tutorial_workspace/install/python_package_that_uses_the_library:/home/mscrobotics2425laptop35/ros2_tutorial_workspace/install/python_package_with_a_library:/home/mscrobotics2425laptop35/ros2_tutorial_workspace/install/python_package_that_uses_the_services:/home/mscrobotics2425laptop35/ros2_tutorial_workspace/install/python_package_that_uses_the_messages:/home/mscrobotics2425laptop35/ros2_tutorial_workspace/install/python_package_that_uses_parameters_and_launch_files:/opt/ros/humble:/home/mscrobotics2425laptop35/ros2_wss/install/leo_navigation:/home/mscrobotics2425laptop35/ros2_tutorial_workspace/install/package_with_interfaces /usr/bin/cmake --build /home/mscrobotics2425laptop35/leo_rover_simulation/ros2_ws/build/leo_gz_worlds -- -j12 -l12
[0.658s] Invoked command in '/home/mscrobotics2425laptop35/leo_rover_simulation/ros2_ws/build/leo_gz_worlds' returned '0': CMAKE_PREFIX_PATH=/home/mscrobotics2425laptop35/leo_rover_simulation/ros2_ws/install/leo_navigation_tutorial_ros2:/home/mscrobotics2425laptop35/leo_rover_simulation/ros2_ws/install/leo_simulator:/home/mscrobotics2425laptop35/leo_rover_simulation/ros2_ws/install/leo_gz_bringup:/home/mscrobotics2425laptop35/leo_rover_simulation/ros2_ws/install/leo_gz_plugins:/home/mscrobotics2425laptop35/leo_rover_simulation/ros2_ws/install/leo:/home/mscrobotics2425laptop35/leo_rover_simulation/ros2_ws/install/leo_teleop:/home/mscrobotics2425laptop35/leo_rover_simulation/ros2_ws/install/leo_msgs:/home/mscrobotics2425laptop35/leo_rover_simulation/ros2_ws/install/leo_gz_worlds:/home/mscrobotics2425laptop35/leo_rover_simulation/ros2_ws/install/leo_description:/home/mscrobotics2425laptop35/leo_rover_simulation/ros2_ws/src/leo_common-ros2/leo_description/install/leo_description:/home/mscrobotics2425laptop35/leo_rover_simulation/ros2_ws/install/gui_controller_leo:/home/mscrobotics2425laptop35/ros2_wss/install/map2gazebo:/home/mscrobotics2425laptop35/ros2_wss/install/example_urdf_robot:/home/mscrobotics2425laptop35/ros2_wss/install/example_gz_robot:/home/mscrobotics2425laptop35/ros2_tutorial_workspace/install/the_simplest_python_package:/home/mscrobotics2425laptop35/ros2_tutorial_workspace/install/python_package_with_a_node:/home/mscrobotics2425laptop35/ros2_tutorial_workspace/install/python_package_that_uses_the_library:/home/mscrobotics2425laptop35/ros2_tutorial_workspace/install/python_package_with_a_library:/home/mscrobotics2425laptop35/ros2_tutorial_workspace/install/python_package_that_uses_the_services:/home/mscrobotics2425laptop35/ros2_tutorial_workspace/install/python_package_that_uses_the_messages:/home/mscrobotics2425laptop35/ros2_tutorial_workspace/install/python_package_that_uses_parameters_and_launch_files:/opt/ros/humble:/home/mscrobotics2425laptop35/ros2_wss/install/leo_navigation:/home/mscrobotics2425laptop35/ros2_tutorial_workspace/install/package_with_interfaces /usr/bin/cmake --build /home/mscrobotics2425laptop35/leo_rover_simulation/ros2_ws/build/leo_gz_worlds -- -j12 -l12
[0.715s] Invoking command in '/home/mscrobotics2425laptop35/leo_rover_simulation/ros2_ws/build/leo_gz_worlds': CMAKE_PREFIX_PATH=/home/mscrobotics2425laptop35/leo_rover_simulation/ros2_ws/install/leo_navigation_tutorial_ros2:/home/mscrobotics2425laptop35/leo_rover_simulation/ros2_ws/install/leo_simulator:/home/mscrobotics2425laptop35/leo_rover_simulation/ros2_ws/install/leo_gz_bringup:/home/mscrobotics2425laptop35/leo_rover_simulation/ros2_ws/install/leo_gz_plugins:/home/mscrobotics2425laptop35/leo_rover_simulation/ros2_ws/install/leo:/home/mscrobotics2425laptop35/leo_rover_simulation/ros2_ws/install/leo_teleop:/home/mscrobotics2425laptop35/leo_rover_simulation/ros2_ws/install/leo_msgs:/home/mscrobotics2425laptop35/leo_rover_simulation/ros2_ws/install/leo_gz_worlds:/home/mscrobotics2425laptop35/leo_rover_simulation/ros2_ws/install/leo_description:/home/mscrobotics2425laptop35/leo_rover_simulation/ros2_ws/src/leo_common-ros2/leo_description/install/leo_description:/home/mscrobotics2425laptop35/leo_rover_simulation/ros2_ws/install/gui_controller_leo:/home/mscrobotics2425laptop35/ros2_wss/install/map2gazebo:/home/mscrobotics2425laptop35/ros2_wss/install/example_urdf_robot:/home/mscrobotics2425laptop35/ros2_wss/install/example_gz_robot:/home/mscrobotics2425laptop35/ros2_tutorial_workspace/install/the_simplest_python_package:/home/mscrobotics2425laptop35/ros2_tutorial_workspace/install/python_package_with_a_node:/home/mscrobotics2425laptop35/ros2_tutorial_workspace/install/python_package_that_uses_the_library:/home/mscrobotics2425laptop35/ros2_tutorial_workspace/install/python_package_with_a_library:/home/mscrobotics2425laptop35/ros2_tutorial_workspace/install/python_package_that_uses_the_services:/home/mscrobotics2425laptop35/ros2_tutorial_workspace/install/python_package_that_uses_the_messages:/home/mscrobotics2425laptop35/ros2_tutorial_workspace/install/python_package_that_uses_parameters_and_launch_files:/opt/ros/humble:/home/mscrobotics2425laptop35/ros2_wss/install/leo_navigation:/home/mscrobotics2425laptop35/ros2_tutorial_workspace/install/package_with_interfaces /usr/bin/cmake --install /home/mscrobotics2425laptop35/leo_rover_simulation/ros2_ws/build/leo_gz_worlds
[0.742s] -- Install configuration: ""
[0.743s] -- Up-to-date: /home/mscrobotics2425laptop35/leo_rover_simulation/ros2_ws/install/leo_gz_worlds/share/leo_gz_worlds/worlds
[0.743s] -- Up-to-date: /home/mscrobotics2425laptop35/leo_rover_simulation/ros2_ws/install/leo_gz_worlds/share/leo_gz_worlds/worlds/marsyard2021.sdf
[0.743s] -- Up-to-date: /home/mscrobotics2425laptop35/leo_rover_simulation/ros2_ws/install/leo_gz_worlds/share/leo_gz_worlds/worlds/marsyard2020.sdf
[0.743s] -- Up-to-date: /home/mscrobotics2425laptop35/leo_rover_simulation/ros2_ws/install/leo_gz_worlds/share/leo_gz_worlds/worlds/marsyard2022.sdf
[0.744s] -- Up-to-date: /home/mscrobotics2425laptop35/leo_rover_simulation/ros2_ws/install/leo_gz_worlds/share/leo_gz_worlds/worlds/leo_empty.sdf
[0.744s] -- Up-to-date: /home/mscrobotics2425laptop35/leo_rover_simulation/ros2_ws/install/leo_gz_worlds/share/leo_gz_worlds/models
[0.745s] -- Up-to-date: /home/mscrobotics2425laptop35/leo_rover_simulation/ros2_ws/install/leo_gz_worlds/share/leo_gz_worlds/models/marsyard2022_terrain
[0.749s] -- Up-to-date: /home/mscrobotics2425laptop35/leo_rover_simulation/ros2_ws/install/leo_gz_worlds/share/leo_gz_worlds/models/marsyard2022_terrain/model.sdf
[0.749s] -- Up-to-date: /home/mscrobotics2425laptop35/leo_rover_simulation/ros2_ws/install/leo_gz_worlds/share/leo_gz_worlds/models/marsyard2022_terrain/dem
[0.749s] -- Up-to-date: /home/mscrobotics2425laptop35/leo_rover_simulation/ros2_ws/install/leo_gz_worlds/share/leo_gz_worlds/models/marsyard2022_terrain/dem/flat_normal.png
[0.749s] -- Up-to-date: /home/mscrobotics2425laptop35/leo_rover_simulation/ros2_ws/install/leo_gz_worlds/share/leo_gz_worlds/models/marsyard2022_terrain/dem/marsyard2022_terrain_hm.png
[0.750s] -- Up-to-date: /home/mscrobotics2425laptop35/leo_rover_simulation/ros2_ws/install/leo_gz_worlds/share/leo_gz_worlds/models/marsyard2022_terrain/dem/marsyard2022_terrain_hm.tif
[0.750s] -- Up-to-date: /home/mscrobotics2425laptop35/leo_rover_simulation/ros2_ws/install/leo_gz_worlds/share/leo_gz_worlds/models/marsyard2022_terrain/dem/marsyard2022_terrain_texture.png
[0.750s] -- Up-to-date: /home/mscrobotics2425laptop35/leo_rover_simulation/ros2_ws/install/leo_gz_worlds/share/leo_gz_worlds/models/marsyard2022_terrain/model.config
[0.750s] -- Up-to-date: /home/mscrobotics2425laptop35/leo_rover_simulation/ros2_ws/install/leo_gz_worlds/share/leo_gz_worlds/models/marsyard2020_terrain
[0.750s] -- Up-to-date: /home/mscrobotics2425laptop35/leo_rover_simulation/ros2_ws/install/leo_gz_worlds/share/leo_gz_worlds/models/marsyard2020_terrain/meshes
[0.750s] -- Up-to-date: /home/mscrobotics2425laptop35/leo_rover_simulation/ros2_ws/install/leo_gz_worlds/share/leo_gz_worlds/models/marsyard2020_terrain/meshes/terrain_compressed.obj
[0.750s] -- Up-to-date: /home/mscrobotics2425laptop35/leo_rover_simulation/ros2_ws/install/leo_gz_worlds/share/leo_gz_worlds/models/marsyard2020_terrain/meshes/terrain_compressed.mtl
[0.751s] -- Up-to-date: /home/mscrobotics2425laptop35/leo_rover_simulation/ros2_ws/install/leo_gz_worlds/share/leo_gz_worlds/models/marsyard2020_terrain/meshes/textures
[0.751s] -- Up-to-date: /home/mscrobotics2425laptop35/leo_rover_simulation/ros2_ws/install/leo_gz_worlds/share/leo_gz_worlds/models/marsyard2020_terrain/meshes/textures/fp_rock_spec.jpg
[0.751s] -- Up-to-date: /home/mscrobotics2425laptop35/leo_rover_simulation/ros2_ws/install/leo_gz_worlds/share/leo_gz_worlds/models/marsyard2020_terrain/meshes/textures/diffuse.jpg
[0.751s] -- Up-to-date: /home/mscrobotics2425laptop35/leo_rover_simulation/ros2_ws/install/leo_gz_worlds/share/leo_gz_worlds/models/marsyard2020_terrain/meshes/textures/fp_rock_03_dif.jpg
[0.751s] -- Up-to-date: /home/mscrobotics2425laptop35/leo_rover_simulation/ros2_ws/install/leo_gz_worlds/share/leo_gz_worlds/models/marsyard2020_terrain/meshes/textures/fp_rock_04_dif.jpg
[0.751s] -- Up-to-date: /home/mscrobotics2425laptop35/leo_rover_simulation/ros2_ws/install/leo_gz_worlds/share/leo_gz_worlds/models/marsyard2020_terrain/model.sdf
[0.751s] -- Up-to-date: /home/mscrobotics2425laptop35/leo_rover_simulation/ros2_ws/install/leo_gz_worlds/share/leo_gz_worlds/models/marsyard2020_terrain/model.config
[0.751s] -- Up-to-date: /home/mscrobotics2425laptop35/leo_rover_simulation/ros2_ws/install/leo_gz_worlds/share/leo_gz_worlds/models/marsyard2021_terrain
[0.752s] -- Up-to-date: /home/mscrobotics2425laptop35/leo_rover_simulation/ros2_ws/install/leo_gz_worlds/share/leo_gz_worlds/models/marsyard2021_terrain/meshes
[0.752s] -- Up-to-date: /home/mscrobotics2425laptop35/leo_rover_simulation/ros2_ws/install/leo_gz_worlds/share/leo_gz_worlds/models/marsyard2021_terrain/meshes/lava.obj
[0.752s] -- Up-to-date: /home/mscrobotics2425laptop35/leo_rover_simulation/ros2_ws/install/leo_gz_worlds/share/leo_gz_worlds/models/marsyard2021_terrain/meshes/textures
[0.752s] -- Up-to-date: /home/mscrobotics2425laptop35/leo_rover_simulation/ros2_ws/install/leo_gz_worlds/share/leo_gz_worlds/models/marsyard2021_terrain/meshes/textures/fp_rock_spec.jpg
[0.752s] -- Up-to-date: /home/mscrobotics2425laptop35/leo_rover_simulation/ros2_ws/install/leo_gz_worlds/share/leo_gz_worlds/models/marsyard2021_terrain/meshes/textures/fp_rock.jpg
[0.752s] -- Up-to-date: /home/mscrobotics2425laptop35/leo_rover_simulation/ros2_ws/install/leo_gz_worlds/share/leo_gz_worlds/models/marsyard2021_terrain/meshes/textures/fp_rock01bt.jpg
[0.752s] -- Up-to-date: /home/mscrobotics2425laptop35/leo_rover_simulation/ros2_ws/install/leo_gz_worlds/share/leo_gz_worlds/models/marsyard2021_terrain/meshes/textures/fp_soil_02.jpg
[0.752s] -- Up-to-date: /home/mscrobotics2425laptop35/leo_rover_simulation/ros2_ws/install/leo_gz_worlds/share/leo_gz_worlds/models/marsyard2021_terrain/meshes/textures/fp_natur14l.jpg
[0.753s] -- Up-to-date: /home/mscrobotics2425laptop35/leo_rover_simulation/ros2_ws/install/leo_gz_worlds/share/leo_gz_worlds/models/marsyard2021_terrain/meshes/rocks_medium.obj
[0.756s] -- Up-to-date: /home/mscrobotics2425laptop35/leo_rover_simulation/ros2_ws/install/leo_gz_worlds/share/leo_gz_worlds/models/marsyard2021_terrain/meshes/lava.mtl
[0.756s] -- Up-to-date: /home/mscrobotics2425laptop35/leo_rover_simulation/ros2_ws/install/leo_gz_worlds/share/leo_gz_worlds/models/marsyard2021_terrain/meshes/rocks_medium.mtl
[0.756s] -- Up-to-date: /home/mscrobotics2425laptop35/leo_rover_simulation/ros2_ws/install/leo_gz_worlds/share/leo_gz_worlds/models/marsyard2021_terrain/meshes/rocks_big.mtl
[0.756s] -- Up-to-date: /home/mscrobotics2425laptop35/leo_rover_simulation/ros2_ws/install/leo_gz_worlds/share/leo_gz_worlds/models/marsyard2021_terrain/meshes/rocks_big.obj
[0.756s] -- Up-to-date: /home/mscrobotics2425laptop35/leo_rover_simulation/ros2_ws/install/leo_gz_worlds/share/leo_gz_worlds/models/marsyard2021_terrain/model.sdf
[0.757s] -- Up-to-date: /home/mscrobotics2425laptop35/leo_rover_simulation/ros2_ws/install/leo_gz_worlds/share/leo_gz_worlds/models/marsyard2021_terrain/dem
[0.758s] -- Up-to-date: /home/mscrobotics2425laptop35/leo_rover_simulation/ros2_ws/install/leo_gz_worlds/share/leo_gz_worlds/models/marsyard2021_terrain/dem/flat_normal.png
[0.758s] -- Up-to-date: /home/mscrobotics2425laptop35/leo_rover_simulation/ros2_ws/install/leo_gz_worlds/share/leo_gz_worlds/models/marsyard2021_terrain/dem/marsyard_terrain_texture.png
[0.759s] -- Up-to-date: /home/mscrobotics2425laptop35/leo_rover_simulation/ros2_ws/install/leo_gz_worlds/share/leo_gz_worlds/models/marsyard2021_terrain/dem/marsyard_terrain_hm.png
[0.759s] -- Up-to-date: /home/mscrobotics2425laptop35/leo_rover_simulation/ros2_ws/install/leo_gz_worlds/share/leo_gz_worlds/models/marsyard2021_terrain/dem/marsyard_terrain_hm.tif
[0.760s] -- Up-to-date: /home/mscrobotics2425laptop35/leo_rover_simulation/ros2_ws/install/leo_gz_worlds/share/leo_gz_worlds/models/marsyard2021_terrain/model.config
[0.760s] -- Up-to-date: /home/mscrobotics2425laptop35/leo_rover_simulation/ros2_ws/install/leo_gz_worlds/share/leo_gz_worlds/environment/gz_sim_resource_path.sh
[0.760s] -- Up-to-date: /home/mscrobotics2425laptop35/leo_rover_simulation/ros2_ws/install/leo_gz_worlds/share/leo_gz_worlds/environment/gz_sim_resource_path.dsv
[0.760s] -- Up-to-date: /home/mscrobotics2425laptop35/leo_rover_simulation/ros2_ws/install/leo_gz_worlds/share/ament_index/resource_index/package_run_dependencies/leo_gz_worlds
[0.760s] -- Up-to-date: /home/mscrobotics2425laptop35/leo_rover_simulation/ros2_ws/install/leo_gz_worlds/share/ament_index/resource_index/parent_prefix_path/leo_gz_worlds
[0.760s] -- Up-to-date: /home/mscrobotics2425laptop35/leo_rover_simulation/ros2_ws/install/leo_gz_worlds/share/leo_gz_worlds/environment/ament_prefix_path.sh
[0.764s] -- Up-to-date: /home/mscrobotics2425laptop35/leo_rover_simulation/ros2_ws/install/leo_gz_worlds/share/leo_gz_worlds/environment/ament_prefix_path.dsv
[0.764s] -- Up-to-date: /home/mscrobotics2425laptop35/leo_rover_simulation/ros2_ws/install/leo_gz_worlds/share/leo_gz_worlds/environment/path.sh
[0.765s] -- Up-to-date: /home/mscrobotics2425laptop35/leo_rover_simulation/ros2_ws/install/leo_gz_worlds/share/leo_gz_worlds/environment/path.dsv
[0.765s] -- Up-to-date: /home/mscrobotics2425laptop35/leo_rover_simulation/ros2_ws/install/leo_gz_worlds/share/leo_gz_worlds/local_setup.bash
[0.769s] -- Up-to-date: /home/mscrobotics2425laptop35/leo_rover_simulation/ros2_ws/install/leo_gz_worlds/share/leo_gz_worlds/local_setup.sh
[0.771s] -- Up-to-date: /home/mscrobotics2425laptop35/leo_rover_simulation/ros2_ws/install/leo_gz_worlds/share/leo_gz_worlds/local_setup.zsh
[0.773s] -- Up-to-date: /home/mscrobotics2425laptop35/leo_rover_simulation/ros2_ws/install/leo_gz_worlds/share/leo_gz_worlds/local_setup.dsv
[0.773s] -- Installing: /home/mscrobotics2425laptop35/leo_rover_simulation/ros2_ws/install/leo_gz_worlds/share/leo_gz_worlds/package.dsv
[0.774s] -- Up-to-date: /home/mscrobotics2425laptop35/leo_rover_simulation/ros2_ws/install/leo_gz_worlds/share/ament_index/resource_index/packages/leo_gz_worlds
[0.776s] -- Up-to-date: /home/mscrobotics2425laptop35/leo_rover_simulation/ros2_ws/install/leo_gz_worlds/share/leo_gz_worlds/cmake/leo_gz_worldsConfig.cmake
[0.776s] -- Up-to-date: /home/mscrobotics2425laptop35/leo_rover_simulation/ros2_ws/install/leo_gz_worlds/share/leo_gz_worlds/cmake/leo_gz_worldsConfig-version.cmake
[0.777s] -- Up-to-date: /home/mscrobotics2425laptop35/leo_rover_simulation/ros2_ws/install/leo_gz_worlds/share/leo_gz_worlds/package.xml
[0.813s] Invoked command in '/home/mscrobotics2425laptop35/leo_rover_simulation/ros2_ws/build/leo_gz_worlds' returned '0': CMAKE_PREFIX_PATH=/home/mscrobotics2425laptop35/leo_rover_simulation/ros2_ws/install/leo_navigation_tutorial_ros2:/home/mscrobotics2425laptop35/leo_rover_simulation/ros2_ws/install/leo_simulator:/home/mscrobotics2425laptop35/leo_rover_simulation/ros2_ws/install/leo_gz_bringup:/home/mscrobotics2425laptop35/leo_rover_simulation/ros2_ws/install/leo_gz_plugins:/home/mscrobotics2425laptop35/leo_rover_simulation/ros2_ws/install/leo:/home/mscrobotics2425laptop35/leo_rover_simulation/ros2_ws/install/leo_teleop:/home/mscrobotics2425laptop35/leo_rover_simulation/ros2_ws/install/leo_msgs:/home/mscrobotics2425laptop35/leo_rover_simulation/ros2_ws/install/leo_gz_worlds:/home/mscrobotics2425laptop35/leo_rover_simulation/ros2_ws/install/leo_description:/home/mscrobotics2425laptop35/leo_rover_simulation/ros2_ws/src/leo_common-ros2/leo_description/install/leo_description:/home/mscrobotics2425laptop35/leo_rover_simulation/ros2_ws/install/gui_controller_leo:/home/mscrobotics2425laptop35/ros2_wss/install/map2gazebo:/home/mscrobotics2425laptop35/ros2_wss/install/example_urdf_robot:/home/mscrobotics2425laptop35/ros2_wss/install/example_gz_robot:/home/mscrobotics2425laptop35/ros2_tutorial_workspace/install/the_simplest_python_package:/home/mscrobotics2425laptop35/ros2_tutorial_workspace/install/python_package_with_a_node:/home/mscrobotics2425laptop35/ros2_tutorial_workspace/install/python_package_that_uses_the_library:/home/mscrobotics2425laptop35/ros2_tutorial_workspace/install/python_package_with_a_library:/home/mscrobotics2425laptop35/ros2_tutorial_workspace/install/python_package_that_uses_the_services:/home/mscrobotics2425laptop35/ros2_tutorial_workspace/install/python_package_that_uses_the_messages:/home/mscrobotics2425laptop35/ros2_tutorial_workspace/install/python_package_that_uses_parameters_and_launch_files:/opt/ros/humble:/home/mscrobotics2425laptop35/ros2_wss/install/leo_navigation:/home/mscrobotics2425laptop35/ros2_tutorial_workspace/install/package_with_interfaces /usr/bin/cmake --install /home/mscrobotics2425laptop35/leo_rover_simulation/ros2_ws/build/leo_gz_worlds
