[0.120s] Invoking command in '/home/mscrobotics2425laptop35/leo_rover_simulation/ros2_ws/build/leo_msgs': CMAKE_PREFIX_PATH=/home/mscrobotics2425laptop35/leo_rover_simulation/ros2_ws/install/leo_navigation_tutorial_ros2:/home/mscrobotics2425laptop35/leo_rover_simulation/ros2_ws/install/leo_simulator:/home/mscrobotics2425laptop35/leo_rover_simulation/ros2_ws/install/leo_gz_bringup:/home/mscrobotics2425laptop35/leo_rover_simulation/ros2_ws/install/leo_gz_plugins:/home/mscrobotics2425laptop35/leo_rover_simulation/ros2_ws/install/leo:/home/mscrobotics2425laptop35/leo_rover_simulation/ros2_ws/install/leo_teleop:/home/mscrobotics2425laptop35/leo_rover_simulation/ros2_ws/install/leo_msgs:/home/mscrobotics2425laptop35/leo_rover_simulation/ros2_ws/install/leo_gz_worlds:/home/mscrobotics2425laptop35/leo_rover_simulation/ros2_ws/install/leo_description:/home/mscrobotics2425laptop35/leo_rover_simulation/ros2_ws/src/leo_common-ros2/leo_description/install/leo_description:/home/mscrobotics2425laptop35/leo_rover_simulation/ros2_ws/install/gui_controller_leo:/home/mscrobotics2425laptop35/ros2_wss/install/map2gazebo:/home/mscrobotics2425laptop35/ros2_wss/install/example_urdf_robot:/home/mscrobotics2425laptop35/ros2_wss/install/example_gz_robot:/home/mscrobotics2425laptop35/ros2_tutorial_workspace/install/the_simplest_python_package:/home/mscrobotics2425laptop35/ros2_tutorial_workspace/install/python_package_with_a_node:/home/mscrobotics2425laptop35/ros2_tutorial_workspace/install/python_package_that_uses_the_library:/home/mscrobotics2425laptop35/ros2_tutorial_workspace/install/python_package_with_a_library:/home/mscrobotics2425laptop35/ros2_tutorial_workspace/install/python_package_that_uses_the_services:/home/mscrobotics2425laptop35/ros2_tutorial_workspace/install/python_package_that_uses_the_messages:/home/mscrobotics2425laptop35/ros2_tutorial_workspace/install/python_package_that_uses_parameters_and_launch_files:/opt/ros/humble:/home/mscrobotics2425laptop35/ros2_wss/install/leo_navigation:/home/mscrobotics2425laptop35/ros2_tutorial_workspace/install/package_with_interfaces /usr/bin/cmake --build /home/mscrobotics2425laptop35/leo_rover_simulation/ros2_ws/build/leo_msgs -- -j12 -l12
[1.027s] [  1%] Built target leo_msgs__cpp
[1.027s] [  1%] Built target ament_cmake_python_copy_leo_msgs
[1.027s] [ 12%] Built target leo_msgs__rosidl_typesupport_introspection_cpp
[1.267s] running egg_info
[1.267s] writing leo_msgs.egg-info/PKG-INFO
[1.267s] writing dependency_links to leo_msgs.egg-info/dependency_links.txt
[1.267s] writing top-level names to leo_msgs.egg-info/top_level.txt
[1.268s] reading manifest file 'leo_msgs.egg-info/SOURCES.txt'
[1.268s] writing manifest file 'leo_msgs.egg-info/SOURCES.txt'
[1.347s] [ 12%] Built target ament_cmake_python_build_leo_msgs_egg
[1.430s] [ 23%] Built target leo_msgs__rosidl_typesupport_fastrtps_cpp
[1.499s] [ 34%] Built target leo_msgs__rosidl_typesupport_cpp
[1.577s] [ 46%] Built target leo_msgs__rosidl_generator_c
[1.675s] [ 57%] Built target leo_msgs__rosidl_typesupport_fastrtps_c
[1.738s] [ 68%] Built target leo_msgs__rosidl_typesupport_c
[1.796s] [ 79%] Built target leo_msgs__rosidl_typesupport_introspection_c
[1.847s] [ 79%] Built target leo_msgs
[1.926s] [ 80%] Built target leo_msgs__py
[1.978s] [ 90%] Built target leo_msgs__rosidl_generator_py
[2.058s] [ 93%] Built target leo_msgs__rosidl_typesupport_fastrtps_c__pyext
[2.120s] [ 96%] Built target leo_msgs__rosidl_typesupport_c__pyext
[2.201s] [100%] Built target leo_msgs__rosidl_typesupport_introspection_c__pyext
[2.231s] Invoked command in '/home/mscrobotics2425laptop35/leo_rover_simulation/ros2_ws/build/leo_msgs' returned '0': CMAKE_PREFIX_PATH=/home/mscrobotics2425laptop35/leo_rover_simulation/ros2_ws/install/leo_navigation_tutorial_ros2:/home/mscrobotics2425laptop35/leo_rover_simulation/ros2_ws/install/leo_simulator:/home/mscrobotics2425laptop35/leo_rover_simulation/ros2_ws/install/leo_gz_bringup:/home/mscrobotics2425laptop35/leo_rover_simulation/ros2_ws/install/leo_gz_plugins:/home/mscrobotics2425laptop35/leo_rover_simulation/ros2_ws/install/leo:/home/mscrobotics2425laptop35/leo_rover_simulation/ros2_ws/install/leo_teleop:/home/mscrobotics2425laptop35/leo_rover_simulation/ros2_ws/install/leo_msgs:/home/mscrobotics2425laptop35/leo_rover_simulation/ros2_ws/install/leo_gz_worlds:/home/mscrobotics2425laptop35/leo_rover_simulation/ros2_ws/install/leo_description:/home/mscrobotics2425laptop35/leo_rover_simulation/ros2_ws/src/leo_common-ros2/leo_description/install/leo_description:/home/mscrobotics2425laptop35/leo_rover_simulation/ros2_ws/install/gui_controller_leo:/home/mscrobotics2425laptop35/ros2_wss/install/map2gazebo:/home/mscrobotics2425laptop35/ros2_wss/install/example_urdf_robot:/home/mscrobotics2425laptop35/ros2_wss/install/example_gz_robot:/home/mscrobotics2425laptop35/ros2_tutorial_workspace/install/the_simplest_python_package:/home/mscrobotics2425laptop35/ros2_tutorial_workspace/install/python_package_with_a_node:/home/mscrobotics2425laptop35/ros2_tutorial_workspace/install/python_package_that_uses_the_library:/home/mscrobotics2425laptop35/ros2_tutorial_workspace/install/python_package_with_a_library:/home/mscrobotics2425laptop35/ros2_tutorial_workspace/install/python_package_that_uses_the_services:/home/mscrobotics2425laptop35/ros2_tutorial_workspace/install/python_package_that_uses_the_messages:/home/mscrobotics2425laptop35/ros2_tutorial_workspace/install/python_package_that_uses_parameters_and_launch_files:/opt/ros/humble:/home/mscrobotics2425laptop35/ros2_wss/install/leo_navigation:/home/mscrobotics2425laptop35/ros2_tutorial_workspace/install/package_with_interfaces /usr/bin/cmake --build /home/mscrobotics2425laptop35/leo_rover_simulation/ros2_ws/build/leo_msgs -- -j12 -l12
[2.646s] Invoking command in '/home/mscrobotics2425laptop35/leo_rover_simulation/ros2_ws/build/leo_msgs': CMAKE_PREFIX_PATH=/home/mscrobotics2425laptop35/leo_rover_simulation/ros2_ws/install/leo_navigation_tutorial_ros2:/home/mscrobotics2425laptop35/leo_rover_simulation/ros2_ws/install/leo_simulator:/home/mscrobotics2425laptop35/leo_rover_simulation/ros2_ws/install/leo_gz_bringup:/home/mscrobotics2425laptop35/leo_rover_simulation/ros2_ws/install/leo_gz_plugins:/home/mscrobotics2425laptop35/leo_rover_simulation/ros2_ws/install/leo:/home/mscrobotics2425laptop35/leo_rover_simulation/ros2_ws/install/leo_teleop:/home/mscrobotics2425laptop35/leo_rover_simulation/ros2_ws/install/leo_msgs:/home/mscrobotics2425laptop35/leo_rover_simulation/ros2_ws/install/leo_gz_worlds:/home/mscrobotics2425laptop35/leo_rover_simulation/ros2_ws/install/leo_description:/home/mscrobotics2425laptop35/leo_rover_simulation/ros2_ws/src/leo_common-ros2/leo_description/install/leo_description:/home/mscrobotics2425laptop35/leo_rover_simulation/ros2_ws/install/gui_controller_leo:/home/mscrobotics2425laptop35/ros2_wss/install/map2gazebo:/home/mscrobotics2425laptop35/ros2_wss/install/example_urdf_robot:/home/mscrobotics2425laptop35/ros2_wss/install/example_gz_robot:/home/mscrobotics2425laptop35/ros2_tutorial_workspace/install/the_simplest_python_package:/home/mscrobotics2425laptop35/ros2_tutorial_workspace/install/python_package_with_a_node:/home/mscrobotics2425laptop35/ros2_tutorial_workspace/install/python_package_that_uses_the_library:/home/mscrobotics2425laptop35/ros2_tutorial_workspace/install/python_package_with_a_library:/home/mscrobotics2425laptop35/ros2_tutorial_workspace/install/python_package_that_uses_the_services:/home/mscrobotics2425laptop35/ros2_tutorial_workspace/install/python_package_that_uses_the_messages:/home/mscrobotics2425laptop35/ros2_tutorial_workspace/install/python_package_that_uses_parameters_and_launch_files:/opt/ros/humble:/home/mscrobotics2425laptop35/ros2_wss/install/leo_navigation:/home/mscrobotics2425laptop35/ros2_tutorial_workspace/install/package_with_interfaces /usr/bin/cmake --install /home/mscrobotics2425laptop35/leo_rover_simulation/ros2_ws/build/leo_msgs
[2.675s] -- Install configuration: ""
[2.675s] -- Up-to-date: /home/mscrobotics2425laptop35/leo_rover_simulation/ros2_ws/install/leo_msgs/share/ament_index/resource_index/rosidl_interfaces/leo_msgs
[2.676s] -- Up-to-date: /home/mscrobotics2425laptop35/leo_rover_simulation/ros2_ws/install/leo_msgs/include/leo_msgs/leo_msgs
[2.676s] -- Up-to-date: /home/mscrobotics2425laptop35/leo_rover_simulation/ros2_ws/install/leo_msgs/include/leo_msgs/leo_msgs/msg
[2.676s] -- Up-to-date: /home/mscrobotics2425laptop35/leo_rover_simulation/ros2_ws/install/leo_msgs/include/leo_msgs/leo_msgs/msg/imu.h
[2.676s] -- Up-to-date: /home/mscrobotics2425laptop35/leo_rover_simulation/ros2_ws/install/leo_msgs/include/leo_msgs/leo_msgs/msg/wheel_odom_mecanum.h
[2.676s] -- Up-to-date: /home/mscrobotics2425laptop35/leo_rover_simulation/ros2_ws/install/leo_msgs/include/leo_msgs/leo_msgs/msg/rosidl_generator_c__visibility_control.h
[2.676s] -- Up-to-date: /home/mscrobotics2425laptop35/leo_rover_simulation/ros2_ws/install/leo_msgs/include/leo_msgs/leo_msgs/msg/detail
[2.676s] -- Up-to-date: /home/mscrobotics2425laptop35/leo_rover_simulation/ros2_ws/install/leo_msgs/include/leo_msgs/leo_msgs/msg/detail/wheel_odom__type_support.h
[2.676s] -- Up-to-date: /home/mscrobotics2425laptop35/leo_rover_simulation/ros2_ws/install/leo_msgs/include/leo_msgs/leo_msgs/msg/detail/imu__struct.h
[2.676s] -- Up-to-date: /home/mscrobotics2425laptop35/leo_rover_simulation/ros2_ws/install/leo_msgs/include/leo_msgs/leo_msgs/msg/detail/imu__type_support.h
[2.677s] -- Up-to-date: /home/mscrobotics2425laptop35/leo_rover_simulation/ros2_ws/install/leo_msgs/include/leo_msgs/leo_msgs/msg/detail/wheel_odom__functions.c
[2.677s] -- Up-to-date: /home/mscrobotics2425laptop35/leo_rover_simulation/ros2_ws/install/leo_msgs/include/leo_msgs/leo_msgs/msg/detail/wheel_odom__struct.h
[2.677s] -- Up-to-date: /home/mscrobotics2425laptop35/leo_rover_simulation/ros2_ws/install/leo_msgs/include/leo_msgs/leo_msgs/msg/detail/wheel_odom_mecanum__type_support.h
[2.677s] -- Up-to-date: /home/mscrobotics2425laptop35/leo_rover_simulation/ros2_ws/install/leo_msgs/include/leo_msgs/leo_msgs/msg/detail/wheel_odom_mecanum__functions.h
[2.677s] -- Up-to-date: /home/mscrobotics2425laptop35/leo_rover_simulation/ros2_ws/install/leo_msgs/include/leo_msgs/leo_msgs/msg/detail/imu__functions.h
[2.677s] -- Up-to-date: /home/mscrobotics2425laptop35/leo_rover_simulation/ros2_ws/install/leo_msgs/include/leo_msgs/leo_msgs/msg/detail/wheel_states__struct.h
[2.677s] -- Up-to-date: /home/mscrobotics2425laptop35/leo_rover_simulation/ros2_ws/install/leo_msgs/include/leo_msgs/leo_msgs/msg/detail/wheel_odom_mecanum__struct.h
[2.677s] -- Up-to-date: /home/mscrobotics2425laptop35/leo_rover_simulation/ros2_ws/install/leo_msgs/include/leo_msgs/leo_msgs/msg/detail/wheel_odom_mecanum__functions.c
[2.677s] -- Up-to-date: /home/mscrobotics2425laptop35/leo_rover_simulation/ros2_ws/install/leo_msgs/include/leo_msgs/leo_msgs/msg/detail/wheel_states__type_support.h
[2.677s] -- Up-to-date: /home/mscrobotics2425laptop35/leo_rover_simulation/ros2_ws/install/leo_msgs/include/leo_msgs/leo_msgs/msg/detail/imu__functions.c
[2.678s] -- Up-to-date: /home/mscrobotics2425laptop35/leo_rover_simulation/ros2_ws/install/leo_msgs/include/leo_msgs/leo_msgs/msg/detail/wheel_states__functions.h
[2.678s] -- Up-to-date: /home/mscrobotics2425laptop35/leo_rover_simulation/ros2_ws/install/leo_msgs/include/leo_msgs/leo_msgs/msg/detail/wheel_states__functions.c
[2.678s] -- Up-to-date: /home/mscrobotics2425laptop35/leo_rover_simulation/ros2_ws/install/leo_msgs/include/leo_msgs/leo_msgs/msg/detail/wheel_odom__functions.h
[2.678s] -- Up-to-date: /home/mscrobotics2425laptop35/leo_rover_simulation/ros2_ws/install/leo_msgs/include/leo_msgs/leo_msgs/msg/wheel_states.h
[2.678s] -- Up-to-date: /home/mscrobotics2425laptop35/leo_rover_simulation/ros2_ws/install/leo_msgs/include/leo_msgs/leo_msgs/msg/wheel_odom.h
[2.678s] -- Up-to-date: /home/mscrobotics2425laptop35/leo_rover_simulation/ros2_ws/install/leo_msgs/include/leo_msgs/leo_msgs/srv
[2.678s] -- Up-to-date: /home/mscrobotics2425laptop35/leo_rover_simulation/ros2_ws/install/leo_msgs/include/leo_msgs/leo_msgs/srv/detail
[2.678s] -- Up-to-date: /home/mscrobotics2425laptop35/leo_rover_simulation/ros2_ws/install/leo_msgs/include/leo_msgs/leo_msgs/srv/detail/set_imu_calibration__type_support.h
[2.678s] -- Up-to-date: /home/mscrobotics2425laptop35/leo_rover_simulation/ros2_ws/install/leo_msgs/include/leo_msgs/leo_msgs/srv/detail/set_imu_calibration__functions.h
[2.678s] -- Up-to-date: /home/mscrobotics2425laptop35/leo_rover_simulation/ros2_ws/install/leo_msgs/include/leo_msgs/leo_msgs/srv/detail/set_imu_calibration__struct.h
[2.679s] -- Up-to-date: /home/mscrobotics2425laptop35/leo_rover_simulation/ros2_ws/install/leo_msgs/include/leo_msgs/leo_msgs/srv/detail/set_imu_calibration__functions.c
[2.679s] -- Up-to-date: /home/mscrobotics2425laptop35/leo_rover_simulation/ros2_ws/install/leo_msgs/include/leo_msgs/leo_msgs/srv/set_imu_calibration.h
[2.679s] -- Up-to-date: /home/mscrobotics2425laptop35/leo_rover_simulation/ros2_ws/install/leo_msgs/share/leo_msgs/environment/library_path.sh
[2.679s] -- Up-to-date: /home/mscrobotics2425laptop35/leo_rover_simulation/ros2_ws/install/leo_msgs/share/leo_msgs/environment/library_path.dsv
[2.680s] -- Up-to-date: /home/mscrobotics2425laptop35/leo_rover_simulation/ros2_ws/install/leo_msgs/lib/libleo_msgs__rosidl_generator_c.so
[2.680s] -- Up-to-date: /home/mscrobotics2425laptop35/leo_rover_simulation/ros2_ws/install/leo_msgs/include/leo_msgs/leo_msgs
[2.680s] -- Up-to-date: /home/mscrobotics2425laptop35/leo_rover_simulation/ros2_ws/install/leo_msgs/include/leo_msgs/leo_msgs/msg
[2.680s] -- Up-to-date: /home/mscrobotics2425laptop35/leo_rover_simulation/ros2_ws/install/leo_msgs/include/leo_msgs/leo_msgs/msg/detail
[2.681s] -- Up-to-date: /home/mscrobotics2425laptop35/leo_rover_simulation/ros2_ws/install/leo_msgs/include/leo_msgs/leo_msgs/msg/detail/wheel_odom_mecanum__rosidl_typesupport_fastrtps_c.h
[2.681s] -- Up-to-date: /home/mscrobotics2425laptop35/leo_rover_simulation/ros2_ws/install/leo_msgs/include/leo_msgs/leo_msgs/msg/detail/wheel_states__rosidl_typesupport_fastrtps_c.h
[2.681s] -- Up-to-date: /home/mscrobotics2425laptop35/leo_rover_simulation/ros2_ws/install/leo_msgs/include/leo_msgs/leo_msgs/msg/detail/imu__rosidl_typesupport_fastrtps_c.h
[2.681s] -- Up-to-date: /home/mscrobotics2425laptop35/leo_rover_simulation/ros2_ws/install/leo_msgs/include/leo_msgs/leo_msgs/msg/detail/wheel_odom__rosidl_typesupport_fastrtps_c.h
[2.681s] -- Up-to-date: /home/mscrobotics2425laptop35/leo_rover_simulation/ros2_ws/install/leo_msgs/include/leo_msgs/leo_msgs/msg/rosidl_typesupport_fastrtps_c__visibility_control.h
[2.682s] -- Up-to-date: /home/mscrobotics2425laptop35/leo_rover_simulation/ros2_ws/install/leo_msgs/include/leo_msgs/leo_msgs/srv
[2.682s] -- Up-to-date: /home/mscrobotics2425laptop35/leo_rover_simulation/ros2_ws/install/leo_msgs/include/leo_msgs/leo_msgs/srv/detail
[2.682s] -- Up-to-date: /home/mscrobotics2425laptop35/leo_rover_simulation/ros2_ws/install/leo_msgs/include/leo_msgs/leo_msgs/srv/detail/set_imu_calibration__rosidl_typesupport_fastrtps_c.h
[2.682s] -- Up-to-date: /home/mscrobotics2425laptop35/leo_rover_simulation/ros2_ws/install/leo_msgs/lib/libleo_msgs__rosidl_typesupport_fastrtps_c.so
[2.682s] -- Up-to-date: /home/mscrobotics2425laptop35/leo_rover_simulation/ros2_ws/install/leo_msgs/include/leo_msgs/leo_msgs
[2.682s] -- Up-to-date: /home/mscrobotics2425laptop35/leo_rover_simulation/ros2_ws/install/leo_msgs/include/leo_msgs/leo_msgs/msg
[2.682s] -- Up-to-date: /home/mscrobotics2425laptop35/leo_rover_simulation/ros2_ws/install/leo_msgs/include/leo_msgs/leo_msgs/msg/rosidl_typesupport_introspection_c__visibility_control.h
[2.682s] -- Up-to-date: /home/mscrobotics2425laptop35/leo_rover_simulation/ros2_ws/install/leo_msgs/include/leo_msgs/leo_msgs/msg/detail
[2.683s] -- Up-to-date: /home/mscrobotics2425laptop35/leo_rover_simulation/ros2_ws/install/leo_msgs/include/leo_msgs/leo_msgs/msg/detail/wheel_odom__rosidl_typesupport_introspection_c.h
[2.683s] -- Up-to-date: /home/mscrobotics2425laptop35/leo_rover_simulation/ros2_ws/install/leo_msgs/include/leo_msgs/leo_msgs/msg/detail/wheel_odom_mecanum__type_support.c
[2.683s] -- Up-to-date: /home/mscrobotics2425laptop35/leo_rover_simulation/ros2_ws/install/leo_msgs/include/leo_msgs/leo_msgs/msg/detail/wheel_odom_mecanum__rosidl_typesupport_introspection_c.h
[2.683s] -- Up-to-date: /home/mscrobotics2425laptop35/leo_rover_simulation/ros2_ws/install/leo_msgs/include/leo_msgs/leo_msgs/msg/detail/imu__type_support.c
[2.683s] -- Up-to-date: /home/mscrobotics2425laptop35/leo_rover_simulation/ros2_ws/install/leo_msgs/include/leo_msgs/leo_msgs/msg/detail/wheel_states__rosidl_typesupport_introspection_c.h
[2.684s] -- Up-to-date: /home/mscrobotics2425laptop35/leo_rover_simulation/ros2_ws/install/leo_msgs/include/leo_msgs/leo_msgs/msg/detail/wheel_odom__type_support.c
[2.684s] -- Up-to-date: /home/mscrobotics2425laptop35/leo_rover_simulation/ros2_ws/install/leo_msgs/include/leo_msgs/leo_msgs/msg/detail/imu__rosidl_typesupport_introspection_c.h
[2.684s] -- Up-to-date: /home/mscrobotics2425laptop35/leo_rover_simulation/ros2_ws/install/leo_msgs/include/leo_msgs/leo_msgs/msg/detail/wheel_states__type_support.c
[2.684s] -- Up-to-date: /home/mscrobotics2425laptop35/leo_rover_simulation/ros2_ws/install/leo_msgs/include/leo_msgs/leo_msgs/srv
[2.684s] -- Up-to-date: /home/mscrobotics2425laptop35/leo_rover_simulation/ros2_ws/install/leo_msgs/include/leo_msgs/leo_msgs/srv/detail
[2.684s] -- Up-to-date: /home/mscrobotics2425laptop35/leo_rover_simulation/ros2_ws/install/leo_msgs/include/leo_msgs/leo_msgs/srv/detail/set_imu_calibration__type_support.c
[2.684s] -- Up-to-date: /home/mscrobotics2425laptop35/leo_rover_simulation/ros2_ws/install/leo_msgs/include/leo_msgs/leo_msgs/srv/detail/set_imu_calibration__rosidl_typesupport_introspection_c.h
[2.684s] -- Up-to-date: /home/mscrobotics2425laptop35/leo_rover_simulation/ros2_ws/install/leo_msgs/lib/libleo_msgs__rosidl_typesupport_introspection_c.so
[2.684s] -- Up-to-date: /home/mscrobotics2425laptop35/leo_rover_simulation/ros2_ws/install/leo_msgs/lib/libleo_msgs__rosidl_typesupport_c.so
[2.684s] -- Up-to-date: /home/mscrobotics2425laptop35/leo_rover_simulation/ros2_ws/install/leo_msgs/include/leo_msgs/leo_msgs
[2.685s] -- Up-to-date: /home/mscrobotics2425laptop35/leo_rover_simulation/ros2_ws/install/leo_msgs/include/leo_msgs/leo_msgs/msg
[2.685s] -- Up-to-date: /home/mscrobotics2425laptop35/leo_rover_simulation/ros2_ws/install/leo_msgs/include/leo_msgs/leo_msgs/msg/wheel_states.hpp
[2.685s] -- Up-to-date: /home/mscrobotics2425laptop35/leo_rover_simulation/ros2_ws/install/leo_msgs/include/leo_msgs/leo_msgs/msg/wheel_odom.hpp
[2.685s] -- Up-to-date: /home/mscrobotics2425laptop35/leo_rover_simulation/ros2_ws/install/leo_msgs/include/leo_msgs/leo_msgs/msg/detail
[2.685s] -- Up-to-date: /home/mscrobotics2425laptop35/leo_rover_simulation/ros2_ws/install/leo_msgs/include/leo_msgs/leo_msgs/msg/detail/wheel_odom_mecanum__struct.hpp
[2.685s] -- Up-to-date: /home/mscrobotics2425laptop35/leo_rover_simulation/ros2_ws/install/leo_msgs/include/leo_msgs/leo_msgs/msg/detail/wheel_states__builder.hpp
[2.685s] -- Up-to-date: /home/mscrobotics2425laptop35/leo_rover_simulation/ros2_ws/install/leo_msgs/include/leo_msgs/leo_msgs/msg/detail/imu__builder.hpp
[2.685s] -- Up-to-date: /home/mscrobotics2425laptop35/leo_rover_simulation/ros2_ws/install/leo_msgs/include/leo_msgs/leo_msgs/msg/detail/wheel_odom_mecanum__traits.hpp
[2.685s] -- Up-to-date: /home/mscrobotics2425laptop35/leo_rover_simulation/ros2_ws/install/leo_msgs/include/leo_msgs/leo_msgs/msg/detail/wheel_odom_mecanum__builder.hpp
[2.686s] -- Up-to-date: /home/mscrobotics2425laptop35/leo_rover_simulation/ros2_ws/install/leo_msgs/include/leo_msgs/leo_msgs/msg/detail/wheel_odom__struct.hpp
[2.686s] -- Up-to-date: /home/mscrobotics2425laptop35/leo_rover_simulation/ros2_ws/install/leo_msgs/include/leo_msgs/leo_msgs/msg/detail/wheel_odom__traits.hpp
[2.686s] -- Up-to-date: /home/mscrobotics2425laptop35/leo_rover_simulation/ros2_ws/install/leo_msgs/include/leo_msgs/leo_msgs/msg/detail/imu__traits.hpp
[2.686s] -- Up-to-date: /home/mscrobotics2425laptop35/leo_rover_simulation/ros2_ws/install/leo_msgs/include/leo_msgs/leo_msgs/msg/detail/imu__struct.hpp
[2.686s] -- Up-to-date: /home/mscrobotics2425laptop35/leo_rover_simulation/ros2_ws/install/leo_msgs/include/leo_msgs/leo_msgs/msg/detail/wheel_states__struct.hpp
[2.686s] -- Up-to-date: /home/mscrobotics2425laptop35/leo_rover_simulation/ros2_ws/install/leo_msgs/include/leo_msgs/leo_msgs/msg/detail/wheel_odom__builder.hpp
[2.686s] -- Up-to-date: /home/mscrobotics2425laptop35/leo_rover_simulation/ros2_ws/install/leo_msgs/include/leo_msgs/leo_msgs/msg/detail/wheel_states__traits.hpp
[2.686s] -- Up-to-date: /home/mscrobotics2425laptop35/leo_rover_simulation/ros2_ws/install/leo_msgs/include/leo_msgs/leo_msgs/msg/imu.hpp
[2.686s] -- Up-to-date: /home/mscrobotics2425laptop35/leo_rover_simulation/ros2_ws/install/leo_msgs/include/leo_msgs/leo_msgs/msg/wheel_odom_mecanum.hpp
[2.687s] -- Up-to-date: /home/mscrobotics2425laptop35/leo_rover_simulation/ros2_ws/install/leo_msgs/include/leo_msgs/leo_msgs/srv
[2.687s] -- Up-to-date: /home/mscrobotics2425laptop35/leo_rover_simulation/ros2_ws/install/leo_msgs/include/leo_msgs/leo_msgs/srv/detail
[2.687s] -- Up-to-date: /home/mscrobotics2425laptop35/leo_rover_simulation/ros2_ws/install/leo_msgs/include/leo_msgs/leo_msgs/srv/detail/set_imu_calibration__traits.hpp
[2.687s] -- Up-to-date: /home/mscrobotics2425laptop35/leo_rover_simulation/ros2_ws/install/leo_msgs/include/leo_msgs/leo_msgs/srv/detail/set_imu_calibration__builder.hpp
[2.687s] -- Up-to-date: /home/mscrobotics2425laptop35/leo_rover_simulation/ros2_ws/install/leo_msgs/include/leo_msgs/leo_msgs/srv/detail/set_imu_calibration__struct.hpp
[2.687s] -- Up-to-date: /home/mscrobotics2425laptop35/leo_rover_simulation/ros2_ws/install/leo_msgs/include/leo_msgs/leo_msgs/srv/set_imu_calibration.hpp
[2.688s] -- Up-to-date: /home/mscrobotics2425laptop35/leo_rover_simulation/ros2_ws/install/leo_msgs/include/leo_msgs/leo_msgs
[2.688s] -- Up-to-date: /home/mscrobotics2425laptop35/leo_rover_simulation/ros2_ws/install/leo_msgs/include/leo_msgs/leo_msgs/msg
[2.688s] -- Up-to-date: /home/mscrobotics2425laptop35/leo_rover_simulation/ros2_ws/install/leo_msgs/include/leo_msgs/leo_msgs/msg/detail
[2.688s] -- Up-to-date: /home/mscrobotics2425laptop35/leo_rover_simulation/ros2_ws/install/leo_msgs/include/leo_msgs/leo_msgs/msg/detail/wheel_odom_mecanum__rosidl_typesupport_fastrtps_cpp.hpp
[2.688s] -- Up-to-date: /home/mscrobotics2425laptop35/leo_rover_simulation/ros2_ws/install/leo_msgs/include/leo_msgs/leo_msgs/msg/detail/imu__rosidl_typesupport_fastrtps_cpp.hpp
[2.688s] -- Up-to-date: /home/mscrobotics2425laptop35/leo_rover_simulation/ros2_ws/install/leo_msgs/include/leo_msgs/leo_msgs/msg/detail/wheel_odom__rosidl_typesupport_fastrtps_cpp.hpp
[2.688s] -- Up-to-date: /home/mscrobotics2425laptop35/leo_rover_simulation/ros2_ws/install/leo_msgs/include/leo_msgs/leo_msgs/msg/detail/wheel_states__rosidl_typesupport_fastrtps_cpp.hpp
[2.689s] -- Up-to-date: /home/mscrobotics2425laptop35/leo_rover_simulation/ros2_ws/install/leo_msgs/include/leo_msgs/leo_msgs/msg/detail/dds_fastrtps
[2.689s] -- Up-to-date: /home/mscrobotics2425laptop35/leo_rover_simulation/ros2_ws/install/leo_msgs/include/leo_msgs/leo_msgs/msg/rosidl_typesupport_fastrtps_cpp__visibility_control.h
[2.689s] -- Up-to-date: /home/mscrobotics2425laptop35/leo_rover_simulation/ros2_ws/install/leo_msgs/include/leo_msgs/leo_msgs/srv
[2.689s] -- Up-to-date: /home/mscrobotics2425laptop35/leo_rover_simulation/ros2_ws/install/leo_msgs/include/leo_msgs/leo_msgs/srv/detail
[2.690s] -- Up-to-date: /home/mscrobotics2425laptop35/leo_rover_simulation/ros2_ws/install/leo_msgs/include/leo_msgs/leo_msgs/srv/detail/set_imu_calibration__rosidl_typesupport_fastrtps_cpp.hpp
[2.690s] -- Up-to-date: /home/mscrobotics2425laptop35/leo_rover_simulation/ros2_ws/install/leo_msgs/include/leo_msgs/leo_msgs/srv/detail/dds_fastrtps
[2.690s] -- Up-to-date: /home/mscrobotics2425laptop35/leo_rover_simulation/ros2_ws/install/leo_msgs/lib/libleo_msgs__rosidl_typesupport_fastrtps_cpp.so
[2.690s] -- Up-to-date: /home/mscrobotics2425laptop35/leo_rover_simulation/ros2_ws/install/leo_msgs/include/leo_msgs/leo_msgs
[2.690s] -- Up-to-date: /home/mscrobotics2425laptop35/leo_rover_simulation/ros2_ws/install/leo_msgs/include/leo_msgs/leo_msgs/msg
[2.690s] -- Up-to-date: /home/mscrobotics2425laptop35/leo_rover_simulation/ros2_ws/install/leo_msgs/include/leo_msgs/leo_msgs/msg/detail
[2.690s] -- Up-to-date: /home/mscrobotics2425laptop35/leo_rover_simulation/ros2_ws/install/leo_msgs/include/leo_msgs/leo_msgs/msg/detail/wheel_odom_mecanum__type_support.cpp
[2.690s] -- Up-to-date: /home/mscrobotics2425laptop35/leo_rover_simulation/ros2_ws/install/leo_msgs/include/leo_msgs/leo_msgs/msg/detail/wheel_odom_mecanum__rosidl_typesupport_introspection_cpp.hpp
[2.690s] -- Up-to-date: /home/mscrobotics2425laptop35/leo_rover_simulation/ros2_ws/install/leo_msgs/include/leo_msgs/leo_msgs/msg/detail/wheel_states__rosidl_typesupport_introspection_cpp.hpp
[2.691s] -- Up-to-date: /home/mscrobotics2425laptop35/leo_rover_simulation/ros2_ws/install/leo_msgs/include/leo_msgs/leo_msgs/msg/detail/imu__type_support.cpp
[2.691s] -- Up-to-date: /home/mscrobotics2425laptop35/leo_rover_simulation/ros2_ws/install/leo_msgs/include/leo_msgs/leo_msgs/msg/detail/wheel_odom__type_support.cpp
[2.691s] -- Up-to-date: /home/mscrobotics2425laptop35/leo_rover_simulation/ros2_ws/install/leo_msgs/include/leo_msgs/leo_msgs/msg/detail/wheel_states__type_support.cpp
[2.691s] -- Up-to-date: /home/mscrobotics2425laptop35/leo_rover_simulation/ros2_ws/install/leo_msgs/include/leo_msgs/leo_msgs/msg/detail/imu__rosidl_typesupport_introspection_cpp.hpp
[2.691s] -- Up-to-date: /home/mscrobotics2425laptop35/leo_rover_simulation/ros2_ws/install/leo_msgs/include/leo_msgs/leo_msgs/msg/detail/wheel_odom__rosidl_typesupport_introspection_cpp.hpp
[2.691s] -- Up-to-date: /home/mscrobotics2425laptop35/leo_rover_simulation/ros2_ws/install/leo_msgs/include/leo_msgs/leo_msgs/srv
[2.691s] -- Up-to-date: /home/mscrobotics2425laptop35/leo_rover_simulation/ros2_ws/install/leo_msgs/include/leo_msgs/leo_msgs/srv/detail
[2.691s] -- Up-to-date: /home/mscrobotics2425laptop35/leo_rover_simulation/ros2_ws/install/leo_msgs/include/leo_msgs/leo_msgs/srv/detail/set_imu_calibration__type_support.cpp
[2.691s] -- Up-to-date: /home/mscrobotics2425laptop35/leo_rover_simulation/ros2_ws/install/leo_msgs/include/leo_msgs/leo_msgs/srv/detail/set_imu_calibration__rosidl_typesupport_introspection_cpp.hpp
[2.691s] -- Up-to-date: /home/mscrobotics2425laptop35/leo_rover_simulation/ros2_ws/install/leo_msgs/lib/libleo_msgs__rosidl_typesupport_introspection_cpp.so
[2.692s] -- Up-to-date: /home/mscrobotics2425laptop35/leo_rover_simulation/ros2_ws/install/leo_msgs/lib/libleo_msgs__rosidl_typesupport_cpp.so
[2.692s] -- Up-to-date: /home/mscrobotics2425laptop35/leo_rover_simulation/ros2_ws/install/leo_msgs/share/leo_msgs/environment/pythonpath.sh
[2.692s] -- Up-to-date: /home/mscrobotics2425laptop35/leo_rover_simulation/ros2_ws/install/leo_msgs/share/leo_msgs/environment/pythonpath.dsv
[2.692s] -- Up-to-date: /home/mscrobotics2425laptop35/leo_rover_simulation/ros2_ws/install/leo_msgs/local/lib/python3.10/dist-packages/leo_msgs-1.2.4-py3.10.egg-info
[2.692s] -- Installing: /home/mscrobotics2425laptop35/leo_rover_simulation/ros2_ws/install/leo_msgs/local/lib/python3.10/dist-packages/leo_msgs-1.2.4-py3.10.egg-info/PKG-INFO
[2.692s] -- Installing: /home/mscrobotics2425laptop35/leo_rover_simulation/ros2_ws/install/leo_msgs/local/lib/python3.10/dist-packages/leo_msgs-1.2.4-py3.10.egg-info/SOURCES.txt
[2.692s] -- Installing: /home/mscrobotics2425laptop35/leo_rover_simulation/ros2_ws/install/leo_msgs/local/lib/python3.10/dist-packages/leo_msgs-1.2.4-py3.10.egg-info/top_level.txt
[2.692s] -- Installing: /home/mscrobotics2425laptop35/leo_rover_simulation/ros2_ws/install/leo_msgs/local/lib/python3.10/dist-packages/leo_msgs-1.2.4-py3.10.egg-info/dependency_links.txt
[2.692s] -- Up-to-date: /home/mscrobotics2425laptop35/leo_rover_simulation/ros2_ws/install/leo_msgs/local/lib/python3.10/dist-packages/leo_msgs
[2.692s] -- Up-to-date: /home/mscrobotics2425laptop35/leo_rover_simulation/ros2_ws/install/leo_msgs/local/lib/python3.10/dist-packages/leo_msgs/msg
[2.693s] -- Up-to-date: /home/mscrobotics2425laptop35/leo_rover_simulation/ros2_ws/install/leo_msgs/local/lib/python3.10/dist-packages/leo_msgs/msg/_wheel_odom_mecanum.py
[2.693s] -- Up-to-date: /home/mscrobotics2425laptop35/leo_rover_simulation/ros2_ws/install/leo_msgs/local/lib/python3.10/dist-packages/leo_msgs/msg/_imu_s.c
[2.693s] -- Up-to-date: /home/mscrobotics2425laptop35/leo_rover_simulation/ros2_ws/install/leo_msgs/local/lib/python3.10/dist-packages/leo_msgs/msg/_wheel_odom.py
[2.693s] -- Up-to-date: /home/mscrobotics2425laptop35/leo_rover_simulation/ros2_ws/install/leo_msgs/local/lib/python3.10/dist-packages/leo_msgs/msg/_wheel_states.py
[2.693s] -- Up-to-date: /home/mscrobotics2425laptop35/leo_rover_simulation/ros2_ws/install/leo_msgs/local/lib/python3.10/dist-packages/leo_msgs/msg/_imu.py
[2.693s] -- Up-to-date: /home/mscrobotics2425laptop35/leo_rover_simulation/ros2_ws/install/leo_msgs/local/lib/python3.10/dist-packages/leo_msgs/msg/_wheel_odom_s.c
[2.693s] -- Up-to-date: /home/mscrobotics2425laptop35/leo_rover_simulation/ros2_ws/install/leo_msgs/local/lib/python3.10/dist-packages/leo_msgs/msg/_wheel_odom_mecanum_s.c
[2.693s] -- Up-to-date: /home/mscrobotics2425laptop35/leo_rover_simulation/ros2_ws/install/leo_msgs/local/lib/python3.10/dist-packages/leo_msgs/msg/__init__.py
[2.693s] -- Up-to-date: /home/mscrobotics2425laptop35/leo_rover_simulation/ros2_ws/install/leo_msgs/local/lib/python3.10/dist-packages/leo_msgs/msg/_wheel_states_s.c
[2.693s] -- Up-to-date: /home/mscrobotics2425laptop35/leo_rover_simulation/ros2_ws/install/leo_msgs/local/lib/python3.10/dist-packages/leo_msgs/leo_msgs_s__rosidl_typesupport_c.cpython-310-x86_64-linux-gnu.so
[2.694s] -- Up-to-date: /home/mscrobotics2425laptop35/leo_rover_simulation/ros2_ws/install/leo_msgs/local/lib/python3.10/dist-packages/leo_msgs/leo_msgs_s__rosidl_typesupport_fastrtps_c.cpython-310-x86_64-linux-gnu.so
[2.694s] -- Up-to-date: /home/mscrobotics2425laptop35/leo_rover_simulation/ros2_ws/install/leo_msgs/local/lib/python3.10/dist-packages/leo_msgs/_leo_msgs_s.ep.rosidl_typesupport_fastrtps_c.c
[2.694s] -- Up-to-date: /home/mscrobotics2425laptop35/leo_rover_simulation/ros2_ws/install/leo_msgs/local/lib/python3.10/dist-packages/leo_msgs/libleo_msgs__rosidl_generator_py.so
[2.694s] -- Up-to-date: /home/mscrobotics2425laptop35/leo_rover_simulation/ros2_ws/install/leo_msgs/local/lib/python3.10/dist-packages/leo_msgs/_leo_msgs_s.ep.rosidl_typesupport_c.c
[2.694s] -- Up-to-date: /home/mscrobotics2425laptop35/leo_rover_simulation/ros2_ws/install/leo_msgs/local/lib/python3.10/dist-packages/leo_msgs/_leo_msgs_s.ep.rosidl_typesupport_introspection_c.c
[2.694s] -- Up-to-date: /home/mscrobotics2425laptop35/leo_rover_simulation/ros2_ws/install/leo_msgs/local/lib/python3.10/dist-packages/leo_msgs/srv
[2.694s] -- Up-to-date: /home/mscrobotics2425laptop35/leo_rover_simulation/ros2_ws/install/leo_msgs/local/lib/python3.10/dist-packages/leo_msgs/srv/_set_imu_calibration.py
[2.695s] -- Up-to-date: /home/mscrobotics2425laptop35/leo_rover_simulation/ros2_ws/install/leo_msgs/local/lib/python3.10/dist-packages/leo_msgs/srv/_set_imu_calibration_s.c
[2.695s] -- Up-to-date: /home/mscrobotics2425laptop35/leo_rover_simulation/ros2_ws/install/leo_msgs/local/lib/python3.10/dist-packages/leo_msgs/srv/__init__.py
[2.695s] -- Up-to-date: /home/mscrobotics2425laptop35/leo_rover_simulation/ros2_ws/install/leo_msgs/local/lib/python3.10/dist-packages/leo_msgs/leo_msgs_s__rosidl_typesupport_introspection_c.cpython-310-x86_64-linux-gnu.so
[2.695s] -- Up-to-date: /home/mscrobotics2425laptop35/leo_rover_simulation/ros2_ws/install/leo_msgs/local/lib/python3.10/dist-packages/leo_msgs/__init__.py
[2.806s] Listing '/home/mscrobotics2425laptop35/leo_rover_simulation/ros2_ws/install/leo_msgs/local/lib/python3.10/dist-packages/leo_msgs'...
[2.807s] Listing '/home/mscrobotics2425laptop35/leo_rover_simulation/ros2_ws/install/leo_msgs/local/lib/python3.10/dist-packages/leo_msgs/msg'...
[2.807s] Listing '/home/mscrobotics2425laptop35/leo_rover_simulation/ros2_ws/install/leo_msgs/local/lib/python3.10/dist-packages/leo_msgs/srv'...
[2.820s] -- Up-to-date: /home/mscrobotics2425laptop35/leo_rover_simulation/ros2_ws/install/leo_msgs/local/lib/python3.10/dist-packages/leo_msgs/leo_msgs_s__rosidl_typesupport_fastrtps_c.cpython-310-x86_64-linux-gnu.so
[2.821s] -- Up-to-date: /home/mscrobotics2425laptop35/leo_rover_simulation/ros2_ws/install/leo_msgs/local/lib/python3.10/dist-packages/leo_msgs/leo_msgs_s__rosidl_typesupport_introspection_c.cpython-310-x86_64-linux-gnu.so
[2.822s] -- Up-to-date: /home/mscrobotics2425laptop35/leo_rover_simulation/ros2_ws/install/leo_msgs/local/lib/python3.10/dist-packages/leo_msgs/leo_msgs_s__rosidl_typesupport_c.cpython-310-x86_64-linux-gnu.so
[2.822s] -- Up-to-date: /home/mscrobotics2425laptop35/leo_rover_simulation/ros2_ws/install/leo_msgs/lib/libleo_msgs__rosidl_generator_py.so
[2.823s] -- Up-to-date: /home/mscrobotics2425laptop35/leo_rover_simulation/ros2_ws/install/leo_msgs/share/leo_msgs/msg/Imu.idl
[2.823s] -- Up-to-date: /home/mscrobotics2425laptop35/leo_rover_simulation/ros2_ws/install/leo_msgs/share/leo_msgs/msg/WheelOdom.idl
[2.824s] -- Up-to-date: /home/mscrobotics2425laptop35/leo_rover_simulation/ros2_ws/install/leo_msgs/share/leo_msgs/msg/WheelOdomMecanum.idl
[2.824s] -- Up-to-date: /home/mscrobotics2425laptop35/leo_rover_simulation/ros2_ws/install/leo_msgs/share/leo_msgs/msg/WheelStates.idl
[2.824s] -- Up-to-date: /home/mscrobotics2425laptop35/leo_rover_simulation/ros2_ws/install/leo_msgs/share/leo_msgs/srv/SetImuCalibration.idl
[2.824s] -- Up-to-date: /home/mscrobotics2425laptop35/leo_rover_simulation/ros2_ws/install/leo_msgs/share/leo_msgs/msg/Imu.msg
[2.825s] -- Up-to-date: /home/mscrobotics2425laptop35/leo_rover_simulation/ros2_ws/install/leo_msgs/share/leo_msgs/msg/WheelOdom.msg
[2.825s] -- Up-to-date: /home/mscrobotics2425laptop35/leo_rover_simulation/ros2_ws/install/leo_msgs/share/leo_msgs/msg/WheelOdomMecanum.msg
[2.825s] -- Up-to-date: /home/mscrobotics2425laptop35/leo_rover_simulation/ros2_ws/install/leo_msgs/share/leo_msgs/msg/WheelStates.msg
[2.826s] -- Up-to-date: /home/mscrobotics2425laptop35/leo_rover_simulation/ros2_ws/install/leo_msgs/share/leo_msgs/srv/SetImuCalibration.srv
[2.826s] -- Up-to-date: /home/mscrobotics2425laptop35/leo_rover_simulation/ros2_ws/install/leo_msgs/share/leo_msgs/srv/SetImuCalibration_Request.msg
[2.826s] -- Up-to-date: /home/mscrobotics2425laptop35/leo_rover_simulation/ros2_ws/install/leo_msgs/share/leo_msgs/srv/SetImuCalibration_Response.msg
[2.826s] -- Up-to-date: /home/mscrobotics2425laptop35/leo_rover_simulation/ros2_ws/install/leo_msgs/share/ament_index/resource_index/package_run_dependencies/leo_msgs
[2.826s] -- Up-to-date: /home/mscrobotics2425laptop35/leo_rover_simulation/ros2_ws/install/leo_msgs/share/ament_index/resource_index/parent_prefix_path/leo_msgs
[2.827s] -- Up-to-date: /home/mscrobotics2425laptop35/leo_rover_simulation/ros2_ws/install/leo_msgs/share/leo_msgs/environment/ament_prefix_path.sh
[2.827s] -- Up-to-date: /home/mscrobotics2425laptop35/leo_rover_simulation/ros2_ws/install/leo_msgs/share/leo_msgs/environment/ament_prefix_path.dsv
[2.827s] -- Up-to-date: /home/mscrobotics2425laptop35/leo_rover_simulation/ros2_ws/install/leo_msgs/share/leo_msgs/environment/path.sh
[2.828s] -- Up-to-date: /home/mscrobotics2425laptop35/leo_rover_simulation/ros2_ws/install/leo_msgs/share/leo_msgs/environment/path.dsv
[2.828s] -- Up-to-date: /home/mscrobotics2425laptop35/leo_rover_simulation/ros2_ws/install/leo_msgs/share/leo_msgs/local_setup.bash
[2.828s] -- Up-to-date: /home/mscrobotics2425laptop35/leo_rover_simulation/ros2_ws/install/leo_msgs/share/leo_msgs/local_setup.sh
[2.828s] -- Up-to-date: /home/mscrobotics2425laptop35/leo_rover_simulation/ros2_ws/install/leo_msgs/share/leo_msgs/local_setup.zsh
[2.828s] -- Up-to-date: /home/mscrobotics2425laptop35/leo_rover_simulation/ros2_ws/install/leo_msgs/share/leo_msgs/local_setup.dsv
[2.828s] -- Installing: /home/mscrobotics2425laptop35/leo_rover_simulation/ros2_ws/install/leo_msgs/share/leo_msgs/package.dsv
[2.828s] -- Up-to-date: /home/mscrobotics2425laptop35/leo_rover_simulation/ros2_ws/install/leo_msgs/share/ament_index/resource_index/packages/leo_msgs
[2.828s] -- Up-to-date: /home/mscrobotics2425laptop35/leo_rover_simulation/ros2_ws/install/leo_msgs/share/leo_msgs/cmake/export_leo_msgs__rosidl_generator_cExport.cmake
[2.828s] -- Up-to-date: /home/mscrobotics2425laptop35/leo_rover_simulation/ros2_ws/install/leo_msgs/share/leo_msgs/cmake/export_leo_msgs__rosidl_generator_cExport-noconfig.cmake
[2.828s] -- Up-to-date: /home/mscrobotics2425laptop35/leo_rover_simulation/ros2_ws/install/leo_msgs/share/leo_msgs/cmake/export_leo_msgs__rosidl_typesupport_fastrtps_cExport.cmake
[2.828s] -- Up-to-date: /home/mscrobotics2425laptop35/leo_rover_simulation/ros2_ws/install/leo_msgs/share/leo_msgs/cmake/export_leo_msgs__rosidl_typesupport_fastrtps_cExport-noconfig.cmake
[2.829s] -- Up-to-date: /home/mscrobotics2425laptop35/leo_rover_simulation/ros2_ws/install/leo_msgs/share/leo_msgs/cmake/leo_msgs__rosidl_typesupport_introspection_cExport.cmake
[2.829s] -- Up-to-date: /home/mscrobotics2425laptop35/leo_rover_simulation/ros2_ws/install/leo_msgs/share/leo_msgs/cmake/leo_msgs__rosidl_typesupport_introspection_cExport-noconfig.cmake
[2.829s] -- Up-to-date: /home/mscrobotics2425laptop35/leo_rover_simulation/ros2_ws/install/leo_msgs/share/leo_msgs/cmake/leo_msgs__rosidl_typesupport_cExport.cmake
[2.829s] -- Up-to-date: /home/mscrobotics2425laptop35/leo_rover_simulation/ros2_ws/install/leo_msgs/share/leo_msgs/cmake/leo_msgs__rosidl_typesupport_cExport-noconfig.cmake
[2.829s] -- Up-to-date: /home/mscrobotics2425laptop35/leo_rover_simulation/ros2_ws/install/leo_msgs/share/leo_msgs/cmake/export_leo_msgs__rosidl_generator_cppExport.cmake
[2.829s] -- Up-to-date: /home/mscrobotics2425laptop35/leo_rover_simulation/ros2_ws/install/leo_msgs/share/leo_msgs/cmake/export_leo_msgs__rosidl_typesupport_fastrtps_cppExport.cmake
[2.829s] -- Up-to-date: /home/mscrobotics2425laptop35/leo_rover_simulation/ros2_ws/install/leo_msgs/share/leo_msgs/cmake/export_leo_msgs__rosidl_typesupport_fastrtps_cppExport-noconfig.cmake
[2.829s] -- Up-to-date: /home/mscrobotics2425laptop35/leo_rover_simulation/ros2_ws/install/leo_msgs/share/leo_msgs/cmake/leo_msgs__rosidl_typesupport_introspection_cppExport.cmake
[2.829s] -- Up-to-date: /home/mscrobotics2425laptop35/leo_rover_simulation/ros2_ws/install/leo_msgs/share/leo_msgs/cmake/leo_msgs__rosidl_typesupport_introspection_cppExport-noconfig.cmake
[2.830s] -- Up-to-date: /home/mscrobotics2425laptop35/leo_rover_simulation/ros2_ws/install/leo_msgs/share/leo_msgs/cmake/leo_msgs__rosidl_typesupport_cppExport.cmake
[2.830s] -- Up-to-date: /home/mscrobotics2425laptop35/leo_rover_simulation/ros2_ws/install/leo_msgs/share/leo_msgs/cmake/leo_msgs__rosidl_typesupport_cppExport-noconfig.cmake
[2.830s] -- Up-to-date: /home/mscrobotics2425laptop35/leo_rover_simulation/ros2_ws/install/leo_msgs/share/leo_msgs/cmake/export_leo_msgs__rosidl_generator_pyExport.cmake
[2.830s] -- Up-to-date: /home/mscrobotics2425laptop35/leo_rover_simulation/ros2_ws/install/leo_msgs/share/leo_msgs/cmake/export_leo_msgs__rosidl_generator_pyExport-noconfig.cmake
[2.830s] -- Up-to-date: /home/mscrobotics2425laptop35/leo_rover_simulation/ros2_ws/install/leo_msgs/share/leo_msgs/cmake/rosidl_cmake-extras.cmake
[2.830s] -- Up-to-date: /home/mscrobotics2425laptop35/leo_rover_simulation/ros2_ws/install/leo_msgs/share/leo_msgs/cmake/ament_cmake_export_dependencies-extras.cmake
[2.830s] -- Up-to-date: /home/mscrobotics2425laptop35/leo_rover_simulation/ros2_ws/install/leo_msgs/share/leo_msgs/cmake/ament_cmake_export_include_directories-extras.cmake
[2.830s] -- Up-to-date: /home/mscrobotics2425laptop35/leo_rover_simulation/ros2_ws/install/leo_msgs/share/leo_msgs/cmake/ament_cmake_export_libraries-extras.cmake
[2.830s] -- Up-to-date: /home/mscrobotics2425laptop35/leo_rover_simulation/ros2_ws/install/leo_msgs/share/leo_msgs/cmake/ament_cmake_export_targets-extras.cmake
[2.830s] -- Up-to-date: /home/mscrobotics2425laptop35/leo_rover_simulation/ros2_ws/install/leo_msgs/share/leo_msgs/cmake/rosidl_cmake_export_typesupport_targets-extras.cmake
[2.830s] -- Up-to-date: /home/mscrobotics2425laptop35/leo_rover_simulation/ros2_ws/install/leo_msgs/share/leo_msgs/cmake/rosidl_cmake_export_typesupport_libraries-extras.cmake
[2.830s] -- Up-to-date: /home/mscrobotics2425laptop35/leo_rover_simulation/ros2_ws/install/leo_msgs/share/leo_msgs/cmake/leo_msgsConfig.cmake
[2.831s] -- Up-to-date: /home/mscrobotics2425laptop35/leo_rover_simulation/ros2_ws/install/leo_msgs/share/leo_msgs/cmake/leo_msgsConfig-version.cmake
[2.831s] -- Up-to-date: /home/mscrobotics2425laptop35/leo_rover_simulation/ros2_ws/install/leo_msgs/share/leo_msgs/package.xml
[2.837s] Invoked command in '/home/mscrobotics2425laptop35/leo_rover_simulation/ros2_ws/build/leo_msgs' returned '0': CMAKE_PREFIX_PATH=/home/mscrobotics2425laptop35/leo_rover_simulation/ros2_ws/install/leo_navigation_tutorial_ros2:/home/mscrobotics2425laptop35/leo_rover_simulation/ros2_ws/install/leo_simulator:/home/mscrobotics2425laptop35/leo_rover_simulation/ros2_ws/install/leo_gz_bringup:/home/mscrobotics2425laptop35/leo_rover_simulation/ros2_ws/install/leo_gz_plugins:/home/mscrobotics2425laptop35/leo_rover_simulation/ros2_ws/install/leo:/home/mscrobotics2425laptop35/leo_rover_simulation/ros2_ws/install/leo_teleop:/home/mscrobotics2425laptop35/leo_rover_simulation/ros2_ws/install/leo_msgs:/home/mscrobotics2425laptop35/leo_rover_simulation/ros2_ws/install/leo_gz_worlds:/home/mscrobotics2425laptop35/leo_rover_simulation/ros2_ws/install/leo_description:/home/mscrobotics2425laptop35/leo_rover_simulation/ros2_ws/src/leo_common-ros2/leo_description/install/leo_description:/home/mscrobotics2425laptop35/leo_rover_simulation/ros2_ws/install/gui_controller_leo:/home/mscrobotics2425laptop35/ros2_wss/install/map2gazebo:/home/mscrobotics2425laptop35/ros2_wss/install/example_urdf_robot:/home/mscrobotics2425laptop35/ros2_wss/install/example_gz_robot:/home/mscrobotics2425laptop35/ros2_tutorial_workspace/install/the_simplest_python_package:/home/mscrobotics2425laptop35/ros2_tutorial_workspace/install/python_package_with_a_node:/home/mscrobotics2425laptop35/ros2_tutorial_workspace/install/python_package_that_uses_the_library:/home/mscrobotics2425laptop35/ros2_tutorial_workspace/install/python_package_with_a_library:/home/mscrobotics2425laptop35/ros2_tutorial_workspace/install/python_package_that_uses_the_services:/home/mscrobotics2425laptop35/ros2_tutorial_workspace/install/python_package_that_uses_the_messages:/home/mscrobotics2425laptop35/ros2_tutorial_workspace/install/python_package_that_uses_parameters_and_launch_files:/opt/ros/humble:/home/mscrobotics2425laptop35/ros2_wss/install/leo_navigation:/home/mscrobotics2425laptop35/ros2_tutorial_workspace/install/package_with_interfaces /usr/bin/cmake --install /home/mscrobotics2425laptop35/leo_rover_simulation/ros2_ws/build/leo_msgs
